---------------------------------------------------------------
[ 2018-04-09T21:48:50+08:00 ] 0.0.0.0 GET /public/admin/cate/lst.html
[ info ] tp2.com/public/admin/cate/lst.html [运行时间：0.349113s][吞吐率：2.86req/s] [内存消耗：3,313.12kb] [文件加载：58]
[ info ] [ LANG ] /Volumes/HighSierraFile/HighSierraFile/www/new/tp2/thinkphp/lang/zh-cn.php
[ info ] [ ROUTE ] array (
  'type' => 'module',
  'module' => 
  array (
    0 => 'admin',
    1 => 'cate',
    2 => 'lst',
  ),
)
[ info ] [ HEADER ] array (
  'host' => 'tp2.com',
  'connection' => 'keep-alive',
  'cache-control' => 'max-age=0',
  'upgrade-insecure-requests' => '1',
  'user-agent' => 'Mozilla/5.0 (Macintosh; Intel Mac OS X 10_13_4) AppleWebKit/537.36 (KHTML, like Gecko) Chrome/65.0.3325.181 Safari/537.36',
  'accept' => 'text/html,application/xhtml+xml,application/xml;q=0.9,image/webp,image/apng,*/*;q=0.8',
  'referer' => 'http://tp2.com/public/admin/cate/add.html',
  'accept-encoding' => 'gzip, deflate',
  'accept-language' => 'zh-CN,zh;q=0.9',
  'cookie' => 'PHPSESSID=b6c514437e76c09636de1fa7af36be21',
)
[ info ] [ PARAM ] array (
)
[ info ] [ SESSION ] INIT array (
  'id' => '',
  'var_session_id' => '',
  'prefix' => 'think',
  'type' => '',
  'auto_start' => true,
)
[ info ] [ RUN ] app\admin\controller\Cate->lst[ /Volumes/HighSierraFile/HighSierraFile/www/new/tp2/application/admin/controller/Cate.php ]
[ info ] [ DB ] INIT mysql
[ info ] [ VIEW ] /Volumes/HighSierraFile/HighSierraFile/www/new/tp2/public/../application/admin/view/cate/lst.htm [ array (
  0 => 'cateres',
) ]
[ info ] [ LOG ] INIT File
[ sql ] [ DB ] CONNECT:[ UseTime:0.000611s ] mysql:host=127.0.0.1;dbname=bick;charset=utf8
[ sql ] [ SQL ] SHOW COLUMNS FROM `bk_cate` [ RunTime:0.009535s ]
[ sql ] [ SQL ] SELECT * FROM `bk_cate` [ RunTime:0.000454s ]
---------------------------------------------------------------
[ 2018-04-09T21:48:50+08:00 ] 0.0.0.0 GET /public/static/admin/fonts/fontawesome-webfont.woff2?v=4.3.0
[ info ] tp2.com/public/static/admin/fonts/fontawesome-webfont.woff2?v=4.3.0 [运行时间：0.072732s][吞吐率：13.75req/s] [内存消耗：1,512.19kb] [文件加载：38]
[ info ] [ LANG ] /Volumes/HighSierraFile/HighSierraFile/www/new/tp2/thinkphp/lang/zh-cn.php
[ info ] [ ROUTE ] array (
  'type' => 'module',
  'module' => 
  array (
    0 => 'static',
    1 => 'admin',
    2 => 'fonts',
  ),
)
[ info ] [ HEADER ] array (
  'host' => 'tp2.com',
  'connection' => 'keep-alive',
  'origin' => 'http://tp2.com',
  'user-agent' => 'Mozilla/5.0 (Macintosh; Intel Mac OS X 10_13_4) AppleWebKit/537.36 (KHTML, like Gecko) Chrome/65.0.3325.181 Safari/537.36',
  'accept' => '*/*',
  'referer' => 'http://tp2.com/public/static/admin/style/font-awesome.css',
  'accept-encoding' => 'gzip, deflate',
  'accept-language' => 'zh-CN,zh;q=0.9',
  'cookie' => 'PHPSESSID=b6c514437e76c09636de1fa7af36be21',
)
[ info ] [ PARAM ] array (
  'v' => '4.3.0',
)
[ info ] [ LOG ] INIT File
---------------------------------------------------------------
[ 2018-04-09T21:49:12+08:00 ] 0.0.0.0 GET /public/admin/cate/lst.html
[ info ] tp2.com/public/admin/cate/lst.html [运行时间：0.055912s][吞吐率：17.89req/s] [内存消耗：3,140.48kb] [文件加载：56]
[ info ] [ LANG ] /Volumes/HighSierraFile/HighSierraFile/www/new/tp2/thinkphp/lang/zh-cn.php
[ info ] [ ROUTE ] array (
  'type' => 'module',
  'module' => 
  array (
    0 => 'admin',
    1 => 'cate',
    2 => 'lst',
  ),
)
[ info ] [ HEADER ] array (
  'host' => 'tp2.com',
  'connection' => 'keep-alive',
  'upgrade-insecure-requests' => '1',
  'user-agent' => 'Mozilla/5.0 (Macintosh; Intel Mac OS X 10_13_4) AppleWebKit/537.36 (KHTML, like Gecko) Chrome/65.0.3325.181 Safari/537.36',
  'accept' => 'text/html,application/xhtml+xml,application/xml;q=0.9,image/webp,image/apng,*/*;q=0.8',
  'referer' => 'http://tp2.com/public/admin/cate/add.html',
  'accept-encoding' => 'gzip, deflate',
  'accept-language' => 'zh-CN,zh;q=0.9',
  'cookie' => 'PHPSESSID=b6c514437e76c09636de1fa7af36be21',
)
[ info ] [ PARAM ] array (
)
[ info ] [ SESSION ] INIT array (
  'id' => '',
  'var_session_id' => '',
  'prefix' => 'think',
  'type' => '',
  'auto_start' => true,
)
[ info ] [ RUN ] app\admin\controller\Cate->lst[ /Volumes/HighSierraFile/HighSierraFile/www/new/tp2/application/admin/controller/Cate.php ]
[ info ] [ DB ] INIT mysql
[ info ] [ VIEW ] /Volumes/HighSierraFile/HighSierraFile/www/new/tp2/public/../application/admin/view/cate/lst.htm [ array (
  0 => 'cateres',
) ]
[ info ] [ LOG ] INIT File
[ sql ] [ DB ] CONNECT:[ UseTime:0.000615s ] mysql:host=127.0.0.1;dbname=bick;charset=utf8
[ sql ] [ SQL ] SHOW COLUMNS FROM `bk_cate` [ RunTime:0.010532s ]
[ sql ] [ SQL ] SELECT * FROM `bk_cate` [ RunTime:0.000628s ]
---------------------------------------------------------------
[ 2018-04-09T21:49:12+08:00 ] 0.0.0.0 GET /public/static/admin/fonts/fontawesome-webfont.woff2?v=4.3.0
[ info ] tp2.com/public/static/admin/fonts/fontawesome-webfont.woff2?v=4.3.0 [运行时间：0.035864s][吞吐率：27.88req/s] [内存消耗：1,512.19kb] [文件加载：38]
[ info ] [ LANG ] /Volumes/HighSierraFile/HighSierraFile/www/new/tp2/thinkphp/lang/zh-cn.php
[ info ] [ ROUTE ] array (
  'type' => 'module',
  'module' => 
  array (
    0 => 'static',
    1 => 'admin',
    2 => 'fonts',
  ),
)
[ info ] [ HEADER ] array (
  'host' => 'tp2.com',
  'connection' => 'keep-alive',
  'origin' => 'http://tp2.com',
  'user-agent' => 'Mozilla/5.0 (Macintosh; Intel Mac OS X 10_13_4) AppleWebKit/537.36 (KHTML, like Gecko) Chrome/65.0.3325.181 Safari/537.36',
  'accept' => '*/*',
  'referer' => 'http://tp2.com/public/static/admin/style/font-awesome.css',
  'accept-encoding' => 'gzip, deflate',
  'accept-language' => 'zh-CN,zh;q=0.9',
  'cookie' => 'PHPSESSID=b6c514437e76c09636de1fa7af36be21',
)
[ info ] [ PARAM ] array (
  'v' => '4.3.0',
)
[ info ] [ LOG ] INIT File
---------------------------------------------------------------
[ 2018-04-09T21:50:05+08:00 ] 0.0.0.0 GET /public/admin/cate/lst.html
[ info ] tp2.com/public/admin/cate/lst.html [运行时间：0.057646s][吞吐率：17.35req/s] [内存消耗：3,140.72kb] [文件加载：56]
[ info ] [ LANG ] /Volumes/HighSierraFile/HighSierraFile/www/new/tp2/thinkphp/lang/zh-cn.php
[ info ] [ ROUTE ] array (
  'type' => 'module',
  'module' => 
  array (
    0 => 'admin',
    1 => 'cate',
    2 => 'lst',
  ),
)
[ info ] [ HEADER ] array (
  'host' => 'tp2.com',
  'connection' => 'keep-alive',
  'cache-control' => 'max-age=0',
  'upgrade-insecure-requests' => '1',
  'user-agent' => 'Mozilla/5.0 (Macintosh; Intel Mac OS X 10_13_4) AppleWebKit/537.36 (KHTML, like Gecko) Chrome/65.0.3325.181 Safari/537.36',
  'accept' => 'text/html,application/xhtml+xml,application/xml;q=0.9,image/webp,image/apng,*/*;q=0.8',
  'referer' => 'http://tp2.com/public/admin/cate/add.html',
  'accept-encoding' => 'gzip, deflate',
  'accept-language' => 'zh-CN,zh;q=0.9',
  'cookie' => 'PHPSESSID=b6c514437e76c09636de1fa7af36be21',
)
[ info ] [ PARAM ] array (
)
[ info ] [ SESSION ] INIT array (
  'id' => '',
  'var_session_id' => '',
  'prefix' => 'think',
  'type' => '',
  'auto_start' => true,
)
[ info ] [ RUN ] app\admin\controller\Cate->lst[ /Volumes/HighSierraFile/HighSierraFile/www/new/tp2/application/admin/controller/Cate.php ]
[ info ] [ DB ] INIT mysql
[ info ] [ VIEW ] /Volumes/HighSierraFile/HighSierraFile/www/new/tp2/public/../application/admin/view/cate/lst.htm [ array (
  0 => 'cateres',
) ]
[ info ] [ LOG ] INIT File
[ sql ] [ DB ] CONNECT:[ UseTime:0.000649s ] mysql:host=127.0.0.1;dbname=bick;charset=utf8
[ sql ] [ SQL ] SHOW COLUMNS FROM `bk_cate` [ RunTime:0.011423s ]
[ sql ] [ SQL ] SELECT * FROM `bk_cate` [ RunTime:0.000551s ]
---------------------------------------------------------------
[ 2018-04-09T21:50:05+08:00 ] 0.0.0.0 GET /public/static/admin/fonts/fontawesome-webfont.woff2?v=4.3.0
[ info ] tp2.com/public/static/admin/fonts/fontawesome-webfont.woff2?v=4.3.0 [运行时间：0.034398s][吞吐率：29.07req/s] [内存消耗：1,512.19kb] [文件加载：38]
[ info ] [ LANG ] /Volumes/HighSierraFile/HighSierraFile/www/new/tp2/thinkphp/lang/zh-cn.php
[ info ] [ ROUTE ] array (
  'type' => 'module',
  'module' => 
  array (
    0 => 'static',
    1 => 'admin',
    2 => 'fonts',
  ),
)
[ info ] [ HEADER ] array (
  'host' => 'tp2.com',
  'connection' => 'keep-alive',
  'origin' => 'http://tp2.com',
  'user-agent' => 'Mozilla/5.0 (Macintosh; Intel Mac OS X 10_13_4) AppleWebKit/537.36 (KHTML, like Gecko) Chrome/65.0.3325.181 Safari/537.36',
  'accept' => '*/*',
  'referer' => 'http://tp2.com/public/static/admin/style/font-awesome.css',
  'accept-encoding' => 'gzip, deflate',
  'accept-language' => 'zh-CN,zh;q=0.9',
  'cookie' => 'PHPSESSID=b6c514437e76c09636de1fa7af36be21',
)
[ info ] [ PARAM ] array (
  'v' => '4.3.0',
)
[ info ] [ LOG ] INIT File
---------------------------------------------------------------
[ 2018-04-09T21:50:08+08:00 ] 0.0.0.0 GET /public/admin/cate/del/id/16.html
[ info ] tp2.com/public/admin/cate/del/id/16.html [运行时间：0.032249s][吞吐率：31.01req/s] [内存消耗：1,759.45kb] [文件加载：43]
[ info ] [ LANG ] /Volumes/HighSierraFile/HighSierraFile/www/new/tp2/thinkphp/lang/zh-cn.php
[ info ] [ ROUTE ] array (
  'type' => 'module',
  'module' => 
  array (
    0 => 'admin',
    1 => 'cate',
    2 => 'del',
  ),
)
[ info ] [ HEADER ] array (
  'host' => 'tp2.com',
  'connection' => 'keep-alive',
  'upgrade-insecure-requests' => '1',
  'user-agent' => 'Mozilla/5.0 (Macintosh; Intel Mac OS X 10_13_4) AppleWebKit/537.36 (KHTML, like Gecko) Chrome/65.0.3325.181 Safari/537.36',
  'accept' => 'text/html,application/xhtml+xml,application/xml;q=0.9,image/webp,image/apng,*/*;q=0.8',
  'referer' => 'http://tp2.com/public/admin/cate/lst.html',
  'accept-encoding' => 'gzip, deflate',
  'accept-language' => 'zh-CN,zh;q=0.9',
  'cookie' => 'PHPSESSID=b6c514437e76c09636de1fa7af36be21',
)
[ info ] [ PARAM ] array (
  'id' => '16',
)
[ info ] [ SESSION ] INIT array (
  'id' => '',
  'var_session_id' => '',
  'prefix' => 'think',
  'type' => '',
  'auto_start' => true,
)
[ info ] [ LOG ] INIT File
---------------------------------------------------------------
[ 2018-04-09T21:50:15+08:00 ] 0.0.0.0 GET /public/admin/cate/lst.html
[ info ] tp2.com/public/admin/cate/lst.html [运行时间：0.055894s][吞吐率：17.89req/s] [内存消耗：3,140.48kb] [文件加载：56]
[ info ] [ LANG ] /Volumes/HighSierraFile/HighSierraFile/www/new/tp2/thinkphp/lang/zh-cn.php
[ info ] [ ROUTE ] array (
  'type' => 'module',
  'module' => 
  array (
    0 => 'admin',
    1 => 'cate',
    2 => 'lst',
  ),
)
[ info ] [ HEADER ] array (
  'host' => 'tp2.com',
  'connection' => 'keep-alive',
  'upgrade-insecure-requests' => '1',
  'user-agent' => 'Mozilla/5.0 (Macintosh; Intel Mac OS X 10_13_4) AppleWebKit/537.36 (KHTML, like Gecko) Chrome/65.0.3325.181 Safari/537.36',
  'accept' => 'text/html,application/xhtml+xml,application/xml;q=0.9,image/webp,image/apng,*/*;q=0.8',
  'referer' => 'http://tp2.com/public/admin/cate/add.html',
  'accept-encoding' => 'gzip, deflate',
  'accept-language' => 'zh-CN,zh;q=0.9',
  'cookie' => 'PHPSESSID=b6c514437e76c09636de1fa7af36be21',
)
[ info ] [ PARAM ] array (
)
[ info ] [ SESSION ] INIT array (
  'id' => '',
  'var_session_id' => '',
  'prefix' => 'think',
  'type' => '',
  'auto_start' => true,
)
[ info ] [ RUN ] app\admin\controller\Cate->lst[ /Volumes/HighSierraFile/HighSierraFile/www/new/tp2/application/admin/controller/Cate.php ]
[ info ] [ DB ] INIT mysql
[ info ] [ VIEW ] /Volumes/HighSierraFile/HighSierraFile/www/new/tp2/public/../application/admin/view/cate/lst.htm [ array (
  0 => 'cateres',
) ]
[ info ] [ LOG ] INIT File
[ sql ] [ DB ] CONNECT:[ UseTime:0.000626s ] mysql:host=127.0.0.1;dbname=bick;charset=utf8
[ sql ] [ SQL ] SHOW COLUMNS FROM `bk_cate` [ RunTime:0.009590s ]
[ sql ] [ SQL ] SELECT * FROM `bk_cate` [ RunTime:0.000517s ]
---------------------------------------------------------------
[ 2018-04-09T21:50:15+08:00 ] 0.0.0.0 GET /public/static/admin/fonts/fontawesome-webfont.woff2?v=4.3.0
[ info ] tp2.com/public/static/admin/fonts/fontawesome-webfont.woff2?v=4.3.0 [运行时间：0.039641s][吞吐率：25.23req/s] [内存消耗：1,512.19kb] [文件加载：38]
[ info ] [ LANG ] /Volumes/HighSierraFile/HighSierraFile/www/new/tp2/thinkphp/lang/zh-cn.php
[ info ] [ ROUTE ] array (
  'type' => 'module',
  'module' => 
  array (
    0 => 'static',
    1 => 'admin',
    2 => 'fonts',
  ),
)
[ info ] [ HEADER ] array (
  'host' => 'tp2.com',
  'connection' => 'keep-alive',
  'origin' => 'http://tp2.com',
  'user-agent' => 'Mozilla/5.0 (Macintosh; Intel Mac OS X 10_13_4) AppleWebKit/537.36 (KHTML, like Gecko) Chrome/65.0.3325.181 Safari/537.36',
  'accept' => '*/*',
  'referer' => 'http://tp2.com/public/static/admin/style/font-awesome.css',
  'accept-encoding' => 'gzip, deflate',
  'accept-language' => 'zh-CN,zh;q=0.9',
  'cookie' => 'PHPSESSID=b6c514437e76c09636de1fa7af36be21',
)
[ info ] [ PARAM ] array (
  'v' => '4.3.0',
)
[ info ] [ LOG ] INIT File
---------------------------------------------------------------
[ 2018-04-09T21:50:31+08:00 ] 0.0.0.0 GET /public/admin/cate/lst.html
[ info ] tp2.com/public/admin/cate/lst.html [运行时间：0.054594s][吞吐率：18.32req/s] [内存消耗：3,140.90kb] [文件加载：56]
[ info ] [ LANG ] /Volumes/HighSierraFile/HighSierraFile/www/new/tp2/thinkphp/lang/zh-cn.php
[ info ] [ ROUTE ] array (
  'type' => 'module',
  'module' => 
  array (
    0 => 'admin',
    1 => 'cate',
    2 => 'lst',
  ),
)
[ info ] [ HEADER ] array (
  'host' => 'tp2.com',
  'connection' => 'keep-alive',
  'cache-control' => 'max-age=0',
  'upgrade-insecure-requests' => '1',
  'user-agent' => 'Mozilla/5.0 (Macintosh; Intel Mac OS X 10_13_4) AppleWebKit/537.36 (KHTML, like Gecko) Chrome/65.0.3325.181 Safari/537.36',
  'accept' => 'text/html,application/xhtml+xml,application/xml;q=0.9,image/webp,image/apng,*/*;q=0.8',
  'referer' => 'http://tp2.com/public/admin/cate/add.html',
  'accept-encoding' => 'gzip, deflate',
  'accept-language' => 'zh-CN,zh;q=0.9',
  'cookie' => 'PHPSESSID=b6c514437e76c09636de1fa7af36be21',
)
[ info ] [ PARAM ] array (
)
[ info ] [ SESSION ] INIT array (
  'id' => '',
  'var_session_id' => '',
  'prefix' => 'think',
  'type' => '',
  'auto_start' => true,
)
[ info ] [ RUN ] app\admin\controller\Cate->lst[ /Volumes/HighSierraFile/HighSierraFile/www/new/tp2/application/admin/controller/Cate.php ]
[ info ] [ DB ] INIT mysql
[ info ] [ VIEW ] /Volumes/HighSierraFile/HighSierraFile/www/new/tp2/public/../application/admin/view/cate/lst.htm [ array (
  0 => 'cateres',
) ]
[ info ] [ LOG ] INIT File
[ sql ] [ DB ] CONNECT:[ UseTime:0.000637s ] mysql:host=127.0.0.1;dbname=bick;charset=utf8
[ sql ] [ SQL ] SHOW COLUMNS FROM `bk_cate` [ RunTime:0.009322s ]
[ sql ] [ SQL ] SELECT * FROM `bk_cate` [ RunTime:0.000418s ]
---------------------------------------------------------------
[ 2018-04-09T21:50:31+08:00 ] 0.0.0.0 GET /public/static/admin/fonts/fontawesome-webfont.woff2?v=4.3.0
[ info ] tp2.com/public/static/admin/fonts/fontawesome-webfont.woff2?v=4.3.0 [运行时间：0.068411s][吞吐率：14.62req/s] [内存消耗：1,512.19kb] [文件加载：38]
[ info ] [ LANG ] /Volumes/HighSierraFile/HighSierraFile/www/new/tp2/thinkphp/lang/zh-cn.php
[ info ] [ ROUTE ] array (
  'type' => 'module',
  'module' => 
  array (
    0 => 'static',
    1 => 'admin',
    2 => 'fonts',
  ),
)
[ info ] [ HEADER ] array (
  'host' => 'tp2.com',
  'connection' => 'keep-alive',
  'origin' => 'http://tp2.com',
  'user-agent' => 'Mozilla/5.0 (Macintosh; Intel Mac OS X 10_13_4) AppleWebKit/537.36 (KHTML, like Gecko) Chrome/65.0.3325.181 Safari/537.36',
  'accept' => '*/*',
  'referer' => 'http://tp2.com/public/static/admin/style/font-awesome.css',
  'accept-encoding' => 'gzip, deflate',
  'accept-language' => 'zh-CN,zh;q=0.9',
  'cookie' => 'PHPSESSID=b6c514437e76c09636de1fa7af36be21',
)
[ info ] [ PARAM ] array (
  'v' => '4.3.0',
)
[ info ] [ LOG ] INIT File
---------------------------------------------------------------
[ 2018-04-09T21:50:33+08:00 ] 0.0.0.0 GET /public/admin/cate/del/id/16.html
[ info ] tp2.com/public/admin/cate/del/id/16.html [运行时间：0.036389s][吞吐率：27.48req/s] [内存消耗：1,854.45kb] [文件加载：44]
[ info ] [ LANG ] /Volumes/HighSierraFile/HighSierraFile/www/new/tp2/thinkphp/lang/zh-cn.php
[ info ] [ ROUTE ] array (
  'type' => 'module',
  'module' => 
  array (
    0 => 'admin',
    1 => 'cate',
    2 => 'del',
  ),
)
[ info ] [ HEADER ] array (
  'host' => 'tp2.com',
  'connection' => 'keep-alive',
  'upgrade-insecure-requests' => '1',
  'user-agent' => 'Mozilla/5.0 (Macintosh; Intel Mac OS X 10_13_4) AppleWebKit/537.36 (KHTML, like Gecko) Chrome/65.0.3325.181 Safari/537.36',
  'accept' => 'text/html,application/xhtml+xml,application/xml;q=0.9,image/webp,image/apng,*/*;q=0.8',
  'referer' => 'http://tp2.com/public/admin/cate/lst.html',
  'accept-encoding' => 'gzip, deflate',
  'accept-language' => 'zh-CN,zh;q=0.9',
  'cookie' => 'PHPSESSID=b6c514437e76c09636de1fa7af36be21',
)
[ info ] [ PARAM ] array (
  'id' => '16',
)
[ info ] [ SESSION ] INIT array (
  'id' => '',
  'var_session_id' => '',
  'prefix' => 'think',
  'type' => '',
  'auto_start' => true,
)
[ info ] [ LOG ] INIT File
---------------------------------------------------------------
[ 2018-04-09T21:50:36+08:00 ] 0.0.0.0 GET /public/admin/cate/lst.html
[ info ] tp2.com/public/admin/cate/lst.html [运行时间：0.054160s][吞吐率：18.46req/s] [内存消耗：3,140.82kb] [文件加载：56]
[ info ] [ LANG ] /Volumes/HighSierraFile/HighSierraFile/www/new/tp2/thinkphp/lang/zh-cn.php
[ info ] [ ROUTE ] array (
  'type' => 'module',
  'module' => 
  array (
    0 => 'admin',
    1 => 'cate',
    2 => 'lst',
  ),
)
[ info ] [ HEADER ] array (
  'host' => 'tp2.com',
  'connection' => 'keep-alive',
  'upgrade-insecure-requests' => '1',
  'user-agent' => 'Mozilla/5.0 (Macintosh; Intel Mac OS X 10_13_4) AppleWebKit/537.36 (KHTML, like Gecko) Chrome/65.0.3325.181 Safari/537.36',
  'accept' => 'text/html,application/xhtml+xml,application/xml;q=0.9,image/webp,image/apng,*/*;q=0.8',
  'referer' => 'http://tp2.com/public/admin/cate/add.html',
  'accept-encoding' => 'gzip, deflate',
  'accept-language' => 'zh-CN,zh;q=0.9',
  'cookie' => 'PHPSESSID=b6c514437e76c09636de1fa7af36be21',
)
[ info ] [ PARAM ] array (
)
[ info ] [ SESSION ] INIT array (
  'id' => '',
  'var_session_id' => '',
  'prefix' => 'think',
  'type' => '',
  'auto_start' => true,
)
[ info ] [ RUN ] app\admin\controller\Cate->lst[ /Volumes/HighSierraFile/HighSierraFile/www/new/tp2/application/admin/controller/Cate.php ]
[ info ] [ DB ] INIT mysql
[ info ] [ VIEW ] /Volumes/HighSierraFile/HighSierraFile/www/new/tp2/public/../application/admin/view/cate/lst.htm [ array (
  0 => 'cateres',
) ]
[ info ] [ LOG ] INIT File
[ sql ] [ DB ] CONNECT:[ UseTime:0.000623s ] mysql:host=127.0.0.1;dbname=bick;charset=utf8
[ sql ] [ SQL ] SHOW COLUMNS FROM `bk_cate` [ RunTime:0.009015s ]
[ sql ] [ SQL ] SELECT * FROM `bk_cate` [ RunTime:0.000452s ]
---------------------------------------------------------------
[ 2018-04-09T21:50:36+08:00 ] 0.0.0.0 GET /public/static/admin/fonts/fontawesome-webfont.woff2?v=4.3.0
[ info ] tp2.com/public/static/admin/fonts/fontawesome-webfont.woff2?v=4.3.0 [运行时间：0.035466s][吞吐率：28.20req/s] [内存消耗：1,512.19kb] [文件加载：38]
[ info ] [ LANG ] /Volumes/HighSierraFile/HighSierraFile/www/new/tp2/thinkphp/lang/zh-cn.php
[ info ] [ ROUTE ] array (
  'type' => 'module',
  'module' => 
  array (
    0 => 'static',
    1 => 'admin',
    2 => 'fonts',
  ),
)
[ info ] [ HEADER ] array (
  'host' => 'tp2.com',
  'connection' => 'keep-alive',
  'origin' => 'http://tp2.com',
  'user-agent' => 'Mozilla/5.0 (Macintosh; Intel Mac OS X 10_13_4) AppleWebKit/537.36 (KHTML, like Gecko) Chrome/65.0.3325.181 Safari/537.36',
  'accept' => '*/*',
  'referer' => 'http://tp2.com/public/static/admin/style/font-awesome.css',
  'accept-encoding' => 'gzip, deflate',
  'accept-language' => 'zh-CN,zh;q=0.9',
  'cookie' => 'PHPSESSID=b6c514437e76c09636de1fa7af36be21',
)
[ info ] [ PARAM ] array (
  'v' => '4.3.0',
)
[ info ] [ LOG ] INIT File
---------------------------------------------------------------
[ 2018-04-09T21:51:21+08:00 ] 0.0.0.0 GET /public/admin/cate/lst.html
[ info ] tp2.com/public/admin/cate/lst.html [运行时间：0.071023s][吞吐率：14.08req/s] [内存消耗：3,140.13kb] [文件加载：56]
[ info ] [ LANG ] /Volumes/HighSierraFile/HighSierraFile/www/new/tp2/thinkphp/lang/zh-cn.php
[ info ] [ ROUTE ] array (
  'type' => 'module',
  'module' => 
  array (
    0 => 'admin',
    1 => 'cate',
    2 => 'lst',
  ),
)
[ info ] [ HEADER ] array (
  'host' => 'tp2.com',
  'connection' => 'keep-alive',
  'cache-control' => 'max-age=0',
  'upgrade-insecure-requests' => '1',
  'user-agent' => 'Mozilla/5.0 (Macintosh; Intel Mac OS X 10_13_4) AppleWebKit/537.36 (KHTML, like Gecko) Chrome/65.0.3325.181 Safari/537.36',
  'accept' => 'text/html,application/xhtml+xml,application/xml;q=0.9,image/webp,image/apng,*/*;q=0.8',
  'referer' => 'http://tp2.com/public/admin/cate/add.html',
  'accept-encoding' => 'gzip, deflate',
  'accept-language' => 'zh-CN,zh;q=0.9',
  'cookie' => 'PHPSESSID=b6c514437e76c09636de1fa7af36be21',
)
[ info ] [ PARAM ] array (
)
[ info ] [ SESSION ] INIT array (
  'id' => '',
  'var_session_id' => '',
  'prefix' => 'think',
  'type' => '',
  'auto_start' => true,
)
[ info ] [ RUN ] app\admin\controller\Cate->lst[ /Volumes/HighSierraFile/HighSierraFile/www/new/tp2/application/admin/controller/Cate.php ]
[ info ] [ DB ] INIT mysql
[ info ] [ VIEW ] /Volumes/HighSierraFile/HighSierraFile/www/new/tp2/public/../application/admin/view/cate/lst.htm [ array (
  0 => 'cateres',
) ]
[ info ] [ LOG ] INIT File
[ sql ] [ DB ] CONNECT:[ UseTime:0.000633s ] mysql:host=127.0.0.1;dbname=bick;charset=utf8
[ sql ] [ SQL ] SHOW COLUMNS FROM `bk_cate` [ RunTime:0.011617s ]
[ sql ] [ SQL ] SELECT * FROM `bk_cate` [ RunTime:0.000861s ]
---------------------------------------------------------------
[ 2018-04-09T21:51:22+08:00 ] 0.0.0.0 GET /public/static/admin/fonts/fontawesome-webfont.woff2?v=4.3.0
[ info ] tp2.com/public/static/admin/fonts/fontawesome-webfont.woff2?v=4.3.0 [运行时间：0.070725s][吞吐率：14.14req/s] [内存消耗：1,512.19kb] [文件加载：38]
[ info ] [ LANG ] /Volumes/HighSierraFile/HighSierraFile/www/new/tp2/thinkphp/lang/zh-cn.php
[ info ] [ ROUTE ] array (
  'type' => 'module',
  'module' => 
  array (
    0 => 'static',
    1 => 'admin',
    2 => 'fonts',
  ),
)
[ info ] [ HEADER ] array (
  'host' => 'tp2.com',
  'connection' => 'keep-alive',
  'origin' => 'http://tp2.com',
  'user-agent' => 'Mozilla/5.0 (Macintosh; Intel Mac OS X 10_13_4) AppleWebKit/537.36 (KHTML, like Gecko) Chrome/65.0.3325.181 Safari/537.36',
  'accept' => '*/*',
  'referer' => 'http://tp2.com/public/static/admin/style/font-awesome.css',
  'accept-encoding' => 'gzip, deflate',
  'accept-language' => 'zh-CN,zh;q=0.9',
  'cookie' => 'PHPSESSID=b6c514437e76c09636de1fa7af36be21',
)
[ info ] [ PARAM ] array (
  'v' => '4.3.0',
)
[ info ] [ LOG ] INIT File
---------------------------------------------------------------
[ 2018-04-09T21:51:23+08:00 ] 0.0.0.0 GET /public/admin/cate/del/id/16.html
[ info ] tp2.com/public/admin/cate/del/id/16.html [运行时间：0.090016s][吞吐率：11.11req/s] [内存消耗：3,027.27kb] [文件加载：52]
[ info ] [ LANG ] /Volumes/HighSierraFile/HighSierraFile/www/new/tp2/thinkphp/lang/zh-cn.php
[ info ] [ ROUTE ] array (
  'type' => 'module',
  'module' => 
  array (
    0 => 'admin',
    1 => 'cate',
    2 => 'del',
  ),
)
[ info ] [ HEADER ] array (
  'host' => 'tp2.com',
  'connection' => 'keep-alive',
  'upgrade-insecure-requests' => '1',
  'user-agent' => 'Mozilla/5.0 (Macintosh; Intel Mac OS X 10_13_4) AppleWebKit/537.36 (KHTML, like Gecko) Chrome/65.0.3325.181 Safari/537.36',
  'accept' => 'text/html,application/xhtml+xml,application/xml;q=0.9,image/webp,image/apng,*/*;q=0.8',
  'referer' => 'http://tp2.com/public/admin/cate/lst.html',
  'accept-encoding' => 'gzip, deflate',
  'accept-language' => 'zh-CN,zh;q=0.9',
  'cookie' => 'PHPSESSID=b6c514437e76c09636de1fa7af36be21',
)
[ info ] [ PARAM ] array (
  'id' => '16',
)
[ info ] [ SESSION ] INIT array (
  'id' => '',
  'var_session_id' => '',
  'prefix' => 'think',
  'type' => '',
  'auto_start' => true,
)
[ info ] [ DB ] INIT mysql
[ info ] [ LOG ] INIT File
[ sql ] [ DB ] CONNECT:[ UseTime:0.000575s ] mysql:host=127.0.0.1;dbname=bick;charset=utf8
[ sql ] [ SQL ] SHOW COLUMNS FROM `bk_cate` [ RunTime:0.013285s ]
[ sql ] [ SQL ] SELECT * FROM `bk_cate` WHERE  `pid` = 0 LIMIT 1 [ RunTime:0.000588s ]
---------------------------------------------------------------
[ 2018-04-09T21:51:26+08:00 ] 0.0.0.0 GET /public/admin/cate/lst.html
[ info ] tp2.com/public/admin/cate/lst.html [运行时间：0.056799s][吞吐率：17.61req/s] [内存消耗：3,140.05kb] [文件加载：56]
[ info ] [ LANG ] /Volumes/HighSierraFile/HighSierraFile/www/new/tp2/thinkphp/lang/zh-cn.php
[ info ] [ ROUTE ] array (
  'type' => 'module',
  'module' => 
  array (
    0 => 'admin',
    1 => 'cate',
    2 => 'lst',
  ),
)
[ info ] [ HEADER ] array (
  'host' => 'tp2.com',
  'connection' => 'keep-alive',
  'upgrade-insecure-requests' => '1',
  'user-agent' => 'Mozilla/5.0 (Macintosh; Intel Mac OS X 10_13_4) AppleWebKit/537.36 (KHTML, like Gecko) Chrome/65.0.3325.181 Safari/537.36',
  'accept' => 'text/html,application/xhtml+xml,application/xml;q=0.9,image/webp,image/apng,*/*;q=0.8',
  'referer' => 'http://tp2.com/public/admin/cate/add.html',
  'accept-encoding' => 'gzip, deflate',
  'accept-language' => 'zh-CN,zh;q=0.9',
  'cookie' => 'PHPSESSID=b6c514437e76c09636de1fa7af36be21',
)
[ info ] [ PARAM ] array (
)
[ info ] [ SESSION ] INIT array (
  'id' => '',
  'var_session_id' => '',
  'prefix' => 'think',
  'type' => '',
  'auto_start' => true,
)
[ info ] [ RUN ] app\admin\controller\Cate->lst[ /Volumes/HighSierraFile/HighSierraFile/www/new/tp2/application/admin/controller/Cate.php ]
[ info ] [ DB ] INIT mysql
[ info ] [ VIEW ] /Volumes/HighSierraFile/HighSierraFile/www/new/tp2/public/../application/admin/view/cate/lst.htm [ array (
  0 => 'cateres',
) ]
[ info ] [ LOG ] INIT File
[ sql ] [ DB ] CONNECT:[ UseTime:0.000614s ] mysql:host=127.0.0.1;dbname=bick;charset=utf8
[ sql ] [ SQL ] SHOW COLUMNS FROM `bk_cate` [ RunTime:0.011042s ]
[ sql ] [ SQL ] SELECT * FROM `bk_cate` [ RunTime:0.000849s ]
---------------------------------------------------------------
[ 2018-04-09T21:51:26+08:00 ] 0.0.0.0 GET /public/static/admin/fonts/fontawesome-webfont.woff2?v=4.3.0
[ info ] tp2.com/public/static/admin/fonts/fontawesome-webfont.woff2?v=4.3.0 [运行时间：0.033588s][吞吐率：29.77req/s] [内存消耗：1,512.19kb] [文件加载：38]
[ info ] [ LANG ] /Volumes/HighSierraFile/HighSierraFile/www/new/tp2/thinkphp/lang/zh-cn.php
[ info ] [ ROUTE ] array (
  'type' => 'module',
  'module' => 
  array (
    0 => 'static',
    1 => 'admin',
    2 => 'fonts',
  ),
)
[ info ] [ HEADER ] array (
  'host' => 'tp2.com',
  'connection' => 'keep-alive',
  'origin' => 'http://tp2.com',
  'user-agent' => 'Mozilla/5.0 (Macintosh; Intel Mac OS X 10_13_4) AppleWebKit/537.36 (KHTML, like Gecko) Chrome/65.0.3325.181 Safari/537.36',
  'accept' => '*/*',
  'referer' => 'http://tp2.com/public/static/admin/style/font-awesome.css',
  'accept-encoding' => 'gzip, deflate',
  'accept-language' => 'zh-CN,zh;q=0.9',
  'cookie' => 'PHPSESSID=b6c514437e76c09636de1fa7af36be21',
)
[ info ] [ PARAM ] array (
  'v' => '4.3.0',
)
[ info ] [ LOG ] INIT File
