---------------------------------------------------------------
[ 2018-04-12T21:50:34+08:00 ] 0.0.0.0 GET /public/admin/admin/lst.html
[ info ] tp2.com/public/admin/admin/lst.html [运行时间：0.309590s][吞吐率：3.23req/s] [内存消耗：2,071.84kb] [文件加载：49]
[ info ] [ LANG ] /Volumes/HighSierraFile/HighSierraFile/www/new/tp2/thinkphp/lang/zh-cn.php
[ info ] [ ROUTE ] array (
  'type' => 'module',
  'module' => 
  array (
    0 => 'admin',
    1 => 'admin',
    2 => 'lst',
  ),
)
[ info ] [ HEADER ] array (
  'host' => 'tp2.com',
  'connection' => 'keep-alive',
  'upgrade-insecure-requests' => '1',
  'user-agent' => 'Mozilla/5.0 (Macintosh; Intel Mac OS X 10_13_4) AppleWebKit/537.36 (KHTML, like Gecko) Chrome/65.0.3325.181 Safari/537.36',
  'accept' => 'text/html,application/xhtml+xml,application/xml;q=0.9,image/webp,image/apng,*/*;q=0.8',
  'referer' => 'http://tp2.com/public/admin/article/lst.html?page=1',
  'accept-encoding' => 'gzip, deflate',
  'accept-language' => 'zh-CN,zh;q=0.9',
  'cookie' => 'PHPSESSID=b6c514437e76c09636de1fa7af36be21',
)
[ info ] [ PARAM ] array (
)
[ info ] [ SESSION ] INIT array (
  'id' => '',
  'var_session_id' => '',
  'prefix' => 'think',
  'type' => '',
  'auto_start' => true,
)
[ info ] [ VIEW ] /Volumes/HighSierraFile/HighSierraFile/www/new/tp2/thinkphp/tpl/dispatch_jump.tpl [ array (
  0 => 'code',
  1 => 'msg',
  2 => 'data',
  3 => 'url',
  4 => 'wait',
) ]
[ info ] [ LOG ] INIT File
---------------------------------------------------------------
[ 2018-04-12T21:50:35+08:00 ] 0.0.0.0 GET /public/admin/login/index.html
[ info ] tp2.com/public/admin/login/index.html [运行时间：0.048609s][吞吐率：20.57req/s] [内存消耗：2,001.65kb] [文件加载：47]
[ info ] [ LANG ] /Volumes/HighSierraFile/HighSierraFile/www/new/tp2/thinkphp/lang/zh-cn.php
[ info ] [ ROUTE ] array (
  'type' => 'module',
  'module' => 
  array (
    0 => 'admin',
    1 => 'login',
    2 => 'index',
  ),
)
[ info ] [ HEADER ] array (
  'host' => 'tp2.com',
  'connection' => 'keep-alive',
  'upgrade-insecure-requests' => '1',
  'user-agent' => 'Mozilla/5.0 (Macintosh; Intel Mac OS X 10_13_4) AppleWebKit/537.36 (KHTML, like Gecko) Chrome/65.0.3325.181 Safari/537.36',
  'accept' => 'text/html,application/xhtml+xml,application/xml;q=0.9,image/webp,image/apng,*/*;q=0.8',
  'referer' => 'http://tp2.com/public/admin/admin/lst.html',
  'accept-encoding' => 'gzip, deflate',
  'accept-language' => 'zh-CN,zh;q=0.9',
  'cookie' => 'PHPSESSID=b6c514437e76c09636de1fa7af36be21',
)
[ info ] [ PARAM ] array (
)
[ info ] [ RUN ] app\admin\controller\Login->index[ /Volumes/HighSierraFile/HighSierraFile/www/new/tp2/application/admin/controller/Login.php ]
[ info ] [ VIEW ] /Volumes/HighSierraFile/HighSierraFile/www/new/tp2/public/../application/admin/view/login/login.htm [ array (
) ]
[ info ] [ LOG ] INIT File
---------------------------------------------------------------
[ 2018-04-12T21:50:41+08:00 ] 0.0.0.0 POST /public/admin/login/index.html
[ info ] tp2.com/public/admin/login/index.html [运行时间：0.059351s][吞吐率：16.85req/s] [内存消耗：3,112.75kb] [文件加载：55]
[ info ] [ LANG ] /Volumes/HighSierraFile/HighSierraFile/www/new/tp2/thinkphp/lang/zh-cn.php
[ info ] [ ROUTE ] array (
  'type' => 'module',
  'module' => 
  array (
    0 => 'admin',
    1 => 'login',
    2 => 'index',
  ),
)
[ info ] [ HEADER ] array (
  'host' => 'tp2.com',
  'connection' => 'keep-alive',
  'content-length' => '25',
  'cache-control' => 'max-age=0',
  'origin' => 'http://tp2.com',
  'upgrade-insecure-requests' => '1',
  'content-type' => 'application/x-www-form-urlencoded',
  'user-agent' => 'Mozilla/5.0 (Macintosh; Intel Mac OS X 10_13_4) AppleWebKit/537.36 (KHTML, like Gecko) Chrome/65.0.3325.181 Safari/537.36',
  'accept' => 'text/html,application/xhtml+xml,application/xml;q=0.9,image/webp,image/apng,*/*;q=0.8',
  'referer' => 'http://tp2.com/public/admin/login/index.html',
  'accept-encoding' => 'gzip, deflate',
  'accept-language' => 'zh-CN,zh;q=0.9',
  'cookie' => 'PHPSESSID=b6c514437e76c09636de1fa7af36be21',
)
[ info ] [ PARAM ] array (
  'name' => 'admin',
  'password' => 'admin',
)
[ info ] [ RUN ] app\admin\controller\Login->index[ /Volumes/HighSierraFile/HighSierraFile/www/new/tp2/application/admin/controller/Login.php ]
[ info ] [ DB ] INIT mysql
[ info ] [ SESSION ] INIT array (
  'id' => '',
  'var_session_id' => '',
  'prefix' => 'think',
  'type' => '',
  'auto_start' => true,
)
[ info ] [ VIEW ] /Volumes/HighSierraFile/HighSierraFile/www/new/tp2/thinkphp/tpl/dispatch_jump.tpl [ array (
  0 => 'code',
  1 => 'msg',
  2 => 'data',
  3 => 'url',
  4 => 'wait',
) ]
[ info ] [ LOG ] INIT File
[ sql ] [ DB ] CONNECT:[ UseTime:0.000856s ] mysql:host=127.0.0.1;dbname=bick;charset=utf8
[ sql ] [ SQL ] SHOW COLUMNS FROM `bk_admin` [ RunTime:0.005829s ]
[ sql ] [ SQL ] SELECT * FROM `bk_admin` WHERE  `name` = 'admin' LIMIT 1 [ RunTime:0.000793s ]
---------------------------------------------------------------
[ 2018-04-12T21:50:44+08:00 ] 0.0.0.0 GET /public/admin/index/index.html
[ info ] tp2.com/public/admin/index/index.html [运行时间：0.055969s][吞吐率：17.87req/s] [内存消耗：2,079.52kb] [文件加载：49]
[ info ] [ LANG ] /Volumes/HighSierraFile/HighSierraFile/www/new/tp2/thinkphp/lang/zh-cn.php
[ info ] [ ROUTE ] array (
  'type' => 'module',
  'module' => 
  array (
    0 => 'admin',
    1 => 'index',
    2 => 'index',
  ),
)
[ info ] [ HEADER ] array (
  'host' => 'tp2.com',
  'connection' => 'keep-alive',
  'upgrade-insecure-requests' => '1',
  'user-agent' => 'Mozilla/5.0 (Macintosh; Intel Mac OS X 10_13_4) AppleWebKit/537.36 (KHTML, like Gecko) Chrome/65.0.3325.181 Safari/537.36',
  'accept' => 'text/html,application/xhtml+xml,application/xml;q=0.9,image/webp,image/apng,*/*;q=0.8',
  'referer' => 'http://tp2.com/public/admin/login/index.html',
  'accept-encoding' => 'gzip, deflate',
  'accept-language' => 'zh-CN,zh;q=0.9',
  'cookie' => 'PHPSESSID=b6c514437e76c09636de1fa7af36be21',
)
[ info ] [ PARAM ] array (
)
[ info ] [ SESSION ] INIT array (
  'id' => '',
  'var_session_id' => '',
  'prefix' => 'think',
  'type' => '',
  'auto_start' => true,
)
[ info ] [ RUN ] app\admin\controller\Index->index[ /Volumes/HighSierraFile/HighSierraFile/www/new/tp2/application/admin/controller/Index.php ]
[ info ] [ VIEW ] /Volumes/HighSierraFile/HighSierraFile/www/new/tp2/public/../application/admin/view/index/index.htm [ array (
) ]
[ info ] [ LOG ] INIT File
---------------------------------------------------------------
[ 2018-04-12T21:50:44+08:00 ] 0.0.0.0 GET /public/static/admin/fonts/fontawesome-webfont.woff2?v=4.3.0
[ info ] tp2.com/public/static/admin/fonts/fontawesome-webfont.woff2?v=4.3.0 [运行时间：0.041033s][吞吐率：24.37req/s] [内存消耗：1,512.19kb] [文件加载：38]
[ info ] [ LANG ] /Volumes/HighSierraFile/HighSierraFile/www/new/tp2/thinkphp/lang/zh-cn.php
[ info ] [ ROUTE ] array (
  'type' => 'module',
  'module' => 
  array (
    0 => 'static',
    1 => 'admin',
    2 => 'fonts',
  ),
)
[ info ] [ HEADER ] array (
  'host' => 'tp2.com',
  'connection' => 'keep-alive',
  'origin' => 'http://tp2.com',
  'user-agent' => 'Mozilla/5.0 (Macintosh; Intel Mac OS X 10_13_4) AppleWebKit/537.36 (KHTML, like Gecko) Chrome/65.0.3325.181 Safari/537.36',
  'accept' => '*/*',
  'referer' => 'http://tp2.com/public/static/admin/style/font-awesome.css',
  'accept-encoding' => 'gzip, deflate',
  'accept-language' => 'zh-CN,zh;q=0.9',
  'cookie' => 'PHPSESSID=b6c514437e76c09636de1fa7af36be21',
)
[ info ] [ PARAM ] array (
  'v' => '4.3.0',
)
[ info ] [ LOG ] INIT File
---------------------------------------------------------------
[ 2018-04-12T21:50:46+08:00 ] 0.0.0.0 GET /public/admin/admin/lst.html
[ info ] tp2.com/public/admin/admin/lst.html [运行时间：0.063017s][吞吐率：15.87req/s] [内存消耗：3,415.16kb] [文件加载：61]
[ info ] [ LANG ] /Volumes/HighSierraFile/HighSierraFile/www/new/tp2/thinkphp/lang/zh-cn.php
[ info ] [ ROUTE ] array (
  'type' => 'module',
  'module' => 
  array (
    0 => 'admin',
    1 => 'admin',
    2 => 'lst',
  ),
)
[ info ] [ HEADER ] array (
  'host' => 'tp2.com',
  'connection' => 'keep-alive',
  'upgrade-insecure-requests' => '1',
  'user-agent' => 'Mozilla/5.0 (Macintosh; Intel Mac OS X 10_13_4) AppleWebKit/537.36 (KHTML, like Gecko) Chrome/65.0.3325.181 Safari/537.36',
  'accept' => 'text/html,application/xhtml+xml,application/xml;q=0.9,image/webp,image/apng,*/*;q=0.8',
  'referer' => 'http://tp2.com/public/admin/index/index.html',
  'accept-encoding' => 'gzip, deflate',
  'accept-language' => 'zh-CN,zh;q=0.9',
  'cookie' => 'PHPSESSID=b6c514437e76c09636de1fa7af36be21',
)
[ info ] [ PARAM ] array (
)
[ info ] [ SESSION ] INIT array (
  'id' => '',
  'var_session_id' => '',
  'prefix' => 'think',
  'type' => '',
  'auto_start' => true,
)
[ info ] [ RUN ] app\admin\controller\Admin->lst[ /Volumes/HighSierraFile/HighSierraFile/www/new/tp2/application/admin/controller/Admin.php ]
[ info ] [ DB ] INIT mysql
[ info ] [ VIEW ] /Volumes/HighSierraFile/HighSierraFile/www/new/tp2/public/../application/admin/view/admin/lst.htm [ array (
  0 => 'adminres',
) ]
[ info ] [ LOG ] INIT File
[ sql ] [ DB ] CONNECT:[ UseTime:0.000553s ] mysql:host=127.0.0.1;dbname=bick;charset=utf8
[ sql ] [ SQL ] SHOW COLUMNS FROM `bk_admin` [ RunTime:0.010895s ]
[ sql ] [ SQL ] SELECT COUNT(*) AS tp_count FROM `bk_admin` LIMIT 1 [ RunTime:0.000672s ]
[ sql ] [ SQL ] SELECT * FROM `bk_admin` LIMIT 0,3 [ RunTime:0.000511s ]
---------------------------------------------------------------
[ 2018-04-12T21:50:46+08:00 ] 0.0.0.0 GET /public/static/admin/fonts/fontawesome-webfont.woff2?v=4.3.0
[ info ] tp2.com/public/static/admin/fonts/fontawesome-webfont.woff2?v=4.3.0 [运行时间：0.036327s][吞吐率：27.53req/s] [内存消耗：1,512.19kb] [文件加载：38]
[ info ] [ LANG ] /Volumes/HighSierraFile/HighSierraFile/www/new/tp2/thinkphp/lang/zh-cn.php
[ info ] [ ROUTE ] array (
  'type' => 'module',
  'module' => 
  array (
    0 => 'static',
    1 => 'admin',
    2 => 'fonts',
  ),
)
[ info ] [ HEADER ] array (
  'host' => 'tp2.com',
  'connection' => 'keep-alive',
  'origin' => 'http://tp2.com',
  'user-agent' => 'Mozilla/5.0 (Macintosh; Intel Mac OS X 10_13_4) AppleWebKit/537.36 (KHTML, like Gecko) Chrome/65.0.3325.181 Safari/537.36',
  'accept' => '*/*',
  'referer' => 'http://tp2.com/public/static/admin/style/font-awesome.css',
  'accept-encoding' => 'gzip, deflate',
  'accept-language' => 'zh-CN,zh;q=0.9',
  'cookie' => 'PHPSESSID=b6c514437e76c09636de1fa7af36be21',
)
[ info ] [ PARAM ] array (
  'v' => '4.3.0',
)
[ info ] [ LOG ] INIT File
---------------------------------------------------------------
[ 2018-04-12T21:50:48+08:00 ] 0.0.0.0 GET /public/admin/admin/add.html
[ info ] tp2.com/public/admin/admin/add.html [运行时间：0.093410s][吞吐率：10.71req/s] [内存消耗：2,103.20kb] [文件加载：49]
[ info ] [ LANG ] /Volumes/HighSierraFile/HighSierraFile/www/new/tp2/thinkphp/lang/zh-cn.php
[ info ] [ ROUTE ] array (
  'type' => 'module',
  'module' => 
  array (
    0 => 'admin',
    1 => 'admin',
    2 => 'add',
  ),
)
[ info ] [ HEADER ] array (
  'host' => 'tp2.com',
  'connection' => 'keep-alive',
  'upgrade-insecure-requests' => '1',
  'user-agent' => 'Mozilla/5.0 (Macintosh; Intel Mac OS X 10_13_4) AppleWebKit/537.36 (KHTML, like Gecko) Chrome/65.0.3325.181 Safari/537.36',
  'accept' => 'text/html,application/xhtml+xml,application/xml;q=0.9,image/webp,image/apng,*/*;q=0.8',
  'referer' => 'http://tp2.com/public/admin/admin/lst.html',
  'accept-encoding' => 'gzip, deflate',
  'accept-language' => 'zh-CN,zh;q=0.9',
  'cookie' => 'PHPSESSID=b6c514437e76c09636de1fa7af36be21',
)
[ info ] [ PARAM ] array (
)
[ info ] [ SESSION ] INIT array (
  'id' => '',
  'var_session_id' => '',
  'prefix' => 'think',
  'type' => '',
  'auto_start' => true,
)
[ info ] [ RUN ] app\admin\controller\Admin->add[ /Volumes/HighSierraFile/HighSierraFile/www/new/tp2/application/admin/controller/Admin.php ]
[ info ] [ VIEW ] /Volumes/HighSierraFile/HighSierraFile/www/new/tp2/public/../application/admin/view/admin/add.htm [ array (
) ]
[ info ] [ LOG ] INIT File
---------------------------------------------------------------
[ 2018-04-12T21:50:48+08:00 ] 0.0.0.0 GET /public/static/admin/fonts/fontawesome-webfont.woff2?v=4.3.0
[ info ] tp2.com/public/static/admin/fonts/fontawesome-webfont.woff2?v=4.3.0 [运行时间：0.036257s][吞吐率：27.58req/s] [内存消耗：1,512.19kb] [文件加载：38]
[ info ] [ LANG ] /Volumes/HighSierraFile/HighSierraFile/www/new/tp2/thinkphp/lang/zh-cn.php
[ info ] [ ROUTE ] array (
  'type' => 'module',
  'module' => 
  array (
    0 => 'static',
    1 => 'admin',
    2 => 'fonts',
  ),
)
[ info ] [ HEADER ] array (
  'host' => 'tp2.com',
  'connection' => 'keep-alive',
  'origin' => 'http://tp2.com',
  'user-agent' => 'Mozilla/5.0 (Macintosh; Intel Mac OS X 10_13_4) AppleWebKit/537.36 (KHTML, like Gecko) Chrome/65.0.3325.181 Safari/537.36',
  'accept' => '*/*',
  'referer' => 'http://tp2.com/public/static/admin/style/font-awesome.css',
  'accept-encoding' => 'gzip, deflate',
  'accept-language' => 'zh-CN,zh;q=0.9',
  'cookie' => 'PHPSESSID=b6c514437e76c09636de1fa7af36be21',
)
[ info ] [ PARAM ] array (
  'v' => '4.3.0',
)
[ info ] [ LOG ] INIT File
---------------------------------------------------------------
[ 2018-04-12T21:50:56+08:00 ] 0.0.0.0 POST /public/admin/admin/add.html
[ info ] tp2.com/public/admin/admin/add.html [运行时间：0.064246s][吞吐率：15.57req/s] [内存消耗：3,089.54kb] [文件加载：56]
[ info ] [ LANG ] /Volumes/HighSierraFile/HighSierraFile/www/new/tp2/thinkphp/lang/zh-cn.php
[ info ] [ ROUTE ] array (
  'type' => 'module',
  'module' => 
  array (
    0 => 'admin',
    1 => 'admin',
    2 => 'add',
  ),
)
[ info ] [ HEADER ] array (
  'host' => 'tp2.com',
  'connection' => 'keep-alive',
  'content-length' => '29',
  'cache-control' => 'max-age=0',
  'origin' => 'http://tp2.com',
  'upgrade-insecure-requests' => '1',
  'content-type' => 'application/x-www-form-urlencoded',
  'user-agent' => 'Mozilla/5.0 (Macintosh; Intel Mac OS X 10_13_4) AppleWebKit/537.36 (KHTML, like Gecko) Chrome/65.0.3325.181 Safari/537.36',
  'accept' => 'text/html,application/xhtml+xml,application/xml;q=0.9,image/webp,image/apng,*/*;q=0.8',
  'referer' => 'http://tp2.com/public/admin/admin/add.html',
  'accept-encoding' => 'gzip, deflate',
  'accept-language' => 'zh-CN,zh;q=0.9',
  'cookie' => 'PHPSESSID=b6c514437e76c09636de1fa7af36be21',
)
[ info ] [ PARAM ] array (
  'name' => 'catindog',
  'password' => '123456',
)
[ info ] [ SESSION ] INIT array (
  'id' => '',
  'var_session_id' => '',
  'prefix' => 'think',
  'type' => '',
  'auto_start' => true,
)
[ info ] [ RUN ] app\admin\controller\Admin->add[ /Volumes/HighSierraFile/HighSierraFile/www/new/tp2/application/admin/controller/Admin.php ]
[ info ] [ DB ] INIT mysql
[ info ] [ VIEW ] /Volumes/HighSierraFile/HighSierraFile/www/new/tp2/thinkphp/tpl/dispatch_jump.tpl [ array (
  0 => 'code',
  1 => 'msg',
  2 => 'data',
  3 => 'url',
  4 => 'wait',
) ]
[ info ] [ LOG ] INIT File
[ sql ] [ DB ] CONNECT:[ UseTime:0.000814s ] mysql:host=127.0.0.1;dbname=bick;charset=utf8
[ sql ] [ SQL ] SHOW COLUMNS FROM `bk_admin` [ RunTime:0.005746s ]
[ sql ] [ SQL ] SELECT * FROM `bk_admin` WHERE  `name` = 'catindog' LIMIT 1 [ RunTime:0.000708s ]
[ sql ] [ SQL ] INSERT INTO `bk_admin` (`name` , `password`) VALUES ('catindog' , 'e10adc3949ba59abbe56e057f20f883e') [ RunTime:0.000870s ]
---------------------------------------------------------------
[ 2018-04-12T21:50:57+08:00 ] 0.0.0.0 GET /public/admin/admin/lst.html
[ info ] tp2.com/public/admin/admin/lst.html [运行时间：0.051803s][吞吐率：19.30req/s] [内存消耗：3,246.71kb] [文件加载：59]
[ info ] [ LANG ] /Volumes/HighSierraFile/HighSierraFile/www/new/tp2/thinkphp/lang/zh-cn.php
[ info ] [ ROUTE ] array (
  'type' => 'module',
  'module' => 
  array (
    0 => 'admin',
    1 => 'admin',
    2 => 'lst',
  ),
)
[ info ] [ HEADER ] array (
  'host' => 'tp2.com',
  'connection' => 'keep-alive',
  'upgrade-insecure-requests' => '1',
  'user-agent' => 'Mozilla/5.0 (Macintosh; Intel Mac OS X 10_13_4) AppleWebKit/537.36 (KHTML, like Gecko) Chrome/65.0.3325.181 Safari/537.36',
  'accept' => 'text/html,application/xhtml+xml,application/xml;q=0.9,image/webp,image/apng,*/*;q=0.8',
  'referer' => 'http://tp2.com/public/admin/admin/add.html',
  'accept-encoding' => 'gzip, deflate',
  'accept-language' => 'zh-CN,zh;q=0.9',
  'cookie' => 'PHPSESSID=b6c514437e76c09636de1fa7af36be21',
)
[ info ] [ PARAM ] array (
)
[ info ] [ SESSION ] INIT array (
  'id' => '',
  'var_session_id' => '',
  'prefix' => 'think',
  'type' => '',
  'auto_start' => true,
)
[ info ] [ RUN ] app\admin\controller\Admin->lst[ /Volumes/HighSierraFile/HighSierraFile/www/new/tp2/application/admin/controller/Admin.php ]
[ info ] [ DB ] INIT mysql
[ info ] [ VIEW ] /Volumes/HighSierraFile/HighSierraFile/www/new/tp2/public/../application/admin/view/admin/lst.htm [ array (
  0 => 'adminres',
) ]
[ info ] [ LOG ] INIT File
[ sql ] [ DB ] CONNECT:[ UseTime:0.000614s ] mysql:host=127.0.0.1;dbname=bick;charset=utf8
[ sql ] [ SQL ] SHOW COLUMNS FROM `bk_admin` [ RunTime:0.002633s ]
[ sql ] [ SQL ] SELECT COUNT(*) AS tp_count FROM `bk_admin` LIMIT 1 [ RunTime:0.000538s ]
[ sql ] [ SQL ] SELECT * FROM `bk_admin` LIMIT 0,3 [ RunTime:0.000564s ]
---------------------------------------------------------------
[ 2018-04-12T21:50:58+08:00 ] 0.0.0.0 GET /public/static/admin/fonts/fontawesome-webfont.woff2?v=4.3.0
[ info ] tp2.com/public/static/admin/fonts/fontawesome-webfont.woff2?v=4.3.0 [运行时间：0.035728s][吞吐率：27.99req/s] [内存消耗：1,512.19kb] [文件加载：38]
[ info ] [ LANG ] /Volumes/HighSierraFile/HighSierraFile/www/new/tp2/thinkphp/lang/zh-cn.php
[ info ] [ ROUTE ] array (
  'type' => 'module',
  'module' => 
  array (
    0 => 'static',
    1 => 'admin',
    2 => 'fonts',
  ),
)
[ info ] [ HEADER ] array (
  'host' => 'tp2.com',
  'connection' => 'keep-alive',
  'origin' => 'http://tp2.com',
  'user-agent' => 'Mozilla/5.0 (Macintosh; Intel Mac OS X 10_13_4) AppleWebKit/537.36 (KHTML, like Gecko) Chrome/65.0.3325.181 Safari/537.36',
  'accept' => '*/*',
  'referer' => 'http://tp2.com/public/static/admin/style/font-awesome.css',
  'accept-encoding' => 'gzip, deflate',
  'accept-language' => 'zh-CN,zh;q=0.9',
  'cookie' => 'PHPSESSID=b6c514437e76c09636de1fa7af36be21',
)
[ info ] [ PARAM ] array (
  'v' => '4.3.0',
)
[ info ] [ LOG ] INIT File
---------------------------------------------------------------
[ 2018-04-12T21:51:01+08:00 ] 0.0.0.0 GET /public/admin/admin/lst.html?page=4
[ info ] tp2.com/public/admin/admin/lst.html?page=4 [运行时间：0.076769s][吞吐率：13.03req/s] [内存消耗：3,245.97kb] [文件加载：59]
[ info ] [ LANG ] /Volumes/HighSierraFile/HighSierraFile/www/new/tp2/thinkphp/lang/zh-cn.php
[ info ] [ ROUTE ] array (
  'type' => 'module',
  'module' => 
  array (
    0 => 'admin',
    1 => 'admin',
    2 => 'lst',
  ),
)
[ info ] [ HEADER ] array (
  'host' => 'tp2.com',
  'connection' => 'keep-alive',
  'upgrade-insecure-requests' => '1',
  'user-agent' => 'Mozilla/5.0 (Macintosh; Intel Mac OS X 10_13_4) AppleWebKit/537.36 (KHTML, like Gecko) Chrome/65.0.3325.181 Safari/537.36',
  'accept' => 'text/html,application/xhtml+xml,application/xml;q=0.9,image/webp,image/apng,*/*;q=0.8',
  'referer' => 'http://tp2.com/public/admin/admin/lst.html',
  'accept-encoding' => 'gzip, deflate',
  'accept-language' => 'zh-CN,zh;q=0.9',
  'cookie' => 'PHPSESSID=b6c514437e76c09636de1fa7af36be21',
)
[ info ] [ PARAM ] array (
  'page' => '4',
)
[ info ] [ SESSION ] INIT array (
  'id' => '',
  'var_session_id' => '',
  'prefix' => 'think',
  'type' => '',
  'auto_start' => true,
)
[ info ] [ RUN ] app\admin\controller\Admin->lst[ /Volumes/HighSierraFile/HighSierraFile/www/new/tp2/application/admin/controller/Admin.php ]
[ info ] [ DB ] INIT mysql
[ info ] [ VIEW ] /Volumes/HighSierraFile/HighSierraFile/www/new/tp2/public/../application/admin/view/admin/lst.htm [ array (
  0 => 'adminres',
) ]
[ info ] [ LOG ] INIT File
[ sql ] [ DB ] CONNECT:[ UseTime:0.000586s ] mysql:host=127.0.0.1;dbname=bick;charset=utf8
[ sql ] [ SQL ] SHOW COLUMNS FROM `bk_admin` [ RunTime:0.011261s ]
[ sql ] [ SQL ] SELECT COUNT(*) AS tp_count FROM `bk_admin` LIMIT 1 [ RunTime:0.000738s ]
[ sql ] [ SQL ] SELECT * FROM `bk_admin` LIMIT 9,3 [ RunTime:0.000814s ]
---------------------------------------------------------------
[ 2018-04-12T21:51:01+08:00 ] 0.0.0.0 GET /public/static/admin/fonts/fontawesome-webfont.woff2?v=4.3.0
[ info ] tp2.com/public/static/admin/fonts/fontawesome-webfont.woff2?v=4.3.0 [运行时间：0.034820s][吞吐率：28.72req/s] [内存消耗：1,512.19kb] [文件加载：38]
[ info ] [ LANG ] /Volumes/HighSierraFile/HighSierraFile/www/new/tp2/thinkphp/lang/zh-cn.php
[ info ] [ ROUTE ] array (
  'type' => 'module',
  'module' => 
  array (
    0 => 'static',
    1 => 'admin',
    2 => 'fonts',
  ),
)
[ info ] [ HEADER ] array (
  'host' => 'tp2.com',
  'connection' => 'keep-alive',
  'origin' => 'http://tp2.com',
  'user-agent' => 'Mozilla/5.0 (Macintosh; Intel Mac OS X 10_13_4) AppleWebKit/537.36 (KHTML, like Gecko) Chrome/65.0.3325.181 Safari/537.36',
  'accept' => '*/*',
  'referer' => 'http://tp2.com/public/static/admin/style/font-awesome.css',
  'accept-encoding' => 'gzip, deflate',
  'accept-language' => 'zh-CN,zh;q=0.9',
  'cookie' => 'PHPSESSID=b6c514437e76c09636de1fa7af36be21',
)
[ info ] [ PARAM ] array (
  'v' => '4.3.0',
)
[ info ] [ LOG ] INIT File
---------------------------------------------------------------
[ 2018-04-12T21:51:03+08:00 ] 0.0.0.0 GET /public/admin/cate/lst.html
[ info ] tp2.com/public/admin/cate/lst.html [运行时间：0.125539s][吞吐率：7.97req/s] [内存消耗：3,348.16kb] [文件加载：58]
[ info ] [ LANG ] /Volumes/HighSierraFile/HighSierraFile/www/new/tp2/thinkphp/lang/zh-cn.php
[ info ] [ ROUTE ] array (
  'type' => 'module',
  'module' => 
  array (
    0 => 'admin',
    1 => 'cate',
    2 => 'lst',
  ),
)
[ info ] [ HEADER ] array (
  'host' => 'tp2.com',
  'connection' => 'keep-alive',
  'upgrade-insecure-requests' => '1',
  'user-agent' => 'Mozilla/5.0 (Macintosh; Intel Mac OS X 10_13_4) AppleWebKit/537.36 (KHTML, like Gecko) Chrome/65.0.3325.181 Safari/537.36',
  'accept' => 'text/html,application/xhtml+xml,application/xml;q=0.9,image/webp,image/apng,*/*;q=0.8',
  'referer' => 'http://tp2.com/public/admin/admin/lst.html?page=4',
  'accept-encoding' => 'gzip, deflate',
  'accept-language' => 'zh-CN,zh;q=0.9',
  'cookie' => 'PHPSESSID=b6c514437e76c09636de1fa7af36be21',
)
[ info ] [ PARAM ] array (
)
[ info ] [ SESSION ] INIT array (
  'id' => '',
  'var_session_id' => '',
  'prefix' => 'think',
  'type' => '',
  'auto_start' => true,
)
[ info ] [ RUN ] app\admin\controller\Cate->lst[ /Volumes/HighSierraFile/HighSierraFile/www/new/tp2/application/admin/controller/Cate.php ]
[ info ] [ DB ] INIT mysql
[ info ] [ VIEW ] /Volumes/HighSierraFile/HighSierraFile/www/new/tp2/public/../application/admin/view/cate/lst.htm [ array (
  0 => 'cateres',
) ]
[ info ] [ LOG ] INIT File
[ sql ] [ DB ] CONNECT:[ UseTime:0.000638s ] mysql:host=127.0.0.1;dbname=bick;charset=utf8
[ sql ] [ SQL ] SHOW COLUMNS FROM `bk_cate` [ RunTime:0.012644s ]
[ sql ] [ SQL ] SELECT * FROM `bk_cate` ORDER BY sort desc [ RunTime:0.000805s ]
---------------------------------------------------------------
[ 2018-04-12T21:51:03+08:00 ] 0.0.0.0 GET /public/static/admin/fonts/fontawesome-webfont.woff2?v=4.3.0
[ info ] tp2.com/public/static/admin/fonts/fontawesome-webfont.woff2?v=4.3.0 [运行时间：0.033036s][吞吐率：30.27req/s] [内存消耗：1,512.19kb] [文件加载：38]
[ info ] [ LANG ] /Volumes/HighSierraFile/HighSierraFile/www/new/tp2/thinkphp/lang/zh-cn.php
[ info ] [ ROUTE ] array (
  'type' => 'module',
  'module' => 
  array (
    0 => 'static',
    1 => 'admin',
    2 => 'fonts',
  ),
)
[ info ] [ HEADER ] array (
  'host' => 'tp2.com',
  'connection' => 'keep-alive',
  'origin' => 'http://tp2.com',
  'user-agent' => 'Mozilla/5.0 (Macintosh; Intel Mac OS X 10_13_4) AppleWebKit/537.36 (KHTML, like Gecko) Chrome/65.0.3325.181 Safari/537.36',
  'accept' => '*/*',
  'referer' => 'http://tp2.com/public/static/admin/style/font-awesome.css',
  'accept-encoding' => 'gzip, deflate',
  'accept-language' => 'zh-CN,zh;q=0.9',
  'cookie' => 'PHPSESSID=b6c514437e76c09636de1fa7af36be21',
)
[ info ] [ PARAM ] array (
  'v' => '4.3.0',
)
[ info ] [ LOG ] INIT File
