---------------------------------------------------------------
[ 2018-04-15T22:32:14+08:00 ] 192.168.0.104 GET /public/admin/article/lst.html
[ info ] tp2.com/public/admin/article/lst.html [运行时间：0.064834s][吞吐率：15.42req/s] [内存消耗：3,415.55kb] [文件加载：61]
[ info ] [ LANG ] /Volumes/HighSierraFile/HighSierraFile/www/new/tp2/thinkphp/lang/zh-cn.php
[ info ] [ ROUTE ] array (
  'type' => 'module',
  'module' => 
  array (
    0 => 'admin',
    1 => 'article',
    2 => 'lst',
  ),
)
[ info ] [ HEADER ] array (
  'host' => 'tp2.com',
  'connection' => 'keep-alive',
  'cache-control' => 'max-age=0',
  'upgrade-insecure-requests' => '1',
  'user-agent' => 'Mozilla/5.0 (Macintosh; Intel Mac OS X 10_13_4) AppleWebKit/537.36 (KHTML, like Gecko) Chrome/65.0.3325.181 Safari/537.36',
  'accept' => 'text/html,application/xhtml+xml,application/xml;q=0.9,image/webp,image/apng,*/*;q=0.8',
  'referer' => 'http://tp2.com/public/admin/article/edit/id/1.html',
  'accept-encoding' => 'gzip, deflate',
  'accept-language' => 'zh-CN,zh;q=0.9',
  'cookie' => 'PHPSESSID=19283b496eed852509a18e57c503397a',
)
[ info ] [ PARAM ] array (
)
[ info ] [ SESSION ] INIT array (
  'id' => '',
  'var_session_id' => '',
  'prefix' => 'think',
  'type' => '',
  'auto_start' => true,
)
[ info ] [ RUN ] app\admin\controller\Article->lst[ /Volumes/HighSierraFile/HighSierraFile/www/new/tp2/application/admin/controller/Article.php ]
[ info ] [ DB ] INIT mysql
[ info ] [ VIEW ] /Volumes/HighSierraFile/HighSierraFile/www/new/tp2/public/../application/admin/view/article/lst.htm [ array (
  0 => 'article',
) ]
[ info ] [ LOG ] INIT File
[ sql ] [ DB ] CONNECT:[ UseTime:0.000644s ] mysql:host=127.0.0.1;dbname=bick;charset=utf8
[ sql ] [ SQL ] SHOW COLUMNS FROM `bk_cate` [ RunTime:0.010297s ]
[ sql ] [ SQL ] SELECT COUNT(*) AS tp_count FROM `bk_cate` `cate` INNER JOIN `bk_article` `article` ON `cate`.`id`=`article`.`cateid` LIMIT 1 [ RunTime:0.000468s ]
[ sql ] [ SQL ] SELECT `cate`.`catename`,`article`.`id`,`article`.`title`,`article`.`author`,`article`.`thumb` FROM `bk_cate` `cate` INNER JOIN `bk_article` `article` ON `cate`.`id`=`article`.`cateid` LIMIT 0,1 [ RunTime:0.000474s ]
---------------------------------------------------------------
[ 2018-04-15T22:32:14+08:00 ] 192.168.0.104 GET /public/static/admin/fonts/fontawesome-webfont.woff2?v=4.3.0
[ info ] tp2.com/public/static/admin/fonts/fontawesome-webfont.woff2?v=4.3.0 [运行时间：0.070116s][吞吐率：14.26req/s] [内存消耗：1,512.19kb] [文件加载：38]
[ info ] [ LANG ] /Volumes/HighSierraFile/HighSierraFile/www/new/tp2/thinkphp/lang/zh-cn.php
[ info ] [ ROUTE ] array (
  'type' => 'module',
  'module' => 
  array (
    0 => 'static',
    1 => 'admin',
    2 => 'fonts',
  ),
)
[ info ] [ HEADER ] array (
  'host' => 'tp2.com',
  'connection' => 'keep-alive',
  'origin' => 'http://tp2.com',
  'user-agent' => 'Mozilla/5.0 (Macintosh; Intel Mac OS X 10_13_4) AppleWebKit/537.36 (KHTML, like Gecko) Chrome/65.0.3325.181 Safari/537.36',
  'accept' => '*/*',
  'referer' => 'http://tp2.com/public/static/admin/style/font-awesome.css',
  'accept-encoding' => 'gzip, deflate',
  'accept-language' => 'zh-CN,zh;q=0.9',
  'cookie' => 'PHPSESSID=19283b496eed852509a18e57c503397a',
)
[ info ] [ PARAM ] array (
  'v' => '4.3.0',
)
[ info ] [ LOG ] INIT File
---------------------------------------------------------------
[ 2018-04-15T22:32:18+08:00 ] 192.168.0.104 GET /public/admin/article/lst.html
[ info ] tp2.com/public/admin/article/lst.html [运行时间：0.056133s][吞吐率：17.81req/s] [内存消耗：3,246.93kb] [文件加载：59]
[ info ] [ LANG ] /Volumes/HighSierraFile/HighSierraFile/www/new/tp2/thinkphp/lang/zh-cn.php
[ info ] [ ROUTE ] array (
  'type' => 'module',
  'module' => 
  array (
    0 => 'admin',
    1 => 'article',
    2 => 'lst',
  ),
)
[ info ] [ HEADER ] array (
  'host' => 'tp2.com',
  'connection' => 'keep-alive',
  'cache-control' => 'max-age=0',
  'upgrade-insecure-requests' => '1',
  'user-agent' => 'Mozilla/5.0 (Macintosh; Intel Mac OS X 10_13_4) AppleWebKit/537.36 (KHTML, like Gecko) Chrome/65.0.3325.181 Safari/537.36',
  'accept' => 'text/html,application/xhtml+xml,application/xml;q=0.9,image/webp,image/apng,*/*;q=0.8',
  'referer' => 'http://tp2.com/public/admin/article/edit/id/1.html',
  'accept-encoding' => 'gzip, deflate',
  'accept-language' => 'zh-CN,zh;q=0.9',
  'cookie' => 'PHPSESSID=19283b496eed852509a18e57c503397a',
)
[ info ] [ PARAM ] array (
)
[ info ] [ SESSION ] INIT array (
  'id' => '',
  'var_session_id' => '',
  'prefix' => 'think',
  'type' => '',
  'auto_start' => true,
)
[ info ] [ RUN ] app\admin\controller\Article->lst[ /Volumes/HighSierraFile/HighSierraFile/www/new/tp2/application/admin/controller/Article.php ]
[ info ] [ DB ] INIT mysql
[ info ] [ VIEW ] /Volumes/HighSierraFile/HighSierraFile/www/new/tp2/public/../application/admin/view/article/lst.htm [ array (
  0 => 'article',
) ]
[ info ] [ LOG ] INIT File
[ sql ] [ DB ] CONNECT:[ UseTime:0.000619s ] mysql:host=127.0.0.1;dbname=bick;charset=utf8
[ sql ] [ SQL ] SHOW COLUMNS FROM `bk_cate` [ RunTime:0.009263s ]
[ sql ] [ SQL ] SELECT COUNT(*) AS tp_count FROM `bk_cate` `cate` INNER JOIN `bk_article` `article` ON `cate`.`id`=`article`.`cateid` LIMIT 1 [ RunTime:0.000467s ]
[ sql ] [ SQL ] SELECT `cate`.`catename`,`article`.`id`,`article`.`title`,`article`.`author`,`article`.`thumb` FROM `bk_cate` `cate` INNER JOIN `bk_article` `article` ON `cate`.`id`=`article`.`cateid` LIMIT 0,1 [ RunTime:0.000425s ]
---------------------------------------------------------------
[ 2018-04-15T22:32:18+08:00 ] 192.168.0.104 GET /public/static/admin/fonts/fontawesome-webfont.woff2?v=4.3.0
[ info ] tp2.com/public/static/admin/fonts/fontawesome-webfont.woff2?v=4.3.0 [运行时间：0.078040s][吞吐率：12.81req/s] [内存消耗：1,512.19kb] [文件加载：38]
[ info ] [ LANG ] /Volumes/HighSierraFile/HighSierraFile/www/new/tp2/thinkphp/lang/zh-cn.php
[ info ] [ ROUTE ] array (
  'type' => 'module',
  'module' => 
  array (
    0 => 'static',
    1 => 'admin',
    2 => 'fonts',
  ),
)
[ info ] [ HEADER ] array (
  'host' => 'tp2.com',
  'connection' => 'keep-alive',
  'origin' => 'http://tp2.com',
  'user-agent' => 'Mozilla/5.0 (Macintosh; Intel Mac OS X 10_13_4) AppleWebKit/537.36 (KHTML, like Gecko) Chrome/65.0.3325.181 Safari/537.36',
  'accept' => '*/*',
  'referer' => 'http://tp2.com/public/static/admin/style/font-awesome.css',
  'accept-encoding' => 'gzip, deflate',
  'accept-language' => 'zh-CN,zh;q=0.9',
  'cookie' => 'PHPSESSID=19283b496eed852509a18e57c503397a',
)
[ info ] [ PARAM ] array (
  'v' => '4.3.0',
)
[ info ] [ LOG ] INIT File
---------------------------------------------------------------
[ 2018-04-15T22:32:24+08:00 ] 192.168.0.104 GET /public/admin/article/lst.html
[ info ] tp2.com/public/admin/article/lst.html [运行时间：0.050286s][吞吐率：19.89req/s] [内存消耗：3,246.93kb] [文件加载：59]
[ info ] [ LANG ] /Volumes/HighSierraFile/HighSierraFile/www/new/tp2/thinkphp/lang/zh-cn.php
[ info ] [ ROUTE ] array (
  'type' => 'module',
  'module' => 
  array (
    0 => 'admin',
    1 => 'article',
    2 => 'lst',
  ),
)
[ info ] [ HEADER ] array (
  'host' => 'tp2.com',
  'connection' => 'keep-alive',
  'cache-control' => 'max-age=0',
  'upgrade-insecure-requests' => '1',
  'user-agent' => 'Mozilla/5.0 (Macintosh; Intel Mac OS X 10_13_4) AppleWebKit/537.36 (KHTML, like Gecko) Chrome/65.0.3325.181 Safari/537.36',
  'accept' => 'text/html,application/xhtml+xml,application/xml;q=0.9,image/webp,image/apng,*/*;q=0.8',
  'referer' => 'http://tp2.com/public/admin/article/edit/id/1.html',
  'accept-encoding' => 'gzip, deflate',
  'accept-language' => 'zh-CN,zh;q=0.9',
  'cookie' => 'PHPSESSID=19283b496eed852509a18e57c503397a',
)
[ info ] [ PARAM ] array (
)
[ info ] [ SESSION ] INIT array (
  'id' => '',
  'var_session_id' => '',
  'prefix' => 'think',
  'type' => '',
  'auto_start' => true,
)
[ info ] [ RUN ] app\admin\controller\Article->lst[ /Volumes/HighSierraFile/HighSierraFile/www/new/tp2/application/admin/controller/Article.php ]
[ info ] [ DB ] INIT mysql
[ info ] [ VIEW ] /Volumes/HighSierraFile/HighSierraFile/www/new/tp2/public/../application/admin/view/article/lst.htm [ array (
  0 => 'article',
) ]
[ info ] [ LOG ] INIT File
[ sql ] [ DB ] CONNECT:[ UseTime:0.000801s ] mysql:host=127.0.0.1;dbname=bick;charset=utf8
[ sql ] [ SQL ] SHOW COLUMNS FROM `bk_cate` [ RunTime:0.002735s ]
[ sql ] [ SQL ] SELECT COUNT(*) AS tp_count FROM `bk_cate` `cate` INNER JOIN `bk_article` `article` ON `cate`.`id`=`article`.`cateid` LIMIT 1 [ RunTime:0.000479s ]
[ sql ] [ SQL ] SELECT `cate`.`catename`,`article`.`id`,`article`.`title`,`article`.`author`,`article`.`thumb` FROM `bk_cate` `cate` INNER JOIN `bk_article` `article` ON `cate`.`id`=`article`.`cateid` LIMIT 0,1 [ RunTime:0.000476s ]
---------------------------------------------------------------
[ 2018-04-15T22:32:24+08:00 ] 192.168.0.104 GET /public/static/admin/fonts/fontawesome-webfont.woff2?v=4.3.0
[ info ] tp2.com/public/static/admin/fonts/fontawesome-webfont.woff2?v=4.3.0 [运行时间：0.060085s][吞吐率：16.64req/s] [内存消耗：1,512.19kb] [文件加载：38]
[ info ] [ LANG ] /Volumes/HighSierraFile/HighSierraFile/www/new/tp2/thinkphp/lang/zh-cn.php
[ info ] [ ROUTE ] array (
  'type' => 'module',
  'module' => 
  array (
    0 => 'static',
    1 => 'admin',
    2 => 'fonts',
  ),
)
[ info ] [ HEADER ] array (
  'host' => 'tp2.com',
  'connection' => 'keep-alive',
  'origin' => 'http://tp2.com',
  'user-agent' => 'Mozilla/5.0 (Macintosh; Intel Mac OS X 10_13_4) AppleWebKit/537.36 (KHTML, like Gecko) Chrome/65.0.3325.181 Safari/537.36',
  'accept' => '*/*',
  'referer' => 'http://tp2.com/public/static/admin/style/font-awesome.css',
  'accept-encoding' => 'gzip, deflate',
  'accept-language' => 'zh-CN,zh;q=0.9',
  'cookie' => 'PHPSESSID=19283b496eed852509a18e57c503397a',
)
[ info ] [ PARAM ] array (
  'v' => '4.3.0',
)
[ info ] [ LOG ] INIT File
---------------------------------------------------------------
[ 2018-04-15T22:33:13+08:00 ] 192.168.0.104 GET /public/admin/article/lst.html
[ info ] tp2.com/public/admin/article/lst.html [运行时间：0.066651s][吞吐率：15.00req/s] [内存消耗：3,397.10kb] [文件加载：62]
[ info ] [ LANG ] /Volumes/HighSierraFile/HighSierraFile/www/new/tp2/thinkphp/lang/zh-cn.php
[ info ] [ ROUTE ] array (
  'type' => 'module',
  'module' => 
  array (
    0 => 'admin',
    1 => 'article',
    2 => 'lst',
  ),
)
[ info ] [ HEADER ] array (
  'host' => 'tp2.com',
  'connection' => 'keep-alive',
  'cache-control' => 'max-age=0',
  'upgrade-insecure-requests' => '1',
  'user-agent' => 'Mozilla/5.0 (Macintosh; Intel Mac OS X 10_13_4) AppleWebKit/537.36 (KHTML, like Gecko) Chrome/65.0.3325.181 Safari/537.36',
  'accept' => 'text/html,application/xhtml+xml,application/xml;q=0.9,image/webp,image/apng,*/*;q=0.8',
  'referer' => 'http://tp2.com/public/admin/article/edit/id/1.html',
  'accept-encoding' => 'gzip, deflate',
  'accept-language' => 'zh-CN,zh;q=0.9',
  'cookie' => 'PHPSESSID=19283b496eed852509a18e57c503397a',
)
[ info ] [ PARAM ] array (
)
[ info ] [ SESSION ] INIT array (
  'id' => '',
  'var_session_id' => '',
  'prefix' => 'think',
  'type' => '',
  'auto_start' => true,
)
[ info ] [ RUN ] app\admin\controller\Article->lst[ /Volumes/HighSierraFile/HighSierraFile/www/new/tp2/application/admin/controller/Article.php ]
[ info ] [ DB ] INIT mysql
[ info ] [ VIEW ] /Volumes/HighSierraFile/HighSierraFile/www/new/tp2/public/../application/admin/view/article/lst.htm [ array (
  0 => 'article',
) ]
[ info ] [ LOG ] INIT File
[ sql ] [ DB ] CONNECT:[ UseTime:0.000588s ] mysql:host=127.0.0.1;dbname=bick;charset=utf8
[ sql ] [ SQL ] SHOW COLUMNS FROM `bk_cate` [ RunTime:0.011206s ]
[ sql ] [ SQL ] SELECT COUNT(*) AS tp_count FROM `bk_cate` `cate` INNER JOIN `bk_article` `article` ON `cate`.`id`=`article`.`cateid` LIMIT 1 [ RunTime:0.000538s ]
[ sql ] [ SQL ] SELECT `cate`.`catename`,`article`.`id`,`article`.`title`,`article`.`author`,`article`.`thumb` FROM `bk_cate` `cate` INNER JOIN `bk_article` `article` ON `cate`.`id`=`article`.`cateid` LIMIT 0,1 [ RunTime:0.000454s ]
[ error ] [0]语法解析错误: syntax error, unexpected ')', expecting ',' or ';'[/Volumes/HighSierraFile/HighSierraFile/www/new/tp2/runtime/temp/3ece5606e5e949c5f5e7677b490fb7dc.php:228]
---------------------------------------------------------------
[ 2018-04-15T22:33:26+08:00 ] 192.168.0.104 GET /public/admin/article/lst.html
[ info ] tp2.com/public/admin/article/lst.html [运行时间：0.059859s][吞吐率：16.71req/s] [内存消耗：3,415.54kb] [文件加载：61]
[ info ] [ LANG ] /Volumes/HighSierraFile/HighSierraFile/www/new/tp2/thinkphp/lang/zh-cn.php
[ info ] [ ROUTE ] array (
  'type' => 'module',
  'module' => 
  array (
    0 => 'admin',
    1 => 'article',
    2 => 'lst',
  ),
)
[ info ] [ HEADER ] array (
  'host' => 'tp2.com',
  'connection' => 'keep-alive',
  'cache-control' => 'max-age=0',
  'upgrade-insecure-requests' => '1',
  'user-agent' => 'Mozilla/5.0 (Macintosh; Intel Mac OS X 10_13_4) AppleWebKit/537.36 (KHTML, like Gecko) Chrome/65.0.3325.181 Safari/537.36',
  'accept' => 'text/html,application/xhtml+xml,application/xml;q=0.9,image/webp,image/apng,*/*;q=0.8',
  'referer' => 'http://tp2.com/public/admin/article/edit/id/1.html',
  'accept-encoding' => 'gzip, deflate',
  'accept-language' => 'zh-CN,zh;q=0.9',
  'cookie' => 'PHPSESSID=19283b496eed852509a18e57c503397a',
)
[ info ] [ PARAM ] array (
)
[ info ] [ SESSION ] INIT array (
  'id' => '',
  'var_session_id' => '',
  'prefix' => 'think',
  'type' => '',
  'auto_start' => true,
)
[ info ] [ RUN ] app\admin\controller\Article->lst[ /Volumes/HighSierraFile/HighSierraFile/www/new/tp2/application/admin/controller/Article.php ]
[ info ] [ DB ] INIT mysql
[ info ] [ VIEW ] /Volumes/HighSierraFile/HighSierraFile/www/new/tp2/public/../application/admin/view/article/lst.htm [ array (
  0 => 'article',
) ]
[ info ] [ LOG ] INIT File
[ sql ] [ DB ] CONNECT:[ UseTime:0.000642s ] mysql:host=127.0.0.1;dbname=bick;charset=utf8
[ sql ] [ SQL ] SHOW COLUMNS FROM `bk_cate` [ RunTime:0.009900s ]
[ sql ] [ SQL ] SELECT COUNT(*) AS tp_count FROM `bk_cate` `cate` INNER JOIN `bk_article` `article` ON `cate`.`id`=`article`.`cateid` LIMIT 1 [ RunTime:0.000521s ]
[ sql ] [ SQL ] SELECT `cate`.`catename`,`article`.`id`,`article`.`title`,`article`.`author`,`article`.`thumb` FROM `bk_cate` `cate` INNER JOIN `bk_article` `article` ON `cate`.`id`=`article`.`cateid` LIMIT 0,1 [ RunTime:0.000509s ]
---------------------------------------------------------------
[ 2018-04-15T22:33:26+08:00 ] 192.168.0.104 GET /public/static/admin/fonts/fontawesome-webfont.woff2?v=4.3.0
[ info ] tp2.com/public/static/admin/fonts/fontawesome-webfont.woff2?v=4.3.0 [运行时间：0.033282s][吞吐率：30.05req/s] [内存消耗：1,512.19kb] [文件加载：38]
[ info ] [ LANG ] /Volumes/HighSierraFile/HighSierraFile/www/new/tp2/thinkphp/lang/zh-cn.php
[ info ] [ ROUTE ] array (
  'type' => 'module',
  'module' => 
  array (
    0 => 'static',
    1 => 'admin',
    2 => 'fonts',
  ),
)
[ info ] [ HEADER ] array (
  'host' => 'tp2.com',
  'connection' => 'keep-alive',
  'origin' => 'http://tp2.com',
  'user-agent' => 'Mozilla/5.0 (Macintosh; Intel Mac OS X 10_13_4) AppleWebKit/537.36 (KHTML, like Gecko) Chrome/65.0.3325.181 Safari/537.36',
  'accept' => '*/*',
  'referer' => 'http://tp2.com/public/static/admin/style/font-awesome.css',
  'accept-encoding' => 'gzip, deflate',
  'accept-language' => 'zh-CN,zh;q=0.9',
  'cookie' => 'PHPSESSID=19283b496eed852509a18e57c503397a',
)
[ info ] [ PARAM ] array (
  'v' => '4.3.0',
)
[ info ] [ LOG ] INIT File
---------------------------------------------------------------
[ 2018-04-15T22:33:52+08:00 ] 192.168.0.104 GET /public/admin/article/lst.html
[ info ] tp2.com/public/admin/article/lst.html [运行时间：0.064886s][吞吐率：15.41req/s] [内存消耗：3,415.54kb] [文件加载：61]
[ info ] [ LANG ] /Volumes/HighSierraFile/HighSierraFile/www/new/tp2/thinkphp/lang/zh-cn.php
[ info ] [ ROUTE ] array (
  'type' => 'module',
  'module' => 
  array (
    0 => 'admin',
    1 => 'article',
    2 => 'lst',
  ),
)
[ info ] [ HEADER ] array (
  'host' => 'tp2.com',
  'connection' => 'keep-alive',
  'cache-control' => 'max-age=0',
  'upgrade-insecure-requests' => '1',
  'user-agent' => 'Mozilla/5.0 (Macintosh; Intel Mac OS X 10_13_4) AppleWebKit/537.36 (KHTML, like Gecko) Chrome/65.0.3325.181 Safari/537.36',
  'accept' => 'text/html,application/xhtml+xml,application/xml;q=0.9,image/webp,image/apng,*/*;q=0.8',
  'referer' => 'http://tp2.com/public/admin/article/edit/id/1.html',
  'accept-encoding' => 'gzip, deflate',
  'accept-language' => 'zh-CN,zh;q=0.9',
  'cookie' => 'PHPSESSID=19283b496eed852509a18e57c503397a',
)
[ info ] [ PARAM ] array (
)
[ info ] [ SESSION ] INIT array (
  'id' => '',
  'var_session_id' => '',
  'prefix' => 'think',
  'type' => '',
  'auto_start' => true,
)
[ info ] [ RUN ] app\admin\controller\Article->lst[ /Volumes/HighSierraFile/HighSierraFile/www/new/tp2/application/admin/controller/Article.php ]
[ info ] [ DB ] INIT mysql
[ info ] [ VIEW ] /Volumes/HighSierraFile/HighSierraFile/www/new/tp2/public/../application/admin/view/article/lst.htm [ array (
  0 => 'article',
) ]
[ info ] [ LOG ] INIT File
[ sql ] [ DB ] CONNECT:[ UseTime:0.000648s ] mysql:host=127.0.0.1;dbname=bick;charset=utf8
[ sql ] [ SQL ] SHOW COLUMNS FROM `bk_cate` [ RunTime:0.010423s ]
[ sql ] [ SQL ] SELECT COUNT(*) AS tp_count FROM `bk_cate` `cate` INNER JOIN `bk_article` `article` ON `cate`.`id`=`article`.`cateid` LIMIT 1 [ RunTime:0.000699s ]
[ sql ] [ SQL ] SELECT `cate`.`catename`,`article`.`id`,`article`.`title`,`article`.`author`,`article`.`thumb` FROM `bk_cate` `cate` INNER JOIN `bk_article` `article` ON `cate`.`id`=`article`.`cateid` LIMIT 0,1 [ RunTime:0.000580s ]
---------------------------------------------------------------
[ 2018-04-15T22:33:52+08:00 ] 192.168.0.104 GET /public/static/admin/fonts/fontawesome-webfont.woff2?v=4.3.0
[ info ] tp2.com/public/static/admin/fonts/fontawesome-webfont.woff2?v=4.3.0 [运行时间：0.035784s][吞吐率：27.95req/s] [内存消耗：1,512.19kb] [文件加载：38]
[ info ] [ LANG ] /Volumes/HighSierraFile/HighSierraFile/www/new/tp2/thinkphp/lang/zh-cn.php
[ info ] [ ROUTE ] array (
  'type' => 'module',
  'module' => 
  array (
    0 => 'static',
    1 => 'admin',
    2 => 'fonts',
  ),
)
[ info ] [ HEADER ] array (
  'host' => 'tp2.com',
  'connection' => 'keep-alive',
  'origin' => 'http://tp2.com',
  'user-agent' => 'Mozilla/5.0 (Macintosh; Intel Mac OS X 10_13_4) AppleWebKit/537.36 (KHTML, like Gecko) Chrome/65.0.3325.181 Safari/537.36',
  'accept' => '*/*',
  'referer' => 'http://tp2.com/public/static/admin/style/font-awesome.css',
  'accept-encoding' => 'gzip, deflate',
  'accept-language' => 'zh-CN,zh;q=0.9',
  'cookie' => 'PHPSESSID=19283b496eed852509a18e57c503397a',
)
[ info ] [ PARAM ] array (
  'v' => '4.3.0',
)
[ info ] [ LOG ] INIT File
---------------------------------------------------------------
[ 2018-04-15T22:33:56+08:00 ] 192.168.0.104 GET /public/admin/article/edit/id/1.html
[ info ] tp2.com/public/admin/article/edit/id/1.html [运行时间：0.090221s][吞吐率：11.08req/s] [内存消耗：3,358.59kb] [文件加载：59]
[ info ] [ LANG ] /Volumes/HighSierraFile/HighSierraFile/www/new/tp2/thinkphp/lang/zh-cn.php
[ info ] [ ROUTE ] array (
  'type' => 'module',
  'module' => 
  array (
    0 => 'admin',
    1 => 'article',
    2 => 'edit',
  ),
)
[ info ] [ HEADER ] array (
  'host' => 'tp2.com',
  'connection' => 'keep-alive',
  'upgrade-insecure-requests' => '1',
  'user-agent' => 'Mozilla/5.0 (Macintosh; Intel Mac OS X 10_13_4) AppleWebKit/537.36 (KHTML, like Gecko) Chrome/65.0.3325.181 Safari/537.36',
  'accept' => 'text/html,application/xhtml+xml,application/xml;q=0.9,image/webp,image/apng,*/*;q=0.8',
  'referer' => 'http://tp2.com/public/admin/article/lst.html',
  'accept-encoding' => 'gzip, deflate',
  'accept-language' => 'zh-CN,zh;q=0.9',
  'cookie' => 'PHPSESSID=19283b496eed852509a18e57c503397a',
)
[ info ] [ PARAM ] array (
  'id' => '1',
)
[ info ] [ SESSION ] INIT array (
  'id' => '',
  'var_session_id' => '',
  'prefix' => 'think',
  'type' => '',
  'auto_start' => true,
)
[ info ] [ RUN ] app\admin\controller\Article->edit[ /Volumes/HighSierraFile/HighSierraFile/www/new/tp2/application/admin/controller/Article.php ]
[ info ] [ DB ] INIT mysql
[ info ] [ VIEW ] /Volumes/HighSierraFile/HighSierraFile/www/new/tp2/public/../application/admin/view/article/edit.htm [ array (
  0 => 'cateres',
  1 => 'articleres',
) ]
[ info ] [ LOG ] INIT File
[ sql ] [ DB ] CONNECT:[ UseTime:0.001076s ] mysql:host=127.0.0.1;dbname=bick;charset=utf8
[ sql ] [ SQL ] SHOW COLUMNS FROM `bk_article` [ RunTime:0.011654s ]
[ sql ] [ SQL ] SELECT * FROM `bk_article` WHERE  `id` = 1 LIMIT 1 [ RunTime:0.001043s ]
[ sql ] [ SQL ] SHOW COLUMNS FROM `bk_cate` [ RunTime:0.003171s ]
[ sql ] [ SQL ] SELECT * FROM `bk_cate` ORDER BY sort desc [ RunTime:0.000483s ]
---------------------------------------------------------------
[ 2018-04-15T22:33:56+08:00 ] 192.168.0.104 GET /public/static/admin/fonts/fontawesome-webfont.woff2?v=4.3.0
[ info ] tp2.com/public/static/admin/fonts/fontawesome-webfont.woff2?v=4.3.0 [运行时间：0.044819s][吞吐率：22.31req/s] [内存消耗：1,512.19kb] [文件加载：38]
[ info ] [ LANG ] /Volumes/HighSierraFile/HighSierraFile/www/new/tp2/thinkphp/lang/zh-cn.php
[ info ] [ ROUTE ] array (
  'type' => 'module',
  'module' => 
  array (
    0 => 'static',
    1 => 'admin',
    2 => 'fonts',
  ),
)
[ info ] [ HEADER ] array (
  'host' => 'tp2.com',
  'connection' => 'keep-alive',
  'origin' => 'http://tp2.com',
  'user-agent' => 'Mozilla/5.0 (Macintosh; Intel Mac OS X 10_13_4) AppleWebKit/537.36 (KHTML, like Gecko) Chrome/65.0.3325.181 Safari/537.36',
  'accept' => '*/*',
  'referer' => 'http://tp2.com/public/static/admin/style/font-awesome.css',
  'accept-encoding' => 'gzip, deflate',
  'accept-language' => 'zh-CN,zh;q=0.9',
  'cookie' => 'PHPSESSID=19283b496eed852509a18e57c503397a',
)
[ info ] [ PARAM ] array (
  'v' => '4.3.0',
)
[ info ] [ LOG ] INIT File
---------------------------------------------------------------
[ 2018-04-15T22:33:57+08:00 ] 192.168.0.104 GET /public/admin/article/lst.html
[ info ] tp2.com/public/admin/article/lst.html [运行时间：0.057819s][吞吐率：17.30req/s] [内存消耗：3,246.85kb] [文件加载：59]
[ info ] [ LANG ] /Volumes/HighSierraFile/HighSierraFile/www/new/tp2/thinkphp/lang/zh-cn.php
[ info ] [ ROUTE ] array (
  'type' => 'module',
  'module' => 
  array (
    0 => 'admin',
    1 => 'article',
    2 => 'lst',
  ),
)
[ info ] [ HEADER ] array (
  'host' => 'tp2.com',
  'connection' => 'keep-alive',
  'upgrade-insecure-requests' => '1',
  'user-agent' => 'Mozilla/5.0 (Macintosh; Intel Mac OS X 10_13_4) AppleWebKit/537.36 (KHTML, like Gecko) Chrome/65.0.3325.181 Safari/537.36',
  'accept' => 'text/html,application/xhtml+xml,application/xml;q=0.9,image/webp,image/apng,*/*;q=0.8',
  'referer' => 'http://tp2.com/public/admin/article/edit/id/1.html',
  'accept-encoding' => 'gzip, deflate',
  'accept-language' => 'zh-CN,zh;q=0.9',
  'cookie' => 'PHPSESSID=19283b496eed852509a18e57c503397a',
)
[ info ] [ PARAM ] array (
)
[ info ] [ SESSION ] INIT array (
  'id' => '',
  'var_session_id' => '',
  'prefix' => 'think',
  'type' => '',
  'auto_start' => true,
)
[ info ] [ RUN ] app\admin\controller\Article->lst[ /Volumes/HighSierraFile/HighSierraFile/www/new/tp2/application/admin/controller/Article.php ]
[ info ] [ DB ] INIT mysql
[ info ] [ VIEW ] /Volumes/HighSierraFile/HighSierraFile/www/new/tp2/public/../application/admin/view/article/lst.htm [ array (
  0 => 'article',
) ]
[ info ] [ LOG ] INIT File
[ sql ] [ DB ] CONNECT:[ UseTime:0.000659s ] mysql:host=127.0.0.1;dbname=bick;charset=utf8
[ sql ] [ SQL ] SHOW COLUMNS FROM `bk_cate` [ RunTime:0.009587s ]
[ sql ] [ SQL ] SELECT COUNT(*) AS tp_count FROM `bk_cate` `cate` INNER JOIN `bk_article` `article` ON `cate`.`id`=`article`.`cateid` LIMIT 1 [ RunTime:0.000538s ]
[ sql ] [ SQL ] SELECT `cate`.`catename`,`article`.`id`,`article`.`title`,`article`.`author`,`article`.`thumb` FROM `bk_cate` `cate` INNER JOIN `bk_article` `article` ON `cate`.`id`=`article`.`cateid` LIMIT 0,1 [ RunTime:0.000566s ]
---------------------------------------------------------------
[ 2018-04-15T22:34:25+08:00 ] 192.168.0.104 GET /public/admin/article/lst.html
[ info ] tp2.com/public/admin/article/lst.html [运行时间：0.068504s][吞吐率：14.60req/s] [内存消耗：3,415.54kb] [文件加载：61]
[ info ] [ LANG ] /Volumes/HighSierraFile/HighSierraFile/www/new/tp2/thinkphp/lang/zh-cn.php
[ info ] [ ROUTE ] array (
  'type' => 'module',
  'module' => 
  array (
    0 => 'admin',
    1 => 'article',
    2 => 'lst',
  ),
)
[ info ] [ HEADER ] array (
  'host' => 'tp2.com',
  'connection' => 'keep-alive',
  'cache-control' => 'max-age=0',
  'upgrade-insecure-requests' => '1',
  'user-agent' => 'Mozilla/5.0 (Macintosh; Intel Mac OS X 10_13_4) AppleWebKit/537.36 (KHTML, like Gecko) Chrome/65.0.3325.181 Safari/537.36',
  'accept' => 'text/html,application/xhtml+xml,application/xml;q=0.9,image/webp,image/apng,*/*;q=0.8',
  'referer' => 'http://tp2.com/public/admin/article/edit/id/1.html',
  'accept-encoding' => 'gzip, deflate',
  'accept-language' => 'zh-CN,zh;q=0.9',
  'cookie' => 'PHPSESSID=19283b496eed852509a18e57c503397a',
)
[ info ] [ PARAM ] array (
)
[ info ] [ SESSION ] INIT array (
  'id' => '',
  'var_session_id' => '',
  'prefix' => 'think',
  'type' => '',
  'auto_start' => true,
)
[ info ] [ RUN ] app\admin\controller\Article->lst[ /Volumes/HighSierraFile/HighSierraFile/www/new/tp2/application/admin/controller/Article.php ]
[ info ] [ DB ] INIT mysql
[ info ] [ VIEW ] /Volumes/HighSierraFile/HighSierraFile/www/new/tp2/public/../application/admin/view/article/lst.htm [ array (
  0 => 'article',
) ]
[ info ] [ LOG ] INIT File
[ sql ] [ DB ] CONNECT:[ UseTime:0.000616s ] mysql:host=127.0.0.1;dbname=bick;charset=utf8
[ sql ] [ SQL ] SHOW COLUMNS FROM `bk_cate` [ RunTime:0.011838s ]
[ sql ] [ SQL ] SELECT COUNT(*) AS tp_count FROM `bk_cate` `cate` INNER JOIN `bk_article` `article` ON `cate`.`id`=`article`.`cateid` LIMIT 1 [ RunTime:0.000618s ]
[ sql ] [ SQL ] SELECT `cate`.`catename`,`article`.`id`,`article`.`title`,`article`.`author`,`article`.`thumb` FROM `bk_cate` `cate` INNER JOIN `bk_article` `article` ON `cate`.`id`=`article`.`cateid` LIMIT 0,1 [ RunTime:0.000640s ]
---------------------------------------------------------------
[ 2018-04-15T22:34:25+08:00 ] 192.168.0.104 GET /public/static/admin/fonts/fontawesome-webfont.woff2?v=4.3.0
[ info ] tp2.com/public/static/admin/fonts/fontawesome-webfont.woff2?v=4.3.0 [运行时间：0.069558s][吞吐率：14.38req/s] [内存消耗：1,512.19kb] [文件加载：38]
[ info ] [ LANG ] /Volumes/HighSierraFile/HighSierraFile/www/new/tp2/thinkphp/lang/zh-cn.php
[ info ] [ ROUTE ] array (
  'type' => 'module',
  'module' => 
  array (
    0 => 'static',
    1 => 'admin',
    2 => 'fonts',
  ),
)
[ info ] [ HEADER ] array (
  'host' => 'tp2.com',
  'connection' => 'keep-alive',
  'origin' => 'http://tp2.com',
  'user-agent' => 'Mozilla/5.0 (Macintosh; Intel Mac OS X 10_13_4) AppleWebKit/537.36 (KHTML, like Gecko) Chrome/65.0.3325.181 Safari/537.36',
  'accept' => '*/*',
  'referer' => 'http://tp2.com/public/static/admin/style/font-awesome.css',
  'accept-encoding' => 'gzip, deflate',
  'accept-language' => 'zh-CN,zh;q=0.9',
  'cookie' => 'PHPSESSID=19283b496eed852509a18e57c503397a',
)
[ info ] [ PARAM ] array (
  'v' => '4.3.0',
)
[ info ] [ LOG ] INIT File
---------------------------------------------------------------
[ 2018-04-15T22:34:33+08:00 ] 192.168.0.104 GET /public/admin/article/lst.html
[ info ] tp2.com/public/admin/article/lst.html [运行时间：0.071483s][吞吐率：13.99req/s] [内存消耗：3,246.43kb] [文件加载：59]
[ info ] [ LANG ] /Volumes/HighSierraFile/HighSierraFile/www/new/tp2/thinkphp/lang/zh-cn.php
[ info ] [ ROUTE ] array (
  'type' => 'module',
  'module' => 
  array (
    0 => 'admin',
    1 => 'article',
    2 => 'lst',
  ),
)
[ info ] [ HEADER ] array (
  'host' => 'tp2.com',
  'connection' => 'keep-alive',
  'upgrade-insecure-requests' => '1',
  'user-agent' => 'Mozilla/5.0 (Macintosh; Intel Mac OS X 10_13_4) AppleWebKit/537.36 (KHTML, like Gecko) Chrome/65.0.3325.181 Safari/537.36',
  'accept' => 'text/html,application/xhtml+xml,application/xml;q=0.9,image/webp,image/apng,*/*;q=0.8',
  'accept-encoding' => 'gzip, deflate',
  'accept-language' => 'zh-CN,zh;q=0.9',
  'cookie' => 'PHPSESSID=19283b496eed852509a18e57c503397a',
)
[ info ] [ PARAM ] array (
)
[ info ] [ SESSION ] INIT array (
  'id' => '',
  'var_session_id' => '',
  'prefix' => 'think',
  'type' => '',
  'auto_start' => true,
)
[ info ] [ RUN ] app\admin\controller\Article->lst[ /Volumes/HighSierraFile/HighSierraFile/www/new/tp2/application/admin/controller/Article.php ]
[ info ] [ DB ] INIT mysql
[ info ] [ VIEW ] /Volumes/HighSierraFile/HighSierraFile/www/new/tp2/public/../application/admin/view/article/lst.htm [ array (
  0 => 'article',
) ]
[ info ] [ LOG ] INIT File
[ sql ] [ DB ] CONNECT:[ UseTime:0.000588s ] mysql:host=127.0.0.1;dbname=bick;charset=utf8
[ sql ] [ SQL ] SHOW COLUMNS FROM `bk_cate` [ RunTime:0.010521s ]
[ sql ] [ SQL ] SELECT COUNT(*) AS tp_count FROM `bk_cate` `cate` INNER JOIN `bk_article` `article` ON `cate`.`id`=`article`.`cateid` LIMIT 1 [ RunTime:0.000642s ]
[ sql ] [ SQL ] SELECT `cate`.`catename`,`article`.`id`,`article`.`title`,`article`.`author`,`article`.`thumb` FROM `bk_cate` `cate` INNER JOIN `bk_article` `article` ON `cate`.`id`=`article`.`cateid` LIMIT 0,1 [ RunTime:0.000535s ]
---------------------------------------------------------------
[ 2018-04-15T22:34:33+08:00 ] 192.168.0.104 GET /public/static/admin/fonts/fontawesome-webfont.woff2?v=4.3.0
[ info ] tp2.com/public/static/admin/fonts/fontawesome-webfont.woff2?v=4.3.0 [运行时间：0.033157s][吞吐率：30.16req/s] [内存消耗：1,512.19kb] [文件加载：38]
[ info ] [ LANG ] /Volumes/HighSierraFile/HighSierraFile/www/new/tp2/thinkphp/lang/zh-cn.php
[ info ] [ ROUTE ] array (
  'type' => 'module',
  'module' => 
  array (
    0 => 'static',
    1 => 'admin',
    2 => 'fonts',
  ),
)
[ info ] [ HEADER ] array (
  'host' => 'tp2.com',
  'connection' => 'keep-alive',
  'origin' => 'http://tp2.com',
  'user-agent' => 'Mozilla/5.0 (Macintosh; Intel Mac OS X 10_13_4) AppleWebKit/537.36 (KHTML, like Gecko) Chrome/65.0.3325.181 Safari/537.36',
  'accept' => '*/*',
  'referer' => 'http://tp2.com/public/static/admin/style/font-awesome.css',
  'accept-encoding' => 'gzip, deflate',
  'accept-language' => 'zh-CN,zh;q=0.9',
  'cookie' => 'PHPSESSID=19283b496eed852509a18e57c503397a',
)
[ info ] [ PARAM ] array (
  'v' => '4.3.0',
)
[ info ] [ LOG ] INIT File
---------------------------------------------------------------
[ 2018-04-15T22:38:37+08:00 ] 192.168.0.104 GET /public/
[ info ] 192.168.0.104/public/ [运行时间：0.039944s][吞吐率：25.04req/s] [内存消耗：2,073.58kb] [文件加载：45]
[ info ] [ LANG ] /Volumes/HighSierraFile/HighSierraFile/www/new/tp2/thinkphp/lang/zh-cn.php
[ info ] [ ROUTE ] array (
  'type' => 'module',
  'module' => 
  array (
    0 => '',
    1 => NULL,
    2 => NULL,
  ),
)
[ info ] [ HEADER ] array (
  'host' => '192.168.0.104',
  'connection' => 'keep-alive',
  'upgrade-insecure-requests' => '1',
  'user-agent' => 'Mozilla/5.0 (Macintosh; Intel Mac OS X 10_13_4) AppleWebKit/537.36 (KHTML, like Gecko) Chrome/65.0.3325.181 Safari/537.36',
  'accept' => 'text/html,application/xhtml+xml,application/xml;q=0.9,image/webp,image/apng,*/*;q=0.8',
  'accept-encoding' => 'gzip, deflate',
  'accept-language' => 'zh-CN,zh;q=0.9',
)
[ info ] [ PARAM ] array (
)
[ info ] [ RUN ] app\index\controller\Index->index[ /Volumes/HighSierraFile/HighSierraFile/www/new/tp2/application/index/controller/Index.php ]
[ info ] [ VIEW ] /Volumes/HighSierraFile/HighSierraFile/www/new/tp2/public/../application/index/view/index/index.htm [ array (
) ]
[ info ] [ LOG ] INIT File
---------------------------------------------------------------
[ 2018-04-15T22:38:38+08:00 ] 192.168.0.104 GET /public/static/index/style/jquery.form.js
[ info ] tp2.com/public/static/index/style/jquery.form.js [运行时间：0.033690s][吞吐率：29.68req/s] [内存消耗：1,511.03kb] [文件加载：38]
[ info ] [ LANG ] /Volumes/HighSierraFile/HighSierraFile/www/new/tp2/thinkphp/lang/zh-cn.php
[ info ] [ ROUTE ] array (
  'type' => 'module',
  'module' => 
  array (
    0 => 'static',
    1 => 'index',
    2 => 'style',
  ),
)
[ info ] [ HEADER ] array (
  'host' => 'tp2.com',
  'connection' => 'keep-alive',
  'user-agent' => 'Mozilla/5.0 (Macintosh; Intel Mac OS X 10_13_4) AppleWebKit/537.36 (KHTML, like Gecko) Chrome/65.0.3325.181 Safari/537.36',
  'accept' => '*/*',
  'referer' => 'http://192.168.0.104/public/',
  'accept-encoding' => 'gzip, deflate',
  'accept-language' => 'zh-CN,zh;q=0.9',
  'cookie' => 'PHPSESSID=19283b496eed852509a18e57c503397a',
)
[ info ] [ PARAM ] array (
)
[ info ] [ LOG ] INIT File
---------------------------------------------------------------
[ 2018-04-15T22:38:38+08:00 ] 192.168.0.104 GET /public/static/index/style/jquery.error.js
[ info ] tp2.com/public/static/index/style/jquery.error.js [运行时间：0.038800s][吞吐率：25.77req/s] [内存消耗：1,511.03kb] [文件加载：38]
[ info ] [ LANG ] /Volumes/HighSierraFile/HighSierraFile/www/new/tp2/thinkphp/lang/zh-cn.php
[ info ] [ ROUTE ] array (
  'type' => 'module',
  'module' => 
  array (
    0 => 'static',
    1 => 'index',
    2 => 'style',
  ),
)
[ info ] [ HEADER ] array (
  'host' => 'tp2.com',
  'connection' => 'keep-alive',
  'user-agent' => 'Mozilla/5.0 (Macintosh; Intel Mac OS X 10_13_4) AppleWebKit/537.36 (KHTML, like Gecko) Chrome/65.0.3325.181 Safari/537.36',
  'accept' => '*/*',
  'referer' => 'http://192.168.0.104/public/',
  'accept-encoding' => 'gzip, deflate',
  'accept-language' => 'zh-CN,zh;q=0.9',
  'cookie' => 'PHPSESSID=19283b496eed852509a18e57c503397a',
)
[ info ] [ PARAM ] array (
)
[ info ] [ LOG ] INIT File
---------------------------------------------------------------
[ 2018-04-15T22:38:38+08:00 ] 192.168.0.104 GET /public/static/index/images/loading.gif
[ info ] tp2.com/public/static/index/images/loading.gif [运行时间：0.055322s][吞吐率：18.08req/s] [内存消耗：1,511.33kb] [文件加载：38]
[ info ] [ LANG ] /Volumes/HighSierraFile/HighSierraFile/www/new/tp2/thinkphp/lang/zh-cn.php
[ info ] [ ROUTE ] array (
  'type' => 'module',
  'module' => 
  array (
    0 => 'static',
    1 => 'index',
    2 => 'images',
  ),
)
[ info ] [ HEADER ] array (
  'host' => 'tp2.com',
  'connection' => 'keep-alive',
  'user-agent' => 'Mozilla/5.0 (Macintosh; Intel Mac OS X 10_13_4) AppleWebKit/537.36 (KHTML, like Gecko) Chrome/65.0.3325.181 Safari/537.36',
  'accept' => 'image/webp,image/apng,image/*,*/*;q=0.8',
  'referer' => 'http://tp2.com/public/static/index/style/style.css',
  'accept-encoding' => 'gzip, deflate',
  'accept-language' => 'zh-CN,zh;q=0.9',
  'cookie' => 'PHPSESSID=19283b496eed852509a18e57c503397a',
)
[ info ] [ PARAM ] array (
)
[ info ] [ LOG ] INIT File
---------------------------------------------------------------
[ 2018-04-15T22:38:38+08:00 ] 192.168.0.104 GET /public/images/focus-left-bg.png
[ info ] 192.168.0.104/public/images/focus-left-bg.png [运行时间：0.074198s][吞吐率：13.48req/s] [内存消耗：1,510.88kb] [文件加载：38]
[ info ] [ LANG ] /Volumes/HighSierraFile/HighSierraFile/www/new/tp2/thinkphp/lang/zh-cn.php
[ info ] [ ROUTE ] array (
  'type' => 'module',
  'module' => 
  array (
    0 => 'images',
    1 => 'focus-left-bg.png',
    2 => NULL,
  ),
)
[ info ] [ HEADER ] array (
  'host' => '192.168.0.104',
  'connection' => 'keep-alive',
  'user-agent' => 'Mozilla/5.0 (Macintosh; Intel Mac OS X 10_13_4) AppleWebKit/537.36 (KHTML, like Gecko) Chrome/65.0.3325.181 Safari/537.36',
  'accept' => 'image/webp,image/apng,image/*,*/*;q=0.8',
  'referer' => 'http://192.168.0.104/public/',
  'accept-encoding' => 'gzip, deflate',
  'accept-language' => 'zh-CN,zh;q=0.9',
)
[ info ] [ PARAM ] array (
)
[ info ] [ LOG ] INIT File
---------------------------------------------------------------
[ 2018-04-15T22:38:38+08:00 ] 192.168.0.104 GET /public/style/img/hots_bg.png
[ info ] 192.168.0.104/public/style/img/hots_bg.png [运行时间：0.086035s][吞吐率：11.62req/s] [内存消耗：1,510.89kb] [文件加载：38]
[ info ] [ LANG ] /Volumes/HighSierraFile/HighSierraFile/www/new/tp2/thinkphp/lang/zh-cn.php
[ info ] [ ROUTE ] array (
  'type' => 'module',
  'module' => 
  array (
    0 => 'style',
    1 => 'img',
    2 => 'hots_bg.png',
  ),
)
[ info ] [ HEADER ] array (
  'host' => '192.168.0.104',
  'connection' => 'keep-alive',
  'user-agent' => 'Mozilla/5.0 (Macintosh; Intel Mac OS X 10_13_4) AppleWebKit/537.36 (KHTML, like Gecko) Chrome/65.0.3325.181 Safari/537.36',
  'accept' => 'image/webp,image/apng,image/*,*/*;q=0.8',
  'referer' => 'http://192.168.0.104/public/',
  'accept-encoding' => 'gzip, deflate',
  'accept-language' => 'zh-CN,zh;q=0.9',
)
[ info ] [ PARAM ] array (
)
[ info ] [ LOG ] INIT File
---------------------------------------------------------------
[ 2018-04-15T22:38:38+08:00 ] 192.168.0.104 GET /public/static/index/images/focus-bg2.png
[ info ] tp2.com/public/static/index/images/focus-bg2.png [运行时间：0.088326s][吞吐率：11.32req/s] [内存消耗：1,511.34kb] [文件加载：38]
[ info ] [ LANG ] /Volumes/HighSierraFile/HighSierraFile/www/new/tp2/thinkphp/lang/zh-cn.php
[ info ] [ ROUTE ] array (
  'type' => 'module',
  'module' => 
  array (
    0 => 'static',
    1 => 'index',
    2 => 'images',
  ),
)
[ info ] [ HEADER ] array (
  'host' => 'tp2.com',
  'connection' => 'keep-alive',
  'user-agent' => 'Mozilla/5.0 (Macintosh; Intel Mac OS X 10_13_4) AppleWebKit/537.36 (KHTML, like Gecko) Chrome/65.0.3325.181 Safari/537.36',
  'accept' => 'image/webp,image/apng,image/*,*/*;q=0.8',
  'referer' => 'http://tp2.com/public/static/index/style/style.css',
  'accept-encoding' => 'gzip, deflate',
  'accept-language' => 'zh-CN,zh;q=0.9',
  'cookie' => 'PHPSESSID=19283b496eed852509a18e57c503397a',
)
[ info ] [ PARAM ] array (
)
[ info ] [ LOG ] INIT File
---------------------------------------------------------------
[ 2018-04-15T22:38:38+08:00 ] 192.168.0.104 GET /public/static/index/images/xh_area_title_h3.png
[ info ] tp2.com/public/static/index/images/xh_area_title_h3.png [运行时间：0.083107s][吞吐率：12.03req/s] [内存消耗：1,511.35kb] [文件加载：38]
[ info ] [ LANG ] /Volumes/HighSierraFile/HighSierraFile/www/new/tp2/thinkphp/lang/zh-cn.php
[ info ] [ ROUTE ] array (
  'type' => 'module',
  'module' => 
  array (
    0 => 'static',
    1 => 'index',
    2 => 'images',
  ),
)
[ info ] [ HEADER ] array (
  'host' => 'tp2.com',
  'connection' => 'keep-alive',
  'user-agent' => 'Mozilla/5.0 (Macintosh; Intel Mac OS X 10_13_4) AppleWebKit/537.36 (KHTML, like Gecko) Chrome/65.0.3325.181 Safari/537.36',
  'accept' => 'image/webp,image/apng,image/*,*/*;q=0.8',
  'referer' => 'http://tp2.com/public/static/index/style/style.css',
  'accept-encoding' => 'gzip, deflate',
  'accept-language' => 'zh-CN,zh;q=0.9',
  'cookie' => 'PHPSESSID=19283b496eed852509a18e57c503397a',
)
[ info ] [ PARAM ] array (
)
[ info ] [ LOG ] INIT File
---------------------------------------------------------------
[ 2018-04-15T22:38:38+08:00 ] 192.168.0.104 GET /public/static/index/images/sitemap-dot.gif
[ info ] tp2.com/public/static/index/images/sitemap-dot.gif [运行时间：0.192351s][吞吐率：5.20req/s] [内存消耗：1,511.34kb] [文件加载：38]
[ info ] [ LANG ] /Volumes/HighSierraFile/HighSierraFile/www/new/tp2/thinkphp/lang/zh-cn.php
[ info ] [ ROUTE ] array (
  'type' => 'module',
  'module' => 
  array (
    0 => 'static',
    1 => 'index',
    2 => 'images',
  ),
)
[ info ] [ HEADER ] array (
  'host' => 'tp2.com',
  'connection' => 'keep-alive',
  'user-agent' => 'Mozilla/5.0 (Macintosh; Intel Mac OS X 10_13_4) AppleWebKit/537.36 (KHTML, like Gecko) Chrome/65.0.3325.181 Safari/537.36',
  'accept' => 'image/webp,image/apng,image/*,*/*;q=0.8',
  'referer' => 'http://tp2.com/public/static/index/style/style.css',
  'accept-encoding' => 'gzip, deflate',
  'accept-language' => 'zh-CN,zh;q=0.9',
  'cookie' => 'PHPSESSID=19283b496eed852509a18e57c503397a',
)
[ info ] [ PARAM ] array (
)
[ info ] [ LOG ] INIT File
---------------------------------------------------------------
[ 2018-04-15T22:38:38+08:00 ] 192.168.0.104 GET /public/static/index/images/scroll.png
[ info ] tp2.com/public/static/index/images/scroll.png [运行时间：0.112351s][吞吐率：8.90req/s] [内存消耗：1,511.33kb] [文件加载：38]
[ info ] [ LANG ] /Volumes/HighSierraFile/HighSierraFile/www/new/tp2/thinkphp/lang/zh-cn.php
[ info ] [ ROUTE ] array (
  'type' => 'module',
  'module' => 
  array (
    0 => 'static',
    1 => 'index',
    2 => 'images',
  ),
)
[ info ] [ HEADER ] array (
  'host' => 'tp2.com',
  'connection' => 'keep-alive',
  'user-agent' => 'Mozilla/5.0 (Macintosh; Intel Mac OS X 10_13_4) AppleWebKit/537.36 (KHTML, like Gecko) Chrome/65.0.3325.181 Safari/537.36',
  'accept' => 'image/webp,image/apng,image/*,*/*;q=0.8',
  'referer' => 'http://tp2.com/public/static/index/style/style.css',
  'accept-encoding' => 'gzip, deflate',
  'accept-language' => 'zh-CN,zh;q=0.9',
  'cookie' => 'PHPSESSID=19283b496eed852509a18e57c503397a',
)
[ info ] [ PARAM ] array (
)
[ info ] [ LOG ] INIT File
---------------------------------------------------------------
[ 2018-04-15T23:20:08+08:00 ] 0.0.0.0 GET /public/
[ info ] tp2.com/public/ [运行时间：0.028837s][吞吐率：34.68req/s] [内存消耗：1,786.14kb] [文件加载：43]
[ info ] [ LANG ] /Volumes/HighSierraFile/HighSierraFile/www/new/tp2/thinkphp/lang/zh-cn.php
[ info ] [ ROUTE ] array (
  'type' => 'module',
  'module' => 
  array (
    0 => '',
    1 => NULL,
    2 => NULL,
  ),
)
[ info ] [ HEADER ] array (
  'host' => 'tp2.com',
  'connection' => 'keep-alive',
  'cache-control' => 'max-age=0',
  'upgrade-insecure-requests' => '1',
  'user-agent' => 'Mozilla/5.0 (Macintosh; Intel Mac OS X 10_13_4) AppleWebKit/537.36 (KHTML, like Gecko) Chrome/65.0.3325.181 Safari/537.36',
  'accept' => 'text/html,application/xhtml+xml,application/xml;q=0.9,image/webp,image/apng,*/*;q=0.8',
  'accept-encoding' => 'gzip, deflate',
  'accept-language' => 'zh-CN,zh;q=0.9',
  'cookie' => 'PHPSESSID=19283b496eed852509a18e57c503397a',
)
[ info ] [ PARAM ] array (
)
[ info ] [ RUN ] app\index\controller\Index->index[ /Volumes/HighSierraFile/HighSierraFile/www/new/tp2/application/index/controller/Index.php ]
[ info ] [ VIEW ] /Volumes/HighSierraFile/HighSierraFile/www/new/tp2/public/../application/index/view/index/index.htm [ array (
) ]
[ info ] [ LOG ] INIT File
---------------------------------------------------------------
[ 2018-04-15T23:20:08+08:00 ] 0.0.0.0 GET /public/static/index/style/jquery.error.js
[ info ] tp2.com/public/static/index/style/jquery.error.js [运行时间：0.088883s][吞吐率：11.25req/s] [内存消耗：1,510.96kb] [文件加载：38]
[ info ] [ LANG ] /Volumes/HighSierraFile/HighSierraFile/www/new/tp2/thinkphp/lang/zh-cn.php
[ info ] [ ROUTE ] array (
  'type' => 'module',
  'module' => 
  array (
    0 => 'static',
    1 => 'index',
    2 => 'style',
  ),
)
[ info ] [ HEADER ] array (
  'host' => 'tp2.com',
  'connection' => 'keep-alive',
  'user-agent' => 'Mozilla/5.0 (Macintosh; Intel Mac OS X 10_13_4) AppleWebKit/537.36 (KHTML, like Gecko) Chrome/65.0.3325.181 Safari/537.36',
  'accept' => '*/*',
  'referer' => 'http://tp2.com/public/',
  'accept-encoding' => 'gzip, deflate',
  'accept-language' => 'zh-CN,zh;q=0.9',
  'cookie' => 'PHPSESSID=19283b496eed852509a18e57c503397a',
)
[ info ] [ PARAM ] array (
)
[ info ] [ LOG ] INIT File
---------------------------------------------------------------
[ 2018-04-15T23:20:08+08:00 ] 0.0.0.0 GET /public/static/index/style/jquery.form.js
[ info ] tp2.com/public/static/index/style/jquery.form.js [运行时间：0.102537s][吞吐率：9.75req/s] [内存消耗：1,510.96kb] [文件加载：38]
[ info ] [ LANG ] /Volumes/HighSierraFile/HighSierraFile/www/new/tp2/thinkphp/lang/zh-cn.php
[ info ] [ ROUTE ] array (
  'type' => 'module',
  'module' => 
  array (
    0 => 'static',
    1 => 'index',
    2 => 'style',
  ),
)
[ info ] [ HEADER ] array (
  'host' => 'tp2.com',
  'connection' => 'keep-alive',
  'user-agent' => 'Mozilla/5.0 (Macintosh; Intel Mac OS X 10_13_4) AppleWebKit/537.36 (KHTML, like Gecko) Chrome/65.0.3325.181 Safari/537.36',
  'accept' => '*/*',
  'referer' => 'http://tp2.com/public/',
  'accept-encoding' => 'gzip, deflate',
  'accept-language' => 'zh-CN,zh;q=0.9',
  'cookie' => 'PHPSESSID=19283b496eed852509a18e57c503397a',
)
[ info ] [ PARAM ] array (
)
[ info ] [ LOG ] INIT File
---------------------------------------------------------------
[ 2018-04-15T23:20:08+08:00 ] 0.0.0.0 GET /public/style/img/hots_bg.png
[ info ] tp2.com/public/style/img/hots_bg.png [运行时间：0.079181s][吞吐率：12.63req/s] [内存消耗：1,511.28kb] [文件加载：38]
[ info ] [ LANG ] /Volumes/HighSierraFile/HighSierraFile/www/new/tp2/thinkphp/lang/zh-cn.php
[ info ] [ ROUTE ] array (
  'type' => 'module',
  'module' => 
  array (
    0 => 'style',
    1 => 'img',
    2 => 'hots_bg.png',
  ),
)
[ info ] [ HEADER ] array (
  'host' => 'tp2.com',
  'connection' => 'keep-alive',
  'user-agent' => 'Mozilla/5.0 (Macintosh; Intel Mac OS X 10_13_4) AppleWebKit/537.36 (KHTML, like Gecko) Chrome/65.0.3325.181 Safari/537.36',
  'accept' => 'image/webp,image/apng,image/*,*/*;q=0.8',
  'referer' => 'http://tp2.com/public/',
  'accept-encoding' => 'gzip, deflate',
  'accept-language' => 'zh-CN,zh;q=0.9',
  'cookie' => 'PHPSESSID=19283b496eed852509a18e57c503397a',
)
[ info ] [ PARAM ] array (
)
[ info ] [ LOG ] INIT File
---------------------------------------------------------------
[ 2018-04-15T23:20:08+08:00 ] 0.0.0.0 GET /public/images/focus-left-bg.png
[ info ] tp2.com/public/images/focus-left-bg.png [运行时间：0.082648s][吞吐率：12.10req/s] [内存消耗：1,511.27kb] [文件加载：38]
[ info ] [ LANG ] /Volumes/HighSierraFile/HighSierraFile/www/new/tp2/thinkphp/lang/zh-cn.php
[ info ] [ ROUTE ] array (
  'type' => 'module',
  'module' => 
  array (
    0 => 'images',
    1 => 'focus-left-bg.png',
    2 => NULL,
  ),
)
[ info ] [ HEADER ] array (
  'host' => 'tp2.com',
  'connection' => 'keep-alive',
  'user-agent' => 'Mozilla/5.0 (Macintosh; Intel Mac OS X 10_13_4) AppleWebKit/537.36 (KHTML, like Gecko) Chrome/65.0.3325.181 Safari/537.36',
  'accept' => 'image/webp,image/apng,image/*,*/*;q=0.8',
  'referer' => 'http://tp2.com/public/',
  'accept-encoding' => 'gzip, deflate',
  'accept-language' => 'zh-CN,zh;q=0.9',
  'cookie' => 'PHPSESSID=19283b496eed852509a18e57c503397a',
)
[ info ] [ PARAM ] array (
)
[ info ] [ LOG ] INIT File
---------------------------------------------------------------
[ 2018-04-15T23:20:08+08:00 ] 0.0.0.0 GET /public/static/index/images/loading.gif
[ info ] tp2.com/public/static/index/images/loading.gif [运行时间：0.089045s][吞吐率：11.23req/s] [内存消耗：1,511.33kb] [文件加载：38]
[ info ] [ LANG ] /Volumes/HighSierraFile/HighSierraFile/www/new/tp2/thinkphp/lang/zh-cn.php
[ info ] [ ROUTE ] array (
  'type' => 'module',
  'module' => 
  array (
    0 => 'static',
    1 => 'index',
    2 => 'images',
  ),
)
[ info ] [ HEADER ] array (
  'host' => 'tp2.com',
  'connection' => 'keep-alive',
  'user-agent' => 'Mozilla/5.0 (Macintosh; Intel Mac OS X 10_13_4) AppleWebKit/537.36 (KHTML, like Gecko) Chrome/65.0.3325.181 Safari/537.36',
  'accept' => 'image/webp,image/apng,image/*,*/*;q=0.8',
  'referer' => 'http://tp2.com/public/static/index/style/style.css',
  'accept-encoding' => 'gzip, deflate',
  'accept-language' => 'zh-CN,zh;q=0.9',
  'cookie' => 'PHPSESSID=19283b496eed852509a18e57c503397a',
)
[ info ] [ PARAM ] array (
)
[ info ] [ LOG ] INIT File
---------------------------------------------------------------
[ 2018-04-15T23:20:08+08:00 ] 0.0.0.0 GET /public/static/index/images/focus-bg2.png
[ info ] tp2.com/public/static/index/images/focus-bg2.png [运行时间：0.118028s][吞吐率：8.47req/s] [内存消耗：1,511.34kb] [文件加载：38]
[ info ] [ LANG ] /Volumes/HighSierraFile/HighSierraFile/www/new/tp2/thinkphp/lang/zh-cn.php
[ info ] [ ROUTE ] array (
  'type' => 'module',
  'module' => 
  array (
    0 => 'static',
    1 => 'index',
    2 => 'images',
  ),
)
[ info ] [ HEADER ] array (
  'host' => 'tp2.com',
  'connection' => 'keep-alive',
  'user-agent' => 'Mozilla/5.0 (Macintosh; Intel Mac OS X 10_13_4) AppleWebKit/537.36 (KHTML, like Gecko) Chrome/65.0.3325.181 Safari/537.36',
  'accept' => 'image/webp,image/apng,image/*,*/*;q=0.8',
  'referer' => 'http://tp2.com/public/static/index/style/style.css',
  'accept-encoding' => 'gzip, deflate',
  'accept-language' => 'zh-CN,zh;q=0.9',
  'cookie' => 'PHPSESSID=19283b496eed852509a18e57c503397a',
)
[ info ] [ PARAM ] array (
)
[ info ] [ LOG ] INIT File
---------------------------------------------------------------
[ 2018-04-15T23:20:08+08:00 ] 0.0.0.0 GET /public/static/index/images/xh_area_title_h3.png
[ info ] tp2.com/public/static/index/images/xh_area_title_h3.png [运行时间：0.085251s][吞吐率：11.73req/s] [内存消耗：1,511.35kb] [文件加载：38]
[ info ] [ LANG ] /Volumes/HighSierraFile/HighSierraFile/www/new/tp2/thinkphp/lang/zh-cn.php
[ info ] [ ROUTE ] array (
  'type' => 'module',
  'module' => 
  array (
    0 => 'static',
    1 => 'index',
    2 => 'images',
  ),
)
[ info ] [ HEADER ] array (
  'host' => 'tp2.com',
  'connection' => 'keep-alive',
  'user-agent' => 'Mozilla/5.0 (Macintosh; Intel Mac OS X 10_13_4) AppleWebKit/537.36 (KHTML, like Gecko) Chrome/65.0.3325.181 Safari/537.36',
  'accept' => 'image/webp,image/apng,image/*,*/*;q=0.8',
  'referer' => 'http://tp2.com/public/static/index/style/style.css',
  'accept-encoding' => 'gzip, deflate',
  'accept-language' => 'zh-CN,zh;q=0.9',
  'cookie' => 'PHPSESSID=19283b496eed852509a18e57c503397a',
)
[ info ] [ PARAM ] array (
)
[ info ] [ LOG ] INIT File
---------------------------------------------------------------
[ 2018-04-15T23:20:08+08:00 ] 0.0.0.0 GET /public/static/index/images/sitemap-dot.gif
[ info ] tp2.com/public/static/index/images/sitemap-dot.gif [运行时间：0.052671s][吞吐率：18.99req/s] [内存消耗：1,511.34kb] [文件加载：38]
[ info ] [ LANG ] /Volumes/HighSierraFile/HighSierraFile/www/new/tp2/thinkphp/lang/zh-cn.php
[ info ] [ ROUTE ] array (
  'type' => 'module',
  'module' => 
  array (
    0 => 'static',
    1 => 'index',
    2 => 'images',
  ),
)
[ info ] [ HEADER ] array (
  'host' => 'tp2.com',
  'connection' => 'keep-alive',
  'user-agent' => 'Mozilla/5.0 (Macintosh; Intel Mac OS X 10_13_4) AppleWebKit/537.36 (KHTML, like Gecko) Chrome/65.0.3325.181 Safari/537.36',
  'accept' => 'image/webp,image/apng,image/*,*/*;q=0.8',
  'referer' => 'http://tp2.com/public/static/index/style/style.css',
  'accept-encoding' => 'gzip, deflate',
  'accept-language' => 'zh-CN,zh;q=0.9',
  'cookie' => 'PHPSESSID=19283b496eed852509a18e57c503397a',
)
[ info ] [ PARAM ] array (
)
[ info ] [ LOG ] INIT File
---------------------------------------------------------------
[ 2018-04-15T23:20:08+08:00 ] 0.0.0.0 GET /public/static/index/images/scroll.png
[ info ] tp2.com/public/static/index/images/scroll.png [运行时间：0.063138s][吞吐率：15.84req/s] [内存消耗：1,511.33kb] [文件加载：38]
[ info ] [ LANG ] /Volumes/HighSierraFile/HighSierraFile/www/new/tp2/thinkphp/lang/zh-cn.php
[ info ] [ ROUTE ] array (
  'type' => 'module',
  'module' => 
  array (
    0 => 'static',
    1 => 'index',
    2 => 'images',
  ),
)
[ info ] [ HEADER ] array (
  'host' => 'tp2.com',
  'connection' => 'keep-alive',
  'user-agent' => 'Mozilla/5.0 (Macintosh; Intel Mac OS X 10_13_4) AppleWebKit/537.36 (KHTML, like Gecko) Chrome/65.0.3325.181 Safari/537.36',
  'accept' => 'image/webp,image/apng,image/*,*/*;q=0.8',
  'referer' => 'http://tp2.com/public/static/index/style/style.css',
  'accept-encoding' => 'gzip, deflate',
  'accept-language' => 'zh-CN,zh;q=0.9',
  'cookie' => 'PHPSESSID=19283b496eed852509a18e57c503397a',
)
[ info ] [ PARAM ] array (
)
[ info ] [ LOG ] INIT File
---------------------------------------------------------------
[ 2018-04-15T23:20:13+08:00 ] 0.0.0.0 GET /public/admin/
[ info ] tp2.com/public/admin/ [运行时间：0.041380s][吞吐率：24.17req/s] [内存消耗：2,078.44kb] [文件加载：49]
[ info ] [ LANG ] /Volumes/HighSierraFile/HighSierraFile/www/new/tp2/thinkphp/lang/zh-cn.php
[ info ] [ ROUTE ] array (
  'type' => 'module',
  'module' => 
  array (
    0 => 'admin',
    1 => NULL,
    2 => NULL,
  ),
)
[ info ] [ HEADER ] array (
  'host' => 'tp2.com',
  'connection' => 'keep-alive',
  'upgrade-insecure-requests' => '1',
  'user-agent' => 'Mozilla/5.0 (Macintosh; Intel Mac OS X 10_13_4) AppleWebKit/537.36 (KHTML, like Gecko) Chrome/65.0.3325.181 Safari/537.36',
  'accept' => 'text/html,application/xhtml+xml,application/xml;q=0.9,image/webp,image/apng,*/*;q=0.8',
  'accept-encoding' => 'gzip, deflate',
  'accept-language' => 'zh-CN,zh;q=0.9',
  'cookie' => 'PHPSESSID=19283b496eed852509a18e57c503397a',
)
[ info ] [ PARAM ] array (
)
[ info ] [ SESSION ] INIT array (
  'id' => '',
  'var_session_id' => '',
  'prefix' => 'think',
  'type' => '',
  'auto_start' => true,
)
[ info ] [ RUN ] app\admin\controller\Index->index[ /Volumes/HighSierraFile/HighSierraFile/www/new/tp2/application/admin/controller/Index.php ]
[ info ] [ VIEW ] /Volumes/HighSierraFile/HighSierraFile/www/new/tp2/public/../application/admin/view/index/index.htm [ array (
) ]
[ info ] [ LOG ] INIT File
---------------------------------------------------------------
[ 2018-04-15T23:20:13+08:00 ] 0.0.0.0 GET /public/static/admin/fonts/fontawesome-webfont.woff2?v=4.3.0
[ info ] tp2.com/public/static/admin/fonts/fontawesome-webfont.woff2?v=4.3.0 [运行时间：0.039407s][吞吐率：25.38req/s] [内存消耗：1,512.19kb] [文件加载：38]
[ info ] [ LANG ] /Volumes/HighSierraFile/HighSierraFile/www/new/tp2/thinkphp/lang/zh-cn.php
[ info ] [ ROUTE ] array (
  'type' => 'module',
  'module' => 
  array (
    0 => 'static',
    1 => 'admin',
    2 => 'fonts',
  ),
)
[ info ] [ HEADER ] array (
  'host' => 'tp2.com',
  'connection' => 'keep-alive',
  'origin' => 'http://tp2.com',
  'user-agent' => 'Mozilla/5.0 (Macintosh; Intel Mac OS X 10_13_4) AppleWebKit/537.36 (KHTML, like Gecko) Chrome/65.0.3325.181 Safari/537.36',
  'accept' => '*/*',
  'referer' => 'http://tp2.com/public/static/admin/style/font-awesome.css',
  'accept-encoding' => 'gzip, deflate',
  'accept-language' => 'zh-CN,zh;q=0.9',
  'cookie' => 'PHPSESSID=19283b496eed852509a18e57c503397a',
)
[ info ] [ PARAM ] array (
  'v' => '4.3.0',
)
[ info ] [ LOG ] INIT File
---------------------------------------------------------------
[ 2018-04-15T23:20:14+08:00 ] 0.0.0.0 GET /public/admin/admin/lst.html
[ info ] tp2.com/public/admin/admin/lst.html [运行时间：0.065079s][吞吐率：15.37req/s] [内存消耗：3,415.14kb] [文件加载：61]
[ info ] [ LANG ] /Volumes/HighSierraFile/HighSierraFile/www/new/tp2/thinkphp/lang/zh-cn.php
[ info ] [ ROUTE ] array (
  'type' => 'module',
  'module' => 
  array (
    0 => 'admin',
    1 => 'admin',
    2 => 'lst',
  ),
)
[ info ] [ HEADER ] array (
  'host' => 'tp2.com',
  'connection' => 'keep-alive',
  'upgrade-insecure-requests' => '1',
  'user-agent' => 'Mozilla/5.0 (Macintosh; Intel Mac OS X 10_13_4) AppleWebKit/537.36 (KHTML, like Gecko) Chrome/65.0.3325.181 Safari/537.36',
  'accept' => 'text/html,application/xhtml+xml,application/xml;q=0.9,image/webp,image/apng,*/*;q=0.8',
  'referer' => 'http://tp2.com/public/admin/',
  'accept-encoding' => 'gzip, deflate',
  'accept-language' => 'zh-CN,zh;q=0.9',
  'cookie' => 'PHPSESSID=19283b496eed852509a18e57c503397a',
)
[ info ] [ PARAM ] array (
)
[ info ] [ SESSION ] INIT array (
  'id' => '',
  'var_session_id' => '',
  'prefix' => 'think',
  'type' => '',
  'auto_start' => true,
)
[ info ] [ RUN ] app\admin\controller\Admin->lst[ /Volumes/HighSierraFile/HighSierraFile/www/new/tp2/application/admin/controller/Admin.php ]
[ info ] [ DB ] INIT mysql
[ info ] [ VIEW ] /Volumes/HighSierraFile/HighSierraFile/www/new/tp2/public/../application/admin/view/admin/lst.htm [ array (
  0 => 'adminres',
) ]
[ info ] [ LOG ] INIT File
[ sql ] [ DB ] CONNECT:[ UseTime:0.000834s ] mysql:host=127.0.0.1;dbname=bick;charset=utf8
[ sql ] [ SQL ] SHOW COLUMNS FROM `bk_admin` [ RunTime:0.014159s ]
[ sql ] [ SQL ] SELECT COUNT(*) AS tp_count FROM `bk_admin` LIMIT 1 [ RunTime:0.000659s ]
[ sql ] [ SQL ] SELECT * FROM `bk_admin` LIMIT 0,3 [ RunTime:0.000516s ]
---------------------------------------------------------------
[ 2018-04-15T23:20:14+08:00 ] 0.0.0.0 GET /public/static/admin/fonts/fontawesome-webfont.woff2?v=4.3.0
[ info ] tp2.com/public/static/admin/fonts/fontawesome-webfont.woff2?v=4.3.0 [运行时间：0.049201s][吞吐率：20.32req/s] [内存消耗：1,512.19kb] [文件加载：38]
[ info ] [ LANG ] /Volumes/HighSierraFile/HighSierraFile/www/new/tp2/thinkphp/lang/zh-cn.php
[ info ] [ ROUTE ] array (
  'type' => 'module',
  'module' => 
  array (
    0 => 'static',
    1 => 'admin',
    2 => 'fonts',
  ),
)
[ info ] [ HEADER ] array (
  'host' => 'tp2.com',
  'connection' => 'keep-alive',
  'origin' => 'http://tp2.com',
  'user-agent' => 'Mozilla/5.0 (Macintosh; Intel Mac OS X 10_13_4) AppleWebKit/537.36 (KHTML, like Gecko) Chrome/65.0.3325.181 Safari/537.36',
  'accept' => '*/*',
  'referer' => 'http://tp2.com/public/static/admin/style/font-awesome.css',
  'accept-encoding' => 'gzip, deflate',
  'accept-language' => 'zh-CN,zh;q=0.9',
  'cookie' => 'PHPSESSID=19283b496eed852509a18e57c503397a',
)
[ info ] [ PARAM ] array (
  'v' => '4.3.0',
)
[ info ] [ LOG ] INIT File
---------------------------------------------------------------
[ 2018-04-15T23:20:16+08:00 ] 0.0.0.0 GET /public/admin/admin/lst.html?page=4
[ info ] tp2.com/public/admin/admin/lst.html?page=4 [运行时间：0.058466s][吞吐率：17.10req/s] [内存消耗：3,245.97kb] [文件加载：59]
[ info ] [ LANG ] /Volumes/HighSierraFile/HighSierraFile/www/new/tp2/thinkphp/lang/zh-cn.php
[ info ] [ ROUTE ] array (
  'type' => 'module',
  'module' => 
  array (
    0 => 'admin',
    1 => 'admin',
    2 => 'lst',
  ),
)
[ info ] [ HEADER ] array (
  'host' => 'tp2.com',
  'connection' => 'keep-alive',
  'upgrade-insecure-requests' => '1',
  'user-agent' => 'Mozilla/5.0 (Macintosh; Intel Mac OS X 10_13_4) AppleWebKit/537.36 (KHTML, like Gecko) Chrome/65.0.3325.181 Safari/537.36',
  'accept' => 'text/html,application/xhtml+xml,application/xml;q=0.9,image/webp,image/apng,*/*;q=0.8',
  'referer' => 'http://tp2.com/public/admin/admin/lst.html',
  'accept-encoding' => 'gzip, deflate',
  'accept-language' => 'zh-CN,zh;q=0.9',
  'cookie' => 'PHPSESSID=19283b496eed852509a18e57c503397a',
)
[ info ] [ PARAM ] array (
  'page' => '4',
)
[ info ] [ SESSION ] INIT array (
  'id' => '',
  'var_session_id' => '',
  'prefix' => 'think',
  'type' => '',
  'auto_start' => true,
)
[ info ] [ RUN ] app\admin\controller\Admin->lst[ /Volumes/HighSierraFile/HighSierraFile/www/new/tp2/application/admin/controller/Admin.php ]
[ info ] [ DB ] INIT mysql
[ info ] [ VIEW ] /Volumes/HighSierraFile/HighSierraFile/www/new/tp2/public/../application/admin/view/admin/lst.htm [ array (
  0 => 'adminres',
) ]
[ info ] [ LOG ] INIT File
[ sql ] [ DB ] CONNECT:[ UseTime:0.000608s ] mysql:host=127.0.0.1;dbname=bick;charset=utf8
[ sql ] [ SQL ] SHOW COLUMNS FROM `bk_admin` [ RunTime:0.009938s ]
[ sql ] [ SQL ] SELECT COUNT(*) AS tp_count FROM `bk_admin` LIMIT 1 [ RunTime:0.000557s ]
[ sql ] [ SQL ] SELECT * FROM `bk_admin` LIMIT 9,3 [ RunTime:0.000676s ]
---------------------------------------------------------------
[ 2018-04-15T23:20:16+08:00 ] 0.0.0.0 GET /public/static/admin/fonts/fontawesome-webfont.woff2?v=4.3.0
[ info ] tp2.com/public/static/admin/fonts/fontawesome-webfont.woff2?v=4.3.0 [运行时间：0.037288s][吞吐率：26.82req/s] [内存消耗：1,512.19kb] [文件加载：38]
[ info ] [ LANG ] /Volumes/HighSierraFile/HighSierraFile/www/new/tp2/thinkphp/lang/zh-cn.php
[ info ] [ ROUTE ] array (
  'type' => 'module',
  'module' => 
  array (
    0 => 'static',
    1 => 'admin',
    2 => 'fonts',
  ),
)
[ info ] [ HEADER ] array (
  'host' => 'tp2.com',
  'connection' => 'keep-alive',
  'origin' => 'http://tp2.com',
  'user-agent' => 'Mozilla/5.0 (Macintosh; Intel Mac OS X 10_13_4) AppleWebKit/537.36 (KHTML, like Gecko) Chrome/65.0.3325.181 Safari/537.36',
  'accept' => '*/*',
  'referer' => 'http://tp2.com/public/static/admin/style/font-awesome.css',
  'accept-encoding' => 'gzip, deflate',
  'accept-language' => 'zh-CN,zh;q=0.9',
  'cookie' => 'PHPSESSID=19283b496eed852509a18e57c503397a',
)
[ info ] [ PARAM ] array (
  'v' => '4.3.0',
)
[ info ] [ LOG ] INIT File
