---------------------------------------------------------------
[ 2018-04-16T20:54:24+08:00 ] 0.0.0.0 GET /public/admin/cate/lst.html
[ info ] tp2.com/public/admin/cate/lst.html [运行时间：0.066063s][吞吐率：15.14req/s] [内存消耗：3,350.30kb] [文件加载：58]
[ info ] [ LANG ] /Volumes/HighSierraFile/HighSierraFile/www/new/tp2/thinkphp/lang/zh-cn.php
[ info ] [ ROUTE ] array (
  'type' => 'module',
  'module' => 
  array (
    0 => 'admin',
    1 => 'cate',
    2 => 'lst',
  ),
)
[ info ] [ HEADER ] array (
  'host' => 'tp2.com',
  'connection' => 'keep-alive',
  'cache-control' => 'max-age=0',
  'upgrade-insecure-requests' => '1',
  'user-agent' => 'Mozilla/5.0 (Macintosh; Intel Mac OS X 10_13_4) AppleWebKit/537.36 (KHTML, like Gecko) Chrome/65.0.3325.181 Safari/537.36',
  'accept' => 'text/html,application/xhtml+xml,application/xml;q=0.9,image/webp,image/apng,*/*;q=0.8',
  'referer' => 'http://tp2.com/public/admin/admin/lst.html',
  'accept-encoding' => 'gzip, deflate',
  'accept-language' => 'zh-CN,zh;q=0.9',
  'cookie' => 'PHPSESSID=153f348dc32a7bb88e3590696280b8d6',
)
[ info ] [ PARAM ] array (
)
[ info ] [ SESSION ] INIT array (
  'id' => '',
  'var_session_id' => '',
  'prefix' => 'think',
  'type' => '',
  'auto_start' => true,
)
[ info ] [ RUN ] app\admin\controller\Cate->lst[ /Volumes/HighSierraFile/HighSierraFile/www/new/tp2/application/admin/controller/Cate.php ]
[ info ] [ DB ] INIT mysql
[ info ] [ VIEW ] /Volumes/HighSierraFile/HighSierraFile/www/new/tp2/public/../application/admin/view/cate/lst.htm [ array (
  0 => 'cateres',
) ]
[ info ] [ LOG ] INIT File
[ sql ] [ DB ] CONNECT:[ UseTime:0.000599s ] mysql:host=127.0.0.1;dbname=bick;charset=utf8
[ sql ] [ SQL ] SHOW COLUMNS FROM `bk_cate` [ RunTime:0.011482s ]
[ sql ] [ SQL ] SELECT * FROM `bk_cate` ORDER BY sort desc [ RunTime:0.000555s ]
---------------------------------------------------------------
[ 2018-04-16T20:54:25+08:00 ] 0.0.0.0 GET /public/static/admin/fonts/fontawesome-webfont.woff2?v=4.3.0
[ info ] tp2.com/public/static/admin/fonts/fontawesome-webfont.woff2?v=4.3.0 [运行时间：0.061004s][吞吐率：16.39req/s] [内存消耗：1,512.19kb] [文件加载：38]
[ info ] [ LANG ] /Volumes/HighSierraFile/HighSierraFile/www/new/tp2/thinkphp/lang/zh-cn.php
[ info ] [ ROUTE ] array (
  'type' => 'module',
  'module' => 
  array (
    0 => 'static',
    1 => 'admin',
    2 => 'fonts',
  ),
)
[ info ] [ HEADER ] array (
  'host' => 'tp2.com',
  'connection' => 'keep-alive',
  'origin' => 'http://tp2.com',
  'user-agent' => 'Mozilla/5.0 (Macintosh; Intel Mac OS X 10_13_4) AppleWebKit/537.36 (KHTML, like Gecko) Chrome/65.0.3325.181 Safari/537.36',
  'accept' => '*/*',
  'referer' => 'http://tp2.com/public/static/admin/style/font-awesome.css',
  'accept-encoding' => 'gzip, deflate',
  'accept-language' => 'zh-CN,zh;q=0.9',
  'cookie' => 'PHPSESSID=153f348dc32a7bb88e3590696280b8d6',
)
[ info ] [ PARAM ] array (
  'v' => '4.3.0',
)
[ info ] [ LOG ] INIT File
---------------------------------------------------------------
[ 2018-04-16T20:54:26+08:00 ] 0.0.0.0 GET /public/admin/admin/lst.html
[ info ] tp2.com/public/admin/admin/lst.html [运行时间：0.066854s][吞吐率：14.96req/s] [内存消耗：3,415.67kb] [文件加载：61]
[ info ] [ LANG ] /Volumes/HighSierraFile/HighSierraFile/www/new/tp2/thinkphp/lang/zh-cn.php
[ info ] [ ROUTE ] array (
  'type' => 'module',
  'module' => 
  array (
    0 => 'admin',
    1 => 'admin',
    2 => 'lst',
  ),
)
[ info ] [ HEADER ] array (
  'host' => 'tp2.com',
  'connection' => 'keep-alive',
  'upgrade-insecure-requests' => '1',
  'user-agent' => 'Mozilla/5.0 (Macintosh; Intel Mac OS X 10_13_4) AppleWebKit/537.36 (KHTML, like Gecko) Chrome/65.0.3325.181 Safari/537.36',
  'accept' => 'text/html,application/xhtml+xml,application/xml;q=0.9,image/webp,image/apng,*/*;q=0.8',
  'referer' => 'http://tp2.com/public/admin/cate/lst.html',
  'accept-encoding' => 'gzip, deflate',
  'accept-language' => 'zh-CN,zh;q=0.9',
  'cookie' => 'PHPSESSID=153f348dc32a7bb88e3590696280b8d6',
)
[ info ] [ PARAM ] array (
)
[ info ] [ SESSION ] INIT array (
  'id' => '',
  'var_session_id' => '',
  'prefix' => 'think',
  'type' => '',
  'auto_start' => true,
)
[ info ] [ RUN ] app\admin\controller\Admin->lst[ /Volumes/HighSierraFile/HighSierraFile/www/new/tp2/application/admin/controller/Admin.php ]
[ info ] [ DB ] INIT mysql
[ info ] [ VIEW ] /Volumes/HighSierraFile/HighSierraFile/www/new/tp2/public/../application/admin/view/admin/lst.htm [ array (
  0 => 'adminres',
) ]
[ info ] [ LOG ] INIT File
[ sql ] [ DB ] CONNECT:[ UseTime:0.000586s ] mysql:host=127.0.0.1;dbname=bick;charset=utf8
[ sql ] [ SQL ] SHOW COLUMNS FROM `bk_admin` [ RunTime:0.010702s ]
[ sql ] [ SQL ] SELECT COUNT(*) AS tp_count FROM `bk_admin` LIMIT 1 [ RunTime:0.000498s ]
[ sql ] [ SQL ] SELECT * FROM `bk_admin` LIMIT 0,3 [ RunTime:0.000604s ]
---------------------------------------------------------------
[ 2018-04-16T20:54:26+08:00 ] 0.0.0.0 GET /public/static/admin/fonts/fontawesome-webfont.woff2?v=4.3.0
[ info ] tp2.com/public/static/admin/fonts/fontawesome-webfont.woff2?v=4.3.0 [运行时间：0.031762s][吞吐率：31.48req/s] [内存消耗：1,512.19kb] [文件加载：38]
[ info ] [ LANG ] /Volumes/HighSierraFile/HighSierraFile/www/new/tp2/thinkphp/lang/zh-cn.php
[ info ] [ ROUTE ] array (
  'type' => 'module',
  'module' => 
  array (
    0 => 'static',
    1 => 'admin',
    2 => 'fonts',
  ),
)
[ info ] [ HEADER ] array (
  'host' => 'tp2.com',
  'connection' => 'keep-alive',
  'origin' => 'http://tp2.com',
  'user-agent' => 'Mozilla/5.0 (Macintosh; Intel Mac OS X 10_13_4) AppleWebKit/537.36 (KHTML, like Gecko) Chrome/65.0.3325.181 Safari/537.36',
  'accept' => '*/*',
  'referer' => 'http://tp2.com/public/static/admin/style/font-awesome.css',
  'accept-encoding' => 'gzip, deflate',
  'accept-language' => 'zh-CN,zh;q=0.9',
  'cookie' => 'PHPSESSID=153f348dc32a7bb88e3590696280b8d6',
)
[ info ] [ PARAM ] array (
  'v' => '4.3.0',
)
[ info ] [ LOG ] INIT File
---------------------------------------------------------------
[ 2018-04-16T20:54:27+08:00 ] 0.0.0.0 GET /public/admin/cate/lst.html
[ info ] tp2.com/public/admin/cate/lst.html [运行时间：0.066585s][吞吐率：15.02req/s] [内存消耗：3,173.59kb] [文件加载：56]
[ info ] [ LANG ] /Volumes/HighSierraFile/HighSierraFile/www/new/tp2/thinkphp/lang/zh-cn.php
[ info ] [ ROUTE ] array (
  'type' => 'module',
  'module' => 
  array (
    0 => 'admin',
    1 => 'cate',
    2 => 'lst',
  ),
)
[ info ] [ HEADER ] array (
  'host' => 'tp2.com',
  'connection' => 'keep-alive',
  'upgrade-insecure-requests' => '1',
  'user-agent' => 'Mozilla/5.0 (Macintosh; Intel Mac OS X 10_13_4) AppleWebKit/537.36 (KHTML, like Gecko) Chrome/65.0.3325.181 Safari/537.36',
  'accept' => 'text/html,application/xhtml+xml,application/xml;q=0.9,image/webp,image/apng,*/*;q=0.8',
  'referer' => 'http://tp2.com/public/admin/admin/lst.html',
  'accept-encoding' => 'gzip, deflate',
  'accept-language' => 'zh-CN,zh;q=0.9',
  'cookie' => 'PHPSESSID=153f348dc32a7bb88e3590696280b8d6',
)
[ info ] [ PARAM ] array (
)
[ info ] [ SESSION ] INIT array (
  'id' => '',
  'var_session_id' => '',
  'prefix' => 'think',
  'type' => '',
  'auto_start' => true,
)
[ info ] [ RUN ] app\admin\controller\Cate->lst[ /Volumes/HighSierraFile/HighSierraFile/www/new/tp2/application/admin/controller/Cate.php ]
[ info ] [ DB ] INIT mysql
[ info ] [ VIEW ] /Volumes/HighSierraFile/HighSierraFile/www/new/tp2/public/../application/admin/view/cate/lst.htm [ array (
  0 => 'cateres',
) ]
[ info ] [ LOG ] INIT File
[ sql ] [ DB ] CONNECT:[ UseTime:0.000576s ] mysql:host=127.0.0.1;dbname=bick;charset=utf8
[ sql ] [ SQL ] SHOW COLUMNS FROM `bk_cate` [ RunTime:0.011051s ]
[ sql ] [ SQL ] SELECT * FROM `bk_cate` ORDER BY sort desc [ RunTime:0.000672s ]
---------------------------------------------------------------
[ 2018-04-16T20:54:27+08:00 ] 0.0.0.0 GET /public/static/admin/fonts/fontawesome-webfont.woff2?v=4.3.0
[ info ] tp2.com/public/static/admin/fonts/fontawesome-webfont.woff2?v=4.3.0 [运行时间：0.043879s][吞吐率：22.79req/s] [内存消耗：1,512.19kb] [文件加载：38]
[ info ] [ LANG ] /Volumes/HighSierraFile/HighSierraFile/www/new/tp2/thinkphp/lang/zh-cn.php
[ info ] [ ROUTE ] array (
  'type' => 'module',
  'module' => 
  array (
    0 => 'static',
    1 => 'admin',
    2 => 'fonts',
  ),
)
[ info ] [ HEADER ] array (
  'host' => 'tp2.com',
  'connection' => 'keep-alive',
  'origin' => 'http://tp2.com',
  'user-agent' => 'Mozilla/5.0 (Macintosh; Intel Mac OS X 10_13_4) AppleWebKit/537.36 (KHTML, like Gecko) Chrome/65.0.3325.181 Safari/537.36',
  'accept' => '*/*',
  'referer' => 'http://tp2.com/public/static/admin/style/font-awesome.css',
  'accept-encoding' => 'gzip, deflate',
  'accept-language' => 'zh-CN,zh;q=0.9',
  'cookie' => 'PHPSESSID=153f348dc32a7bb88e3590696280b8d6',
)
[ info ] [ PARAM ] array (
  'v' => '4.3.0',
)
[ info ] [ LOG ] INIT File
---------------------------------------------------------------
[ 2018-04-16T20:54:28+08:00 ] 0.0.0.0 GET /public/admin/article/lst.html
[ info ] tp2.com/public/admin/article/lst.html [运行时间：0.069111s][吞吐率：14.47req/s] [内存消耗：3,422.98kb] [文件加载：61]
[ info ] [ LANG ] /Volumes/HighSierraFile/HighSierraFile/www/new/tp2/thinkphp/lang/zh-cn.php
[ info ] [ ROUTE ] array (
  'type' => 'module',
  'module' => 
  array (
    0 => 'admin',
    1 => 'article',
    2 => 'lst',
  ),
)
[ info ] [ HEADER ] array (
  'host' => 'tp2.com',
  'connection' => 'keep-alive',
  'upgrade-insecure-requests' => '1',
  'user-agent' => 'Mozilla/5.0 (Macintosh; Intel Mac OS X 10_13_4) AppleWebKit/537.36 (KHTML, like Gecko) Chrome/65.0.3325.181 Safari/537.36',
  'accept' => 'text/html,application/xhtml+xml,application/xml;q=0.9,image/webp,image/apng,*/*;q=0.8',
  'referer' => 'http://tp2.com/public/admin/cate/lst.html',
  'accept-encoding' => 'gzip, deflate',
  'accept-language' => 'zh-CN,zh;q=0.9',
  'cookie' => 'PHPSESSID=153f348dc32a7bb88e3590696280b8d6',
)
[ info ] [ PARAM ] array (
)
[ info ] [ SESSION ] INIT array (
  'id' => '',
  'var_session_id' => '',
  'prefix' => 'think',
  'type' => '',
  'auto_start' => true,
)
[ info ] [ RUN ] app\admin\controller\Article->lst[ /Volumes/HighSierraFile/HighSierraFile/www/new/tp2/application/admin/controller/Article.php ]
[ info ] [ DB ] INIT mysql
[ info ] [ VIEW ] /Volumes/HighSierraFile/HighSierraFile/www/new/tp2/public/../application/admin/view/article/lst.htm [ array (
  0 => 'article',
) ]
[ info ] [ LOG ] INIT File
[ sql ] [ DB ] CONNECT:[ UseTime:0.000524s ] mysql:host=127.0.0.1;dbname=bick;charset=utf8
[ sql ] [ SQL ] SHOW COLUMNS FROM `bk_cate` [ RunTime:0.011353s ]
[ sql ] [ SQL ] SELECT COUNT(*) AS tp_count FROM `bk_cate` `cate` INNER JOIN `bk_article` `article` ON `cate`.`id`=`article`.`cateid` LIMIT 1 [ RunTime:0.000628s ]
[ sql ] [ SQL ] SELECT `cate`.`catename`,`article`.`id`,`article`.`title`,`article`.`author`,`article`.`thumb` FROM `bk_cate` `cate` INNER JOIN `bk_article` `article` ON `cate`.`id`=`article`.`cateid` LIMIT 0,10 [ RunTime:0.000910s ]
---------------------------------------------------------------
[ 2018-04-16T20:54:28+08:00 ] 0.0.0.0 GET /public/static/admin/fonts/fontawesome-webfont.woff2?v=4.3.0
[ info ] tp2.com/public/static/admin/fonts/fontawesome-webfont.woff2?v=4.3.0 [运行时间：0.068310s][吞吐率：14.64req/s] [内存消耗：1,512.19kb] [文件加载：38]
[ info ] [ LANG ] /Volumes/HighSierraFile/HighSierraFile/www/new/tp2/thinkphp/lang/zh-cn.php
[ info ] [ ROUTE ] array (
  'type' => 'module',
  'module' => 
  array (
    0 => 'static',
    1 => 'admin',
    2 => 'fonts',
  ),
)
[ info ] [ HEADER ] array (
  'host' => 'tp2.com',
  'connection' => 'keep-alive',
  'origin' => 'http://tp2.com',
  'user-agent' => 'Mozilla/5.0 (Macintosh; Intel Mac OS X 10_13_4) AppleWebKit/537.36 (KHTML, like Gecko) Chrome/65.0.3325.181 Safari/537.36',
  'accept' => '*/*',
  'referer' => 'http://tp2.com/public/static/admin/style/font-awesome.css',
  'accept-encoding' => 'gzip, deflate',
  'accept-language' => 'zh-CN,zh;q=0.9',
  'cookie' => 'PHPSESSID=153f348dc32a7bb88e3590696280b8d6',
)
[ info ] [ PARAM ] array (
  'v' => '4.3.0',
)
[ info ] [ LOG ] INIT File
---------------------------------------------------------------
[ 2018-04-16T20:54:29+08:00 ] 0.0.0.0 GET /public/admin/link/lst.html
[ info ] tp2.com/public/admin/link/lst.html [运行时间：0.063150s][吞吐率：15.84req/s] [内存消耗：3,408.44kb] [文件加载：61]
[ info ] [ LANG ] /Volumes/HighSierraFile/HighSierraFile/www/new/tp2/thinkphp/lang/zh-cn.php
[ info ] [ ROUTE ] array (
  'type' => 'module',
  'module' => 
  array (
    0 => 'admin',
    1 => 'link',
    2 => 'lst',
  ),
)
[ info ] [ HEADER ] array (
  'host' => 'tp2.com',
  'connection' => 'keep-alive',
  'upgrade-insecure-requests' => '1',
  'user-agent' => 'Mozilla/5.0 (Macintosh; Intel Mac OS X 10_13_4) AppleWebKit/537.36 (KHTML, like Gecko) Chrome/65.0.3325.181 Safari/537.36',
  'accept' => 'text/html,application/xhtml+xml,application/xml;q=0.9,image/webp,image/apng,*/*;q=0.8',
  'referer' => 'http://tp2.com/public/admin/article/lst.html',
  'accept-encoding' => 'gzip, deflate',
  'accept-language' => 'zh-CN,zh;q=0.9',
  'cookie' => 'PHPSESSID=153f348dc32a7bb88e3590696280b8d6',
)
[ info ] [ PARAM ] array (
)
[ info ] [ SESSION ] INIT array (
  'id' => '',
  'var_session_id' => '',
  'prefix' => 'think',
  'type' => '',
  'auto_start' => true,
)
[ info ] [ RUN ] app\admin\controller\Link->lst[ /Volumes/HighSierraFile/HighSierraFile/www/new/tp2/application/admin/controller/Link.php ]
[ info ] [ DB ] INIT mysql
[ info ] [ VIEW ] /Volumes/HighSierraFile/HighSierraFile/www/new/tp2/public/../application/admin/view/link/lst.htm [ array (
  0 => 'linkres',
) ]
[ info ] [ LOG ] INIT File
[ sql ] [ DB ] CONNECT:[ UseTime:0.000510s ] mysql:host=127.0.0.1;dbname=bick;charset=utf8
[ sql ] [ SQL ] SHOW COLUMNS FROM `bk_link` [ RunTime:0.009941s ]
[ sql ] [ SQL ] SELECT COUNT(*) AS tp_count FROM `bk_link` LIMIT 1 [ RunTime:0.000499s ]
[ sql ] [ SQL ] SELECT * FROM `bk_link` ORDER BY `sort` LIMIT 0,10 [ RunTime:0.000579s ]
---------------------------------------------------------------
[ 2018-04-16T20:54:29+08:00 ] 0.0.0.0 GET /public/static/admin/fonts/fontawesome-webfont.woff2?v=4.3.0
[ info ] tp2.com/public/static/admin/fonts/fontawesome-webfont.woff2?v=4.3.0 [运行时间：0.036595s][吞吐率：27.33req/s] [内存消耗：1,512.19kb] [文件加载：38]
[ info ] [ LANG ] /Volumes/HighSierraFile/HighSierraFile/www/new/tp2/thinkphp/lang/zh-cn.php
[ info ] [ ROUTE ] array (
  'type' => 'module',
  'module' => 
  array (
    0 => 'static',
    1 => 'admin',
    2 => 'fonts',
  ),
)
[ info ] [ HEADER ] array (
  'host' => 'tp2.com',
  'connection' => 'keep-alive',
  'origin' => 'http://tp2.com',
  'user-agent' => 'Mozilla/5.0 (Macintosh; Intel Mac OS X 10_13_4) AppleWebKit/537.36 (KHTML, like Gecko) Chrome/65.0.3325.181 Safari/537.36',
  'accept' => '*/*',
  'referer' => 'http://tp2.com/public/static/admin/style/font-awesome.css',
  'accept-encoding' => 'gzip, deflate',
  'accept-language' => 'zh-CN,zh;q=0.9',
  'cookie' => 'PHPSESSID=153f348dc32a7bb88e3590696280b8d6',
)
[ info ] [ PARAM ] array (
  'v' => '4.3.0',
)
[ info ] [ LOG ] INIT File
