---------------------------------------------------------------
[ 2018-04-17T19:26:38+08:00 ] 0.0.0.0 GET /public/admin/
[ info ] tp2.com/public/admin/ [运行时间：0.186301s][吞吐率：5.37req/s] [内存消耗：2,058.68kb] [文件加载：49]
[ info ] [ LANG ] /Volumes/HighSierraFile/HighSierraFile/www/new/tp2/thinkphp/lang/zh-cn.php
[ info ] [ ROUTE ] array (
  'type' => 'module',
  'module' => 
  array (
    0 => 'admin',
    1 => NULL,
    2 => NULL,
  ),
)
[ info ] [ HEADER ] array (
  'host' => 'tp2.com',
  'connection' => 'keep-alive',
  'upgrade-insecure-requests' => '1',
  'user-agent' => 'Mozilla/5.0 (Macintosh; Intel Mac OS X 10_13_4) AppleWebKit/537.36 (KHTML, like Gecko) Chrome/65.0.3325.181 Safari/537.36',
  'accept' => 'text/html,application/xhtml+xml,application/xml;q=0.9,image/webp,image/apng,*/*;q=0.8',
  'accept-encoding' => 'gzip, deflate',
  'accept-language' => 'zh-CN,zh;q=0.9',
)
[ info ] [ PARAM ] array (
)
[ info ] [ SESSION ] INIT array (
  'id' => '',
  'var_session_id' => '',
  'prefix' => 'think',
  'type' => '',
  'auto_start' => true,
)
[ info ] [ VIEW ] /Volumes/HighSierraFile/HighSierraFile/www/new/tp2/thinkphp/tpl/dispatch_jump.tpl [ array (
  0 => 'code',
  1 => 'msg',
  2 => 'data',
  3 => 'url',
  4 => 'wait',
) ]
[ info ] [ LOG ] INIT File
---------------------------------------------------------------
[ 2018-04-17T19:26:40+08:00 ] 0.0.0.0 GET /public/admin/login/index.html
[ info ] tp2.com/public/admin/login/index.html [运行时间：0.115823s][吞吐率：8.63req/s] [内存消耗：2,001.63kb] [文件加载：47]
[ info ] [ LANG ] /Volumes/HighSierraFile/HighSierraFile/www/new/tp2/thinkphp/lang/zh-cn.php
[ info ] [ ROUTE ] array (
  'type' => 'module',
  'module' => 
  array (
    0 => 'admin',
    1 => 'login',
    2 => 'index',
  ),
)
[ info ] [ HEADER ] array (
  'host' => 'tp2.com',
  'connection' => 'keep-alive',
  'upgrade-insecure-requests' => '1',
  'user-agent' => 'Mozilla/5.0 (Macintosh; Intel Mac OS X 10_13_4) AppleWebKit/537.36 (KHTML, like Gecko) Chrome/65.0.3325.181 Safari/537.36',
  'accept' => 'text/html,application/xhtml+xml,application/xml;q=0.9,image/webp,image/apng,*/*;q=0.8',
  'referer' => 'http://tp2.com/public/admin/',
  'accept-encoding' => 'gzip, deflate',
  'accept-language' => 'zh-CN,zh;q=0.9',
  'cookie' => 'PHPSESSID=2e00d4ea507b93ea82dab0d6377deee7',
)
[ info ] [ PARAM ] array (
)
[ info ] [ RUN ] app\admin\controller\Login->index[ /Volumes/HighSierraFile/HighSierraFile/www/new/tp2/application/admin/controller/Login.php ]
[ info ] [ VIEW ] /Volumes/HighSierraFile/HighSierraFile/www/new/tp2/public/../application/admin/view/login/login.htm [ array (
) ]
[ info ] [ LOG ] INIT File
---------------------------------------------------------------
[ 2018-04-17T19:26:46+08:00 ] 0.0.0.0 POST /public/admin/login/index.html
[ info ] tp2.com/public/admin/login/index.html [运行时间：0.206169s][吞吐率：4.85req/s] [内存消耗：3,112.75kb] [文件加载：55]
[ info ] [ LANG ] /Volumes/HighSierraFile/HighSierraFile/www/new/tp2/thinkphp/lang/zh-cn.php
[ info ] [ ROUTE ] array (
  'type' => 'module',
  'module' => 
  array (
    0 => 'admin',
    1 => 'login',
    2 => 'index',
  ),
)
[ info ] [ HEADER ] array (
  'host' => 'tp2.com',
  'connection' => 'keep-alive',
  'content-length' => '25',
  'cache-control' => 'max-age=0',
  'origin' => 'http://tp2.com',
  'upgrade-insecure-requests' => '1',
  'content-type' => 'application/x-www-form-urlencoded',
  'user-agent' => 'Mozilla/5.0 (Macintosh; Intel Mac OS X 10_13_4) AppleWebKit/537.36 (KHTML, like Gecko) Chrome/65.0.3325.181 Safari/537.36',
  'accept' => 'text/html,application/xhtml+xml,application/xml;q=0.9,image/webp,image/apng,*/*;q=0.8',
  'referer' => 'http://tp2.com/public/admin/login/index.html',
  'accept-encoding' => 'gzip, deflate',
  'accept-language' => 'zh-CN,zh;q=0.9',
  'cookie' => 'PHPSESSID=2e00d4ea507b93ea82dab0d6377deee7',
)
[ info ] [ PARAM ] array (
  'name' => 'admin',
  'password' => 'admin',
)
[ info ] [ RUN ] app\admin\controller\Login->index[ /Volumes/HighSierraFile/HighSierraFile/www/new/tp2/application/admin/controller/Login.php ]
[ info ] [ DB ] INIT mysql
[ info ] [ SESSION ] INIT array (
  'id' => '',
  'var_session_id' => '',
  'prefix' => 'think',
  'type' => '',
  'auto_start' => true,
)
[ info ] [ VIEW ] /Volumes/HighSierraFile/HighSierraFile/www/new/tp2/thinkphp/tpl/dispatch_jump.tpl [ array (
  0 => 'code',
  1 => 'msg',
  2 => 'data',
  3 => 'url',
  4 => 'wait',
) ]
[ info ] [ LOG ] INIT File
[ sql ] [ DB ] CONNECT:[ UseTime:0.007542s ] mysql:host=127.0.0.1;dbname=bick;charset=utf8
[ sql ] [ SQL ] SHOW COLUMNS FROM `bk_admin` [ RunTime:0.047068s ]
[ sql ] [ SQL ] SELECT * FROM `bk_admin` WHERE  `name` = 'admin' LIMIT 1 [ RunTime:0.001917s ]
---------------------------------------------------------------
[ 2018-04-17T19:26:49+08:00 ] 0.0.0.0 GET /public/admin/index/index.html
[ info ] tp2.com/public/admin/index/index.html [运行时间：0.071245s][吞吐率：14.04req/s] [内存消耗：2,080.05kb] [文件加载：49]
[ info ] [ LANG ] /Volumes/HighSierraFile/HighSierraFile/www/new/tp2/thinkphp/lang/zh-cn.php
[ info ] [ ROUTE ] array (
  'type' => 'module',
  'module' => 
  array (
    0 => 'admin',
    1 => 'index',
    2 => 'index',
  ),
)
[ info ] [ HEADER ] array (
  'host' => 'tp2.com',
  'connection' => 'keep-alive',
  'upgrade-insecure-requests' => '1',
  'user-agent' => 'Mozilla/5.0 (Macintosh; Intel Mac OS X 10_13_4) AppleWebKit/537.36 (KHTML, like Gecko) Chrome/65.0.3325.181 Safari/537.36',
  'accept' => 'text/html,application/xhtml+xml,application/xml;q=0.9,image/webp,image/apng,*/*;q=0.8',
  'referer' => 'http://tp2.com/public/admin/login/index.html',
  'accept-encoding' => 'gzip, deflate',
  'accept-language' => 'zh-CN,zh;q=0.9',
  'cookie' => 'PHPSESSID=2e00d4ea507b93ea82dab0d6377deee7',
)
[ info ] [ PARAM ] array (
)
[ info ] [ SESSION ] INIT array (
  'id' => '',
  'var_session_id' => '',
  'prefix' => 'think',
  'type' => '',
  'auto_start' => true,
)
[ info ] [ RUN ] app\admin\controller\Index->index[ /Volumes/HighSierraFile/HighSierraFile/www/new/tp2/application/admin/controller/Index.php ]
[ info ] [ VIEW ] /Volumes/HighSierraFile/HighSierraFile/www/new/tp2/public/../application/admin/view/index/index.htm [ array (
) ]
[ info ] [ LOG ] INIT File
---------------------------------------------------------------
[ 2018-04-17T19:26:49+08:00 ] 0.0.0.0 GET /public/static/admin/fonts/fontawesome-webfont.woff2?v=4.3.0
[ info ] tp2.com/public/static/admin/fonts/fontawesome-webfont.woff2?v=4.3.0 [运行时间：0.085692s][吞吐率：11.67req/s] [内存消耗：1,512.19kb] [文件加载：38]
[ info ] [ LANG ] /Volumes/HighSierraFile/HighSierraFile/www/new/tp2/thinkphp/lang/zh-cn.php
[ info ] [ ROUTE ] array (
  'type' => 'module',
  'module' => 
  array (
    0 => 'static',
    1 => 'admin',
    2 => 'fonts',
  ),
)
[ info ] [ HEADER ] array (
  'host' => 'tp2.com',
  'connection' => 'keep-alive',
  'origin' => 'http://tp2.com',
  'user-agent' => 'Mozilla/5.0 (Macintosh; Intel Mac OS X 10_13_4) AppleWebKit/537.36 (KHTML, like Gecko) Chrome/65.0.3325.181 Safari/537.36',
  'accept' => '*/*',
  'referer' => 'http://tp2.com/public/static/admin/style/font-awesome.css',
  'accept-encoding' => 'gzip, deflate',
  'accept-language' => 'zh-CN,zh;q=0.9',
  'cookie' => 'PHPSESSID=2e00d4ea507b93ea82dab0d6377deee7',
)
[ info ] [ PARAM ] array (
  'v' => '4.3.0',
)
[ info ] [ LOG ] INIT File
---------------------------------------------------------------
[ 2018-04-17T19:34:15+08:00 ] 0.0.0.0 GET /public/admin/admin/lst.html
[ info ] tp2.com/public/admin/admin/lst.html [运行时间：0.123904s][吞吐率：8.07req/s] [内存消耗：3,248.13kb] [文件加载：59]
[ info ] [ LANG ] /Volumes/HighSierraFile/HighSierraFile/www/new/tp2/thinkphp/lang/zh-cn.php
[ info ] [ ROUTE ] array (
  'type' => 'module',
  'module' => 
  array (
    0 => 'admin',
    1 => 'admin',
    2 => 'lst',
  ),
)
[ info ] [ HEADER ] array (
  'host' => 'tp2.com',
  'connection' => 'keep-alive',
  'upgrade-insecure-requests' => '1',
  'user-agent' => 'Mozilla/5.0 (Macintosh; Intel Mac OS X 10_13_4) AppleWebKit/537.36 (KHTML, like Gecko) Chrome/65.0.3325.181 Safari/537.36',
  'accept' => 'text/html,application/xhtml+xml,application/xml;q=0.9,image/webp,image/apng,*/*;q=0.8',
  'referer' => 'http://tp2.com/public/admin/index/index.html',
  'accept-encoding' => 'gzip, deflate',
  'accept-language' => 'zh-CN,zh;q=0.9',
  'cookie' => 'PHPSESSID=2e00d4ea507b93ea82dab0d6377deee7',
)
[ info ] [ PARAM ] array (
)
[ info ] [ SESSION ] INIT array (
  'id' => '',
  'var_session_id' => '',
  'prefix' => 'think',
  'type' => '',
  'auto_start' => true,
)
[ info ] [ RUN ] app\admin\controller\Admin->lst[ /Volumes/HighSierraFile/HighSierraFile/www/new/tp2/application/admin/controller/Admin.php ]
[ info ] [ DB ] INIT mysql
[ info ] [ VIEW ] /Volumes/HighSierraFile/HighSierraFile/www/new/tp2/public/../application/admin/view/admin/lst.htm [ array (
  0 => 'adminres',
) ]
[ info ] [ LOG ] INIT File
[ sql ] [ DB ] CONNECT:[ UseTime:0.001036s ] mysql:host=127.0.0.1;dbname=bick;charset=utf8
[ sql ] [ SQL ] SHOW COLUMNS FROM `bk_admin` [ RunTime:0.011070s ]
[ sql ] [ SQL ] SELECT COUNT(*) AS tp_count FROM `bk_admin` LIMIT 1 [ RunTime:0.002040s ]
[ sql ] [ SQL ] SELECT * FROM `bk_admin` LIMIT 0,3 [ RunTime:0.000559s ]
---------------------------------------------------------------
[ 2018-04-17T19:34:15+08:00 ] 0.0.0.0 GET /public/static/admin/fonts/fontawesome-webfont.woff2?v=4.3.0
[ info ] tp2.com/public/static/admin/fonts/fontawesome-webfont.woff2?v=4.3.0 [运行时间：0.039065s][吞吐率：25.60req/s] [内存消耗：1,512.19kb] [文件加载：38]
[ info ] [ LANG ] /Volumes/HighSierraFile/HighSierraFile/www/new/tp2/thinkphp/lang/zh-cn.php
[ info ] [ ROUTE ] array (
  'type' => 'module',
  'module' => 
  array (
    0 => 'static',
    1 => 'admin',
    2 => 'fonts',
  ),
)
[ info ] [ HEADER ] array (
  'host' => 'tp2.com',
  'connection' => 'keep-alive',
  'origin' => 'http://tp2.com',
  'user-agent' => 'Mozilla/5.0 (Macintosh; Intel Mac OS X 10_13_4) AppleWebKit/537.36 (KHTML, like Gecko) Chrome/65.0.3325.181 Safari/537.36',
  'accept' => '*/*',
  'referer' => 'http://tp2.com/public/static/admin/style/font-awesome.css',
  'accept-encoding' => 'gzip, deflate',
  'accept-language' => 'zh-CN,zh;q=0.9',
  'cookie' => 'PHPSESSID=2e00d4ea507b93ea82dab0d6377deee7',
)
[ info ] [ PARAM ] array (
  'v' => '4.3.0',
)
[ info ] [ LOG ] INIT File
---------------------------------------------------------------
[ 2018-04-17T19:34:16+08:00 ] 0.0.0.0 GET /public/admin/admin/add.html
[ info ] tp2.com/public/admin/admin/add.html [运行时间：0.035962s][吞吐率：27.81req/s] [内存消耗：2,104.64kb] [文件加载：49]
[ info ] [ LANG ] /Volumes/HighSierraFile/HighSierraFile/www/new/tp2/thinkphp/lang/zh-cn.php
[ info ] [ ROUTE ] array (
  'type' => 'module',
  'module' => 
  array (
    0 => 'admin',
    1 => 'admin',
    2 => 'add',
  ),
)
[ info ] [ HEADER ] array (
  'host' => 'tp2.com',
  'connection' => 'keep-alive',
  'upgrade-insecure-requests' => '1',
  'user-agent' => 'Mozilla/5.0 (Macintosh; Intel Mac OS X 10_13_4) AppleWebKit/537.36 (KHTML, like Gecko) Chrome/65.0.3325.181 Safari/537.36',
  'accept' => 'text/html,application/xhtml+xml,application/xml;q=0.9,image/webp,image/apng,*/*;q=0.8',
  'referer' => 'http://tp2.com/public/admin/admin/lst.html',
  'accept-encoding' => 'gzip, deflate',
  'accept-language' => 'zh-CN,zh;q=0.9',
  'cookie' => 'PHPSESSID=2e00d4ea507b93ea82dab0d6377deee7',
)
[ info ] [ PARAM ] array (
)
[ info ] [ SESSION ] INIT array (
  'id' => '',
  'var_session_id' => '',
  'prefix' => 'think',
  'type' => '',
  'auto_start' => true,
)
[ info ] [ RUN ] app\admin\controller\Admin->add[ /Volumes/HighSierraFile/HighSierraFile/www/new/tp2/application/admin/controller/Admin.php ]
[ info ] [ VIEW ] /Volumes/HighSierraFile/HighSierraFile/www/new/tp2/public/../application/admin/view/admin/add.htm [ array (
) ]
[ info ] [ LOG ] INIT File
---------------------------------------------------------------
[ 2018-04-17T19:34:16+08:00 ] 0.0.0.0 GET /public/static/admin/fonts/fontawesome-webfont.woff2?v=4.3.0
[ info ] tp2.com/public/static/admin/fonts/fontawesome-webfont.woff2?v=4.3.0 [运行时间：0.034729s][吞吐率：28.79req/s] [内存消耗：1,512.19kb] [文件加载：38]
[ info ] [ LANG ] /Volumes/HighSierraFile/HighSierraFile/www/new/tp2/thinkphp/lang/zh-cn.php
[ info ] [ ROUTE ] array (
  'type' => 'module',
  'module' => 
  array (
    0 => 'static',
    1 => 'admin',
    2 => 'fonts',
  ),
)
[ info ] [ HEADER ] array (
  'host' => 'tp2.com',
  'connection' => 'keep-alive',
  'origin' => 'http://tp2.com',
  'user-agent' => 'Mozilla/5.0 (Macintosh; Intel Mac OS X 10_13_4) AppleWebKit/537.36 (KHTML, like Gecko) Chrome/65.0.3325.181 Safari/537.36',
  'accept' => '*/*',
  'referer' => 'http://tp2.com/public/static/admin/style/font-awesome.css',
  'accept-encoding' => 'gzip, deflate',
  'accept-language' => 'zh-CN,zh;q=0.9',
  'cookie' => 'PHPSESSID=2e00d4ea507b93ea82dab0d6377deee7',
)
[ info ] [ PARAM ] array (
  'v' => '4.3.0',
)
[ info ] [ LOG ] INIT File
---------------------------------------------------------------
[ 2018-04-17T19:34:26+08:00 ] 0.0.0.0 POST /public/admin/admin/add.html
[ info ] tp2.com/public/admin/admin/add.html [运行时间：0.082811s][吞吐率：12.08req/s] [内存消耗：3,021.69kb] [文件加载：56]
[ info ] [ LANG ] /Volumes/HighSierraFile/HighSierraFile/www/new/tp2/thinkphp/lang/zh-cn.php
[ info ] [ ROUTE ] array (
  'type' => 'module',
  'module' => 
  array (
    0 => 'admin',
    1 => 'admin',
    2 => 'add',
  ),
)
[ info ] [ HEADER ] array (
  'host' => 'tp2.com',
  'connection' => 'keep-alive',
  'content-length' => '32',
  'cache-control' => 'max-age=0',
  'origin' => 'http://tp2.com',
  'upgrade-insecure-requests' => '1',
  'content-type' => 'application/x-www-form-urlencoded',
  'user-agent' => 'Mozilla/5.0 (Macintosh; Intel Mac OS X 10_13_4) AppleWebKit/537.36 (KHTML, like Gecko) Chrome/65.0.3325.181 Safari/537.36',
  'accept' => 'text/html,application/xhtml+xml,application/xml;q=0.9,image/webp,image/apng,*/*;q=0.8',
  'referer' => 'http://tp2.com/public/admin/admin/add.html',
  'accept-encoding' => 'gzip, deflate',
  'accept-language' => 'zh-CN,zh;q=0.9',
  'cookie' => 'PHPSESSID=2e00d4ea507b93ea82dab0d6377deee7',
)
[ info ] [ PARAM ] array (
  'name' => 'aaaaaaaaaaa',
  'password' => '123456',
)
[ info ] [ SESSION ] INIT array (
  'id' => '',
  'var_session_id' => '',
  'prefix' => 'think',
  'type' => '',
  'auto_start' => true,
)
[ info ] [ RUN ] app\admin\controller\Admin->add[ /Volumes/HighSierraFile/HighSierraFile/www/new/tp2/application/admin/controller/Admin.php ]
[ info ] [ DB ] INIT mysql
[ info ] [ LOG ] INIT File
[ error ] [0]类不存在:app\common\validate\Admin[/Volumes/HighSierraFile/HighSierraFile/www/new/tp2/thinkphp/library/think/Loader.php:506]
---------------------------------------------------------------
[ 2018-04-17T19:35:34+08:00 ] 0.0.0.0 GET /public/admin/admin/add.html
[ info ] tp2.com/public/admin/admin/add.html [运行时间：0.027358s][吞吐率：36.55req/s] [内存消耗：1,936.09kb] [文件加载：47]
[ info ] [ LANG ] /Volumes/HighSierraFile/HighSierraFile/www/new/tp2/thinkphp/lang/zh-cn.php
[ info ] [ ROUTE ] array (
  'type' => 'module',
  'module' => 
  array (
    0 => 'admin',
    1 => 'admin',
    2 => 'add',
  ),
)
[ info ] [ HEADER ] array (
  'host' => 'tp2.com',
  'connection' => 'keep-alive',
  'upgrade-insecure-requests' => '1',
  'user-agent' => 'Mozilla/5.0 (Macintosh; Intel Mac OS X 10_13_4) AppleWebKit/537.36 (KHTML, like Gecko) Chrome/65.0.3325.181 Safari/537.36',
  'accept' => 'text/html,application/xhtml+xml,application/xml;q=0.9,image/webp,image/apng,*/*;q=0.8',
  'referer' => 'http://tp2.com/public/admin/admin/lst.html',
  'accept-encoding' => 'gzip, deflate',
  'accept-language' => 'zh-CN,zh;q=0.9',
  'cookie' => 'PHPSESSID=2e00d4ea507b93ea82dab0d6377deee7',
)
[ info ] [ PARAM ] array (
)
[ info ] [ SESSION ] INIT array (
  'id' => '',
  'var_session_id' => '',
  'prefix' => 'think',
  'type' => '',
  'auto_start' => true,
)
[ info ] [ RUN ] app\admin\controller\Admin->add[ /Volumes/HighSierraFile/HighSierraFile/www/new/tp2/application/admin/controller/Admin.php ]
[ info ] [ VIEW ] /Volumes/HighSierraFile/HighSierraFile/www/new/tp2/public/../application/admin/view/admin/add.htm [ array (
) ]
[ info ] [ LOG ] INIT File
---------------------------------------------------------------
[ 2018-04-17T19:35:34+08:00 ] 0.0.0.0 GET /public/static/admin/fonts/fontawesome-webfont.woff2?v=4.3.0
[ info ] tp2.com/public/static/admin/fonts/fontawesome-webfont.woff2?v=4.3.0 [运行时间：0.037171s][吞吐率：26.90req/s] [内存消耗：1,512.19kb] [文件加载：38]
[ info ] [ LANG ] /Volumes/HighSierraFile/HighSierraFile/www/new/tp2/thinkphp/lang/zh-cn.php
[ info ] [ ROUTE ] array (
  'type' => 'module',
  'module' => 
  array (
    0 => 'static',
    1 => 'admin',
    2 => 'fonts',
  ),
)
[ info ] [ HEADER ] array (
  'host' => 'tp2.com',
  'connection' => 'keep-alive',
  'origin' => 'http://tp2.com',
  'user-agent' => 'Mozilla/5.0 (Macintosh; Intel Mac OS X 10_13_4) AppleWebKit/537.36 (KHTML, like Gecko) Chrome/65.0.3325.181 Safari/537.36',
  'accept' => '*/*',
  'referer' => 'http://tp2.com/public/static/admin/style/font-awesome.css',
  'accept-encoding' => 'gzip, deflate',
  'accept-language' => 'zh-CN,zh;q=0.9',
  'cookie' => 'PHPSESSID=2e00d4ea507b93ea82dab0d6377deee7',
)
[ info ] [ PARAM ] array (
  'v' => '4.3.0',
)
[ info ] [ LOG ] INIT File
---------------------------------------------------------------
[ 2018-04-17T19:35:35+08:00 ] 0.0.0.0 GET /public/admin/admin/add.html
[ info ] tp2.com/public/admin/admin/add.html [运行时间：0.027021s][吞吐率：37.01req/s] [内存消耗：1,936.17kb] [文件加载：47]
[ info ] [ LANG ] /Volumes/HighSierraFile/HighSierraFile/www/new/tp2/thinkphp/lang/zh-cn.php
[ info ] [ ROUTE ] array (
  'type' => 'module',
  'module' => 
  array (
    0 => 'admin',
    1 => 'admin',
    2 => 'add',
  ),
)
[ info ] [ HEADER ] array (
  'host' => 'tp2.com',
  'connection' => 'keep-alive',
  'cache-control' => 'max-age=0',
  'upgrade-insecure-requests' => '1',
  'user-agent' => 'Mozilla/5.0 (Macintosh; Intel Mac OS X 10_13_4) AppleWebKit/537.36 (KHTML, like Gecko) Chrome/65.0.3325.181 Safari/537.36',
  'accept' => 'text/html,application/xhtml+xml,application/xml;q=0.9,image/webp,image/apng,*/*;q=0.8',
  'referer' => 'http://tp2.com/public/admin/admin/add.html',
  'accept-encoding' => 'gzip, deflate',
  'accept-language' => 'zh-CN,zh;q=0.9',
  'cookie' => 'PHPSESSID=2e00d4ea507b93ea82dab0d6377deee7',
)
[ info ] [ PARAM ] array (
)
[ info ] [ SESSION ] INIT array (
  'id' => '',
  'var_session_id' => '',
  'prefix' => 'think',
  'type' => '',
  'auto_start' => true,
)
[ info ] [ RUN ] app\admin\controller\Admin->add[ /Volumes/HighSierraFile/HighSierraFile/www/new/tp2/application/admin/controller/Admin.php ]
[ info ] [ VIEW ] /Volumes/HighSierraFile/HighSierraFile/www/new/tp2/public/../application/admin/view/admin/add.htm [ array (
) ]
[ info ] [ LOG ] INIT File
---------------------------------------------------------------
[ 2018-04-17T19:35:35+08:00 ] 0.0.0.0 GET /public/static/admin/fonts/fontawesome-webfont.woff2?v=4.3.0
[ info ] tp2.com/public/static/admin/fonts/fontawesome-webfont.woff2?v=4.3.0 [运行时间：0.086343s][吞吐率：11.58req/s] [内存消耗：1,512.19kb] [文件加载：38]
[ info ] [ LANG ] /Volumes/HighSierraFile/HighSierraFile/www/new/tp2/thinkphp/lang/zh-cn.php
[ info ] [ ROUTE ] array (
  'type' => 'module',
  'module' => 
  array (
    0 => 'static',
    1 => 'admin',
    2 => 'fonts',
  ),
)
[ info ] [ HEADER ] array (
  'host' => 'tp2.com',
  'connection' => 'keep-alive',
  'origin' => 'http://tp2.com',
  'user-agent' => 'Mozilla/5.0 (Macintosh; Intel Mac OS X 10_13_4) AppleWebKit/537.36 (KHTML, like Gecko) Chrome/65.0.3325.181 Safari/537.36',
  'accept' => '*/*',
  'referer' => 'http://tp2.com/public/static/admin/style/font-awesome.css',
  'accept-encoding' => 'gzip, deflate',
  'accept-language' => 'zh-CN,zh;q=0.9',
  'cookie' => 'PHPSESSID=2e00d4ea507b93ea82dab0d6377deee7',
)
[ info ] [ PARAM ] array (
  'v' => '4.3.0',
)
[ info ] [ LOG ] INIT File
---------------------------------------------------------------
[ 2018-04-17T19:35:39+08:00 ] 0.0.0.0 POST /public/admin/admin/add.html
[ info ] tp2.com/public/admin/admin/add.html [运行时间：0.056483s][吞吐率：17.70req/s] [内存消耗：3,017.59kb] [文件加载：55]
[ info ] [ LANG ] /Volumes/HighSierraFile/HighSierraFile/www/new/tp2/thinkphp/lang/zh-cn.php
[ info ] [ ROUTE ] array (
  'type' => 'module',
  'module' => 
  array (
    0 => 'admin',
    1 => 'admin',
    2 => 'add',
  ),
)
[ info ] [ HEADER ] array (
  'host' => 'tp2.com',
  'connection' => 'keep-alive',
  'content-length' => '32',
  'cache-control' => 'max-age=0',
  'origin' => 'http://tp2.com',
  'upgrade-insecure-requests' => '1',
  'content-type' => 'application/x-www-form-urlencoded',
  'user-agent' => 'Mozilla/5.0 (Macintosh; Intel Mac OS X 10_13_4) AppleWebKit/537.36 (KHTML, like Gecko) Chrome/65.0.3325.181 Safari/537.36',
  'accept' => 'text/html,application/xhtml+xml,application/xml;q=0.9,image/webp,image/apng,*/*;q=0.8',
  'referer' => 'http://tp2.com/public/admin/admin/add.html',
  'accept-encoding' => 'gzip, deflate',
  'accept-language' => 'zh-CN,zh;q=0.9',
  'cookie' => 'PHPSESSID=2e00d4ea507b93ea82dab0d6377deee7',
)
[ info ] [ PARAM ] array (
  'name' => 'aaaaaaaaaaa',
  'password' => '123456',
)
[ info ] [ SESSION ] INIT array (
  'id' => '',
  'var_session_id' => '',
  'prefix' => 'think',
  'type' => '',
  'auto_start' => true,
)
[ info ] [ RUN ] app\admin\controller\Admin->add[ /Volumes/HighSierraFile/HighSierraFile/www/new/tp2/application/admin/controller/Admin.php ]
[ info ] [ DB ] INIT mysql
[ info ] [ LOG ] INIT File
[ error ] [0]类不存在:app\common\validate\AdminValidate[/Volumes/HighSierraFile/HighSierraFile/www/new/tp2/thinkphp/library/think/Loader.php:506]
---------------------------------------------------------------
[ 2018-04-17T19:37:15+08:00 ] 0.0.0.0 GET /public/admin/admin/add.html
[ info ] tp2.com/public/admin/admin/add.html [运行时间：0.031985s][吞吐率：31.26req/s] [内存消耗：1,936.11kb] [文件加载：47]
[ info ] [ LANG ] /Volumes/HighSierraFile/HighSierraFile/www/new/tp2/thinkphp/lang/zh-cn.php
[ info ] [ ROUTE ] array (
  'type' => 'module',
  'module' => 
  array (
    0 => 'admin',
    1 => 'admin',
    2 => 'add',
  ),
)
[ info ] [ HEADER ] array (
  'host' => 'tp2.com',
  'connection' => 'keep-alive',
  'upgrade-insecure-requests' => '1',
  'user-agent' => 'Mozilla/5.0 (Macintosh; Intel Mac OS X 10_13_4) AppleWebKit/537.36 (KHTML, like Gecko) Chrome/65.0.3325.181 Safari/537.36',
  'accept' => 'text/html,application/xhtml+xml,application/xml;q=0.9,image/webp,image/apng,*/*;q=0.8',
  'referer' => 'http://tp2.com/public/admin/admin/add.html',
  'accept-encoding' => 'gzip, deflate',
  'accept-language' => 'zh-CN,zh;q=0.9',
  'cookie' => 'PHPSESSID=2e00d4ea507b93ea82dab0d6377deee7',
)
[ info ] [ PARAM ] array (
)
[ info ] [ SESSION ] INIT array (
  'id' => '',
  'var_session_id' => '',
  'prefix' => 'think',
  'type' => '',
  'auto_start' => true,
)
[ info ] [ RUN ] app\admin\controller\Admin->add[ /Volumes/HighSierraFile/HighSierraFile/www/new/tp2/application/admin/controller/Admin.php ]
[ info ] [ VIEW ] /Volumes/HighSierraFile/HighSierraFile/www/new/tp2/public/../application/admin/view/admin/add.htm [ array (
) ]
[ info ] [ LOG ] INIT File
---------------------------------------------------------------
[ 2018-04-17T19:37:15+08:00 ] 0.0.0.0 GET /public/static/admin/fonts/fontawesome-webfont.woff2?v=4.3.0
[ info ] tp2.com/public/static/admin/fonts/fontawesome-webfont.woff2?v=4.3.0 [运行时间：0.036356s][吞吐率：27.51req/s] [内存消耗：1,512.19kb] [文件加载：38]
[ info ] [ LANG ] /Volumes/HighSierraFile/HighSierraFile/www/new/tp2/thinkphp/lang/zh-cn.php
[ info ] [ ROUTE ] array (
  'type' => 'module',
  'module' => 
  array (
    0 => 'static',
    1 => 'admin',
    2 => 'fonts',
  ),
)
[ info ] [ HEADER ] array (
  'host' => 'tp2.com',
  'connection' => 'keep-alive',
  'origin' => 'http://tp2.com',
  'user-agent' => 'Mozilla/5.0 (Macintosh; Intel Mac OS X 10_13_4) AppleWebKit/537.36 (KHTML, like Gecko) Chrome/65.0.3325.181 Safari/537.36',
  'accept' => '*/*',
  'referer' => 'http://tp2.com/public/static/admin/style/font-awesome.css',
  'accept-encoding' => 'gzip, deflate',
  'accept-language' => 'zh-CN,zh;q=0.9',
  'cookie' => 'PHPSESSID=2e00d4ea507b93ea82dab0d6377deee7',
)
[ info ] [ PARAM ] array (
  'v' => '4.3.0',
)
[ info ] [ LOG ] INIT File
---------------------------------------------------------------
[ 2018-04-17T19:37:16+08:00 ] 0.0.0.0 POST /public/admin/admin/add.html
[ info ] tp2.com/public/admin/admin/add.html [运行时间：0.077167s][吞吐率：12.96req/s] [内存消耗：3,025.43kb] [文件加载：56]
[ info ] [ LANG ] /Volumes/HighSierraFile/HighSierraFile/www/new/tp2/thinkphp/lang/zh-cn.php
[ info ] [ ROUTE ] array (
  'type' => 'module',
  'module' => 
  array (
    0 => 'admin',
    1 => 'admin',
    2 => 'add',
  ),
)
[ info ] [ HEADER ] array (
  'host' => 'tp2.com',
  'connection' => 'keep-alive',
  'content-length' => '32',
  'cache-control' => 'max-age=0',
  'origin' => 'http://tp2.com',
  'upgrade-insecure-requests' => '1',
  'content-type' => 'application/x-www-form-urlencoded',
  'user-agent' => 'Mozilla/5.0 (Macintosh; Intel Mac OS X 10_13_4) AppleWebKit/537.36 (KHTML, like Gecko) Chrome/65.0.3325.181 Safari/537.36',
  'accept' => 'text/html,application/xhtml+xml,application/xml;q=0.9,image/webp,image/apng,*/*;q=0.8',
  'referer' => 'http://tp2.com/public/admin/admin/add.html',
  'accept-encoding' => 'gzip, deflate',
  'accept-language' => 'zh-CN,zh;q=0.9',
  'cookie' => 'PHPSESSID=2e00d4ea507b93ea82dab0d6377deee7',
)
[ info ] [ PARAM ] array (
  'name' => 'aaaaaaaaaaa',
  'password' => '123456',
)
[ info ] [ SESSION ] INIT array (
  'id' => '',
  'var_session_id' => '',
  'prefix' => 'think',
  'type' => '',
  'auto_start' => true,
)
[ info ] [ RUN ] app\admin\controller\Admin->add[ /Volumes/HighSierraFile/HighSierraFile/www/new/tp2/application/admin/controller/Admin.php ]
[ info ] [ DB ] INIT mysql
[ info ] [ LOG ] INIT File
[ error ] [0]致命错误: Class 'app\admin\validate\Admin' not found[/Volumes/HighSierraFile/HighSierraFile/www/new/tp2/application/admin/controller/Admin.php:23]
---------------------------------------------------------------
[ 2018-04-17T19:38:59+08:00 ] 0.0.0.0 POST /public/admin/admin/add.html
[ info ] tp2.com/public/admin/admin/add.html [运行时间：0.051054s][吞吐率：19.59req/s] [内存消耗：3,021.60kb] [文件加载：55]
[ info ] [ LANG ] /Volumes/HighSierraFile/HighSierraFile/www/new/tp2/thinkphp/lang/zh-cn.php
[ info ] [ ROUTE ] array (
  'type' => 'module',
  'module' => 
  array (
    0 => 'admin',
    1 => 'admin',
    2 => 'add',
  ),
)
[ info ] [ HEADER ] array (
  'host' => 'tp2.com',
  'connection' => 'keep-alive',
  'content-length' => '32',
  'cache-control' => 'max-age=0',
  'upgrade-insecure-requests' => '1',
  'user-agent' => 'Mozilla/5.0 (Macintosh; Intel Mac OS X 10_13_4) AppleWebKit/537.36 (KHTML, like Gecko) Chrome/65.0.3325.181 Safari/537.36',
  'origin' => 'http://tp2.com',
  'content-type' => 'application/x-www-form-urlencoded',
  'accept' => 'text/html,application/xhtml+xml,application/xml;q=0.9,image/webp,image/apng,*/*;q=0.8',
  'referer' => 'http://tp2.com/public/admin/admin/add.html',
  'accept-encoding' => 'gzip, deflate',
  'accept-language' => 'zh-CN,zh;q=0.9',
  'cookie' => 'PHPSESSID=2e00d4ea507b93ea82dab0d6377deee7',
)
[ info ] [ PARAM ] array (
  'name' => 'aaaaaaaaaaa',
  'password' => '123456',
)
[ info ] [ SESSION ] INIT array (
  'id' => '',
  'var_session_id' => '',
  'prefix' => 'think',
  'type' => '',
  'auto_start' => true,
)
[ info ] [ RUN ] app\admin\controller\Admin->add[ /Volumes/HighSierraFile/HighSierraFile/www/new/tp2/application/admin/controller/Admin.php ]
[ info ] [ DB ] INIT mysql
[ info ] [ LOG ] INIT File
[ error ] [0]致命错误: Class 'app\admin\controller\Loader' not found[/Volumes/HighSierraFile/HighSierraFile/www/new/tp2/application/admin/controller/Admin.php:23]
---------------------------------------------------------------
[ 2018-04-17T19:40:07+08:00 ] 0.0.0.0 POST /public/admin/admin/add.html
[ info ] tp2.com/public/admin/admin/add.html [运行时间：0.048342s][吞吐率：20.69req/s] [内存消耗：3,025.43kb] [文件加载：56]
[ info ] [ LANG ] /Volumes/HighSierraFile/HighSierraFile/www/new/tp2/thinkphp/lang/zh-cn.php
[ info ] [ ROUTE ] array (
  'type' => 'module',
  'module' => 
  array (
    0 => 'admin',
    1 => 'admin',
    2 => 'add',
  ),
)
[ info ] [ HEADER ] array (
  'host' => 'tp2.com',
  'connection' => 'keep-alive',
  'content-length' => '32',
  'cache-control' => 'max-age=0',
  'upgrade-insecure-requests' => '1',
  'user-agent' => 'Mozilla/5.0 (Macintosh; Intel Mac OS X 10_13_4) AppleWebKit/537.36 (KHTML, like Gecko) Chrome/65.0.3325.181 Safari/537.36',
  'origin' => 'http://tp2.com',
  'content-type' => 'application/x-www-form-urlencoded',
  'accept' => 'text/html,application/xhtml+xml,application/xml;q=0.9,image/webp,image/apng,*/*;q=0.8',
  'referer' => 'http://tp2.com/public/admin/admin/add.html',
  'accept-encoding' => 'gzip, deflate',
  'accept-language' => 'zh-CN,zh;q=0.9',
  'cookie' => 'PHPSESSID=2e00d4ea507b93ea82dab0d6377deee7',
)
[ info ] [ PARAM ] array (
  'name' => 'aaaaaaaaaaa',
  'password' => '123456',
)
[ info ] [ SESSION ] INIT array (
  'id' => '',
  'var_session_id' => '',
  'prefix' => 'think',
  'type' => '',
  'auto_start' => true,
)
[ info ] [ RUN ] app\admin\controller\Admin->add[ /Volumes/HighSierraFile/HighSierraFile/www/new/tp2/application/admin/controller/Admin.php ]
[ info ] [ DB ] INIT mysql
[ info ] [ LOG ] INIT File
[ error ] [0]致命错误: Class 'app\admin\validate\Admin' not found[/Volumes/HighSierraFile/HighSierraFile/www/new/tp2/application/admin/controller/Admin.php:23]
---------------------------------------------------------------
[ 2018-04-17T19:40:35+08:00 ] 0.0.0.0 POST /public/admin/admin/add.html
[ info ] tp2.com/public/admin/admin/add.html [运行时间：0.070321s][吞吐率：14.22req/s] [内存消耗：3,094.59kb] [文件加载：57]
[ info ] [ LANG ] /Volumes/HighSierraFile/HighSierraFile/www/new/tp2/thinkphp/lang/zh-cn.php
[ info ] [ ROUTE ] array (
  'type' => 'module',
  'module' => 
  array (
    0 => 'admin',
    1 => 'admin',
    2 => 'add',
  ),
)
[ info ] [ HEADER ] array (
  'host' => 'tp2.com',
  'connection' => 'keep-alive',
  'content-length' => '32',
  'cache-control' => 'max-age=0',
  'upgrade-insecure-requests' => '1',
  'user-agent' => 'Mozilla/5.0 (Macintosh; Intel Mac OS X 10_13_4) AppleWebKit/537.36 (KHTML, like Gecko) Chrome/65.0.3325.181 Safari/537.36',
  'origin' => 'http://tp2.com',
  'content-type' => 'application/x-www-form-urlencoded',
  'accept' => 'text/html,application/xhtml+xml,application/xml;q=0.9,image/webp,image/apng,*/*;q=0.8',
  'referer' => 'http://tp2.com/public/admin/admin/add.html',
  'accept-encoding' => 'gzip, deflate',
  'accept-language' => 'zh-CN,zh;q=0.9',
  'cookie' => 'PHPSESSID=2e00d4ea507b93ea82dab0d6377deee7',
)
[ info ] [ PARAM ] array (
  'name' => 'aaaaaaaaaaa',
  'password' => '123456',
)
[ info ] [ SESSION ] INIT array (
  'id' => '',
  'var_session_id' => '',
  'prefix' => 'think',
  'type' => '',
  'auto_start' => true,
)
[ info ] [ RUN ] app\admin\controller\Admin->add[ /Volumes/HighSierraFile/HighSierraFile/www/new/tp2/application/admin/controller/Admin.php ]
[ info ] [ DB ] INIT mysql
[ info ] [ VIEW ] /Volumes/HighSierraFile/HighSierraFile/www/new/tp2/thinkphp/tpl/dispatch_jump.tpl [ array (
  0 => 'code',
  1 => 'msg',
  2 => 'data',
  3 => 'url',
  4 => 'wait',
) ]
[ info ] [ LOG ] INIT File
[ sql ] [ DB ] CONNECT:[ UseTime:0.001086s ] mysql:host=127.0.0.1;dbname=bick;charset=utf8
[ sql ] [ SQL ] SHOW COLUMNS FROM `bk_admin` [ RunTime:0.005595s ]
[ sql ] [ SQL ] SELECT * FROM `bk_admin` WHERE  `name` = 'aaaaaaaaaaa' LIMIT 1 [ RunTime:0.000736s ]
[ sql ] [ SQL ] INSERT INTO `bk_admin` (`name` , `password`) VALUES ('aaaaaaaaaaa' , 'e10adc3949ba59abbe56e057f20f883e') [ RunTime:0.002410s ]
---------------------------------------------------------------
[ 2018-04-17T19:40:38+08:00 ] 0.0.0.0 GET /public/admin/admin/lst.html
[ info ] tp2.com/public/admin/admin/lst.html [运行时间：0.061125s][吞吐率：16.36req/s] [内存消耗：3,248.15kb] [文件加载：59]
[ info ] [ LANG ] /Volumes/HighSierraFile/HighSierraFile/www/new/tp2/thinkphp/lang/zh-cn.php
[ info ] [ ROUTE ] array (
  'type' => 'module',
  'module' => 
  array (
    0 => 'admin',
    1 => 'admin',
    2 => 'lst',
  ),
)
[ info ] [ HEADER ] array (
  'host' => 'tp2.com',
  'connection' => 'keep-alive',
  'upgrade-insecure-requests' => '1',
  'user-agent' => 'Mozilla/5.0 (Macintosh; Intel Mac OS X 10_13_4) AppleWebKit/537.36 (KHTML, like Gecko) Chrome/65.0.3325.181 Safari/537.36',
  'accept' => 'text/html,application/xhtml+xml,application/xml;q=0.9,image/webp,image/apng,*/*;q=0.8',
  'referer' => 'http://tp2.com/public/admin/admin/add.html',
  'accept-encoding' => 'gzip, deflate',
  'accept-language' => 'zh-CN,zh;q=0.9',
  'cookie' => 'PHPSESSID=2e00d4ea507b93ea82dab0d6377deee7',
)
[ info ] [ PARAM ] array (
)
[ info ] [ SESSION ] INIT array (
  'id' => '',
  'var_session_id' => '',
  'prefix' => 'think',
  'type' => '',
  'auto_start' => true,
)
[ info ] [ RUN ] app\admin\controller\Admin->lst[ /Volumes/HighSierraFile/HighSierraFile/www/new/tp2/application/admin/controller/Admin.php ]
[ info ] [ DB ] INIT mysql
[ info ] [ VIEW ] /Volumes/HighSierraFile/HighSierraFile/www/new/tp2/public/../application/admin/view/admin/lst.htm [ array (
  0 => 'adminres',
) ]
[ info ] [ LOG ] INIT File
[ sql ] [ DB ] CONNECT:[ UseTime:0.000837s ] mysql:host=127.0.0.1;dbname=bick;charset=utf8
[ sql ] [ SQL ] SHOW COLUMNS FROM `bk_admin` [ RunTime:0.011502s ]
[ sql ] [ SQL ] SELECT COUNT(*) AS tp_count FROM `bk_admin` LIMIT 1 [ RunTime:0.000607s ]
[ sql ] [ SQL ] SELECT * FROM `bk_admin` LIMIT 0,3 [ RunTime:0.000543s ]
---------------------------------------------------------------
[ 2018-04-17T19:40:38+08:00 ] 0.0.0.0 GET /public/static/admin/fonts/fontawesome-webfont.woff2?v=4.3.0
[ info ] tp2.com/public/static/admin/fonts/fontawesome-webfont.woff2?v=4.3.0 [运行时间：0.034850s][吞吐率：28.69req/s] [内存消耗：1,512.19kb] [文件加载：38]
[ info ] [ LANG ] /Volumes/HighSierraFile/HighSierraFile/www/new/tp2/thinkphp/lang/zh-cn.php
[ info ] [ ROUTE ] array (
  'type' => 'module',
  'module' => 
  array (
    0 => 'static',
    1 => 'admin',
    2 => 'fonts',
  ),
)
[ info ] [ HEADER ] array (
  'host' => 'tp2.com',
  'connection' => 'keep-alive',
  'origin' => 'http://tp2.com',
  'user-agent' => 'Mozilla/5.0 (Macintosh; Intel Mac OS X 10_13_4) AppleWebKit/537.36 (KHTML, like Gecko) Chrome/65.0.3325.181 Safari/537.36',
  'accept' => '*/*',
  'referer' => 'http://tp2.com/public/static/admin/style/font-awesome.css',
  'accept-encoding' => 'gzip, deflate',
  'accept-language' => 'zh-CN,zh;q=0.9',
  'cookie' => 'PHPSESSID=2e00d4ea507b93ea82dab0d6377deee7',
)
[ info ] [ PARAM ] array (
  'v' => '4.3.0',
)
[ info ] [ LOG ] INIT File
---------------------------------------------------------------
[ 2018-04-17T19:40:40+08:00 ] 0.0.0.0 GET /public/admin/admin/lst.html?page=4
[ info ] tp2.com/public/admin/admin/lst.html?page=4 [运行时间：0.058160s][吞吐率：17.19req/s] [内存消耗：3,247.45kb] [文件加载：59]
[ info ] [ LANG ] /Volumes/HighSierraFile/HighSierraFile/www/new/tp2/thinkphp/lang/zh-cn.php
[ info ] [ ROUTE ] array (
  'type' => 'module',
  'module' => 
  array (
    0 => 'admin',
    1 => 'admin',
    2 => 'lst',
  ),
)
[ info ] [ HEADER ] array (
  'host' => 'tp2.com',
  'connection' => 'keep-alive',
  'upgrade-insecure-requests' => '1',
  'user-agent' => 'Mozilla/5.0 (Macintosh; Intel Mac OS X 10_13_4) AppleWebKit/537.36 (KHTML, like Gecko) Chrome/65.0.3325.181 Safari/537.36',
  'accept' => 'text/html,application/xhtml+xml,application/xml;q=0.9,image/webp,image/apng,*/*;q=0.8',
  'referer' => 'http://tp2.com/public/admin/admin/lst.html',
  'accept-encoding' => 'gzip, deflate',
  'accept-language' => 'zh-CN,zh;q=0.9',
  'cookie' => 'PHPSESSID=2e00d4ea507b93ea82dab0d6377deee7',
)
[ info ] [ PARAM ] array (
  'page' => '4',
)
[ info ] [ SESSION ] INIT array (
  'id' => '',
  'var_session_id' => '',
  'prefix' => 'think',
  'type' => '',
  'auto_start' => true,
)
[ info ] [ RUN ] app\admin\controller\Admin->lst[ /Volumes/HighSierraFile/HighSierraFile/www/new/tp2/application/admin/controller/Admin.php ]
[ info ] [ DB ] INIT mysql
[ info ] [ VIEW ] /Volumes/HighSierraFile/HighSierraFile/www/new/tp2/public/../application/admin/view/admin/lst.htm [ array (
  0 => 'adminres',
) ]
[ info ] [ LOG ] INIT File
[ sql ] [ DB ] CONNECT:[ UseTime:0.000608s ] mysql:host=127.0.0.1;dbname=bick;charset=utf8
[ sql ] [ SQL ] SHOW COLUMNS FROM `bk_admin` [ RunTime:0.010788s ]
[ sql ] [ SQL ] SELECT COUNT(*) AS tp_count FROM `bk_admin` LIMIT 1 [ RunTime:0.000472s ]
[ sql ] [ SQL ] SELECT * FROM `bk_admin` LIMIT 9,3 [ RunTime:0.000544s ]
---------------------------------------------------------------
[ 2018-04-17T19:40:40+08:00 ] 0.0.0.0 GET /public/static/admin/fonts/fontawesome-webfont.woff2?v=4.3.0
[ info ] tp2.com/public/static/admin/fonts/fontawesome-webfont.woff2?v=4.3.0 [运行时间：0.032690s][吞吐率：30.59req/s] [内存消耗：1,512.19kb] [文件加载：38]
[ info ] [ LANG ] /Volumes/HighSierraFile/HighSierraFile/www/new/tp2/thinkphp/lang/zh-cn.php
[ info ] [ ROUTE ] array (
  'type' => 'module',
  'module' => 
  array (
    0 => 'static',
    1 => 'admin',
    2 => 'fonts',
  ),
)
[ info ] [ HEADER ] array (
  'host' => 'tp2.com',
  'connection' => 'keep-alive',
  'origin' => 'http://tp2.com',
  'user-agent' => 'Mozilla/5.0 (Macintosh; Intel Mac OS X 10_13_4) AppleWebKit/537.36 (KHTML, like Gecko) Chrome/65.0.3325.181 Safari/537.36',
  'accept' => '*/*',
  'referer' => 'http://tp2.com/public/static/admin/style/font-awesome.css',
  'accept-encoding' => 'gzip, deflate',
  'accept-language' => 'zh-CN,zh;q=0.9',
  'cookie' => 'PHPSESSID=2e00d4ea507b93ea82dab0d6377deee7',
)
[ info ] [ PARAM ] array (
  'v' => '4.3.0',
)
[ info ] [ LOG ] INIT File
---------------------------------------------------------------
[ 2018-04-17T20:00:43+08:00 ] 0.0.0.0 GET /public/admin/admin/lst.html?page=4
[ info ] tp2.com/public/admin/admin/lst.html?page=4 [运行时间：0.059508s][吞吐率：16.80req/s] [内存消耗：3,247.52kb] [文件加载：59]
[ info ] [ LANG ] /Volumes/HighSierraFile/HighSierraFile/www/new/tp2/thinkphp/lang/zh-cn.php
[ info ] [ ROUTE ] array (
  'type' => 'module',
  'module' => 
  array (
    0 => 'admin',
    1 => 'admin',
    2 => 'lst',
  ),
)
[ info ] [ HEADER ] array (
  'host' => 'tp2.com',
  'connection' => 'keep-alive',
  'cache-control' => 'max-age=0',
  'upgrade-insecure-requests' => '1',
  'user-agent' => 'Mozilla/5.0 (Macintosh; Intel Mac OS X 10_13_4) AppleWebKit/537.36 (KHTML, like Gecko) Chrome/65.0.3325.181 Safari/537.36',
  'accept' => 'text/html,application/xhtml+xml,application/xml;q=0.9,image/webp,image/apng,*/*;q=0.8',
  'referer' => 'http://tp2.com/public/admin/admin/lst.html',
  'accept-encoding' => 'gzip, deflate',
  'accept-language' => 'zh-CN,zh;q=0.9',
  'cookie' => 'PHPSESSID=2e00d4ea507b93ea82dab0d6377deee7',
)
[ info ] [ PARAM ] array (
  'page' => '4',
)
[ info ] [ SESSION ] INIT array (
  'id' => '',
  'var_session_id' => '',
  'prefix' => 'think',
  'type' => '',
  'auto_start' => true,
)
[ info ] [ RUN ] app\admin\controller\Admin->lst[ /Volumes/HighSierraFile/HighSierraFile/www/new/tp2/application/admin/controller/Admin.php ]
[ info ] [ DB ] INIT mysql
[ info ] [ VIEW ] /Volumes/HighSierraFile/HighSierraFile/www/new/tp2/public/../application/admin/view/admin/lst.htm [ array (
  0 => 'adminres',
) ]
[ info ] [ LOG ] INIT File
[ sql ] [ DB ] CONNECT:[ UseTime:0.000851s ] mysql:host=127.0.0.1;dbname=bick;charset=utf8
[ sql ] [ SQL ] SHOW COLUMNS FROM `bk_admin` [ RunTime:0.011465s ]
[ sql ] [ SQL ] SELECT COUNT(*) AS tp_count FROM `bk_admin` LIMIT 1 [ RunTime:0.000578s ]
[ sql ] [ SQL ] SELECT * FROM `bk_admin` LIMIT 9,3 [ RunTime:0.000407s ]
---------------------------------------------------------------
[ 2018-04-17T20:00:44+08:00 ] 0.0.0.0 GET /public/static/admin/fonts/fontawesome-webfont.woff2?v=4.3.0
[ info ] tp2.com/public/static/admin/fonts/fontawesome-webfont.woff2?v=4.3.0 [运行时间：0.031386s][吞吐率：31.86req/s] [内存消耗：1,512.19kb] [文件加载：38]
[ info ] [ LANG ] /Volumes/HighSierraFile/HighSierraFile/www/new/tp2/thinkphp/lang/zh-cn.php
[ info ] [ ROUTE ] array (
  'type' => 'module',
  'module' => 
  array (
    0 => 'static',
    1 => 'admin',
    2 => 'fonts',
  ),
)
[ info ] [ HEADER ] array (
  'host' => 'tp2.com',
  'connection' => 'keep-alive',
  'origin' => 'http://tp2.com',
  'user-agent' => 'Mozilla/5.0 (Macintosh; Intel Mac OS X 10_13_4) AppleWebKit/537.36 (KHTML, like Gecko) Chrome/65.0.3325.181 Safari/537.36',
  'accept' => '*/*',
  'referer' => 'http://tp2.com/public/static/admin/style/font-awesome.css',
  'accept-encoding' => 'gzip, deflate',
  'accept-language' => 'zh-CN,zh;q=0.9',
  'cookie' => 'PHPSESSID=2e00d4ea507b93ea82dab0d6377deee7',
)
[ info ] [ PARAM ] array (
  'v' => '4.3.0',
)
[ info ] [ LOG ] INIT File
---------------------------------------------------------------
[ 2018-04-17T20:00:45+08:00 ] 0.0.0.0 GET /public/admin/admin/add.html
[ info ] tp2.com/public/admin/admin/add.html [运行时间：0.034158s][吞吐率：29.28req/s] [内存消耗：1,936.11kb] [文件加载：47]
[ info ] [ LANG ] /Volumes/HighSierraFile/HighSierraFile/www/new/tp2/thinkphp/lang/zh-cn.php
[ info ] [ ROUTE ] array (
  'type' => 'module',
  'module' => 
  array (
    0 => 'admin',
    1 => 'admin',
    2 => 'add',
  ),
)
[ info ] [ HEADER ] array (
  'host' => 'tp2.com',
  'connection' => 'keep-alive',
  'upgrade-insecure-requests' => '1',
  'user-agent' => 'Mozilla/5.0 (Macintosh; Intel Mac OS X 10_13_4) AppleWebKit/537.36 (KHTML, like Gecko) Chrome/65.0.3325.181 Safari/537.36',
  'accept' => 'text/html,application/xhtml+xml,application/xml;q=0.9,image/webp,image/apng,*/*;q=0.8',
  'referer' => 'http://tp2.com/public/admin/admin/lst.html?page=4',
  'accept-encoding' => 'gzip, deflate',
  'accept-language' => 'zh-CN,zh;q=0.9',
  'cookie' => 'PHPSESSID=2e00d4ea507b93ea82dab0d6377deee7',
)
[ info ] [ PARAM ] array (
)
[ info ] [ SESSION ] INIT array (
  'id' => '',
  'var_session_id' => '',
  'prefix' => 'think',
  'type' => '',
  'auto_start' => true,
)
[ info ] [ RUN ] app\admin\controller\Admin->add[ /Volumes/HighSierraFile/HighSierraFile/www/new/tp2/application/admin/controller/Admin.php ]
[ info ] [ VIEW ] /Volumes/HighSierraFile/HighSierraFile/www/new/tp2/public/../application/admin/view/admin/add.htm [ array (
) ]
[ info ] [ LOG ] INIT File
---------------------------------------------------------------
[ 2018-04-17T20:00:45+08:00 ] 0.0.0.0 GET /public/static/admin/fonts/fontawesome-webfont.woff2?v=4.3.0
[ info ] tp2.com/public/static/admin/fonts/fontawesome-webfont.woff2?v=4.3.0 [运行时间：0.065110s][吞吐率：15.36req/s] [内存消耗：1,512.19kb] [文件加载：38]
[ info ] [ LANG ] /Volumes/HighSierraFile/HighSierraFile/www/new/tp2/thinkphp/lang/zh-cn.php
[ info ] [ ROUTE ] array (
  'type' => 'module',
  'module' => 
  array (
    0 => 'static',
    1 => 'admin',
    2 => 'fonts',
  ),
)
[ info ] [ HEADER ] array (
  'host' => 'tp2.com',
  'connection' => 'keep-alive',
  'origin' => 'http://tp2.com',
  'user-agent' => 'Mozilla/5.0 (Macintosh; Intel Mac OS X 10_13_4) AppleWebKit/537.36 (KHTML, like Gecko) Chrome/65.0.3325.181 Safari/537.36',
  'accept' => '*/*',
  'referer' => 'http://tp2.com/public/static/admin/style/font-awesome.css',
  'accept-encoding' => 'gzip, deflate',
  'accept-language' => 'zh-CN,zh;q=0.9',
  'cookie' => 'PHPSESSID=2e00d4ea507b93ea82dab0d6377deee7',
)
[ info ] [ PARAM ] array (
  'v' => '4.3.0',
)
[ info ] [ LOG ] INIT File
---------------------------------------------------------------
[ 2018-04-17T20:00:58+08:00 ] 0.0.0.0 GET /public/admin/admin/add.html
[ info ] tp2.com/public/admin/admin/add.html [运行时间：0.033080s][吞吐率：30.23req/s] [内存消耗：1,936.19kb] [文件加载：47]
[ info ] [ LANG ] /Volumes/HighSierraFile/HighSierraFile/www/new/tp2/thinkphp/lang/zh-cn.php
[ info ] [ ROUTE ] array (
  'type' => 'module',
  'module' => 
  array (
    0 => 'admin',
    1 => 'admin',
    2 => 'add',
  ),
)
[ info ] [ HEADER ] array (
  'host' => 'tp2.com',
  'connection' => 'keep-alive',
  'cache-control' => 'max-age=0',
  'upgrade-insecure-requests' => '1',
  'user-agent' => 'Mozilla/5.0 (Macintosh; Intel Mac OS X 10_13_4) AppleWebKit/537.36 (KHTML, like Gecko) Chrome/65.0.3325.181 Safari/537.36',
  'accept' => 'text/html,application/xhtml+xml,application/xml;q=0.9,image/webp,image/apng,*/*;q=0.8',
  'referer' => 'http://tp2.com/public/admin/admin/lst.html?page=4',
  'accept-encoding' => 'gzip, deflate',
  'accept-language' => 'zh-CN,zh;q=0.9',
  'cookie' => 'PHPSESSID=2e00d4ea507b93ea82dab0d6377deee7',
)
[ info ] [ PARAM ] array (
)
[ info ] [ SESSION ] INIT array (
  'id' => '',
  'var_session_id' => '',
  'prefix' => 'think',
  'type' => '',
  'auto_start' => true,
)
[ info ] [ RUN ] app\admin\controller\Admin->add[ /Volumes/HighSierraFile/HighSierraFile/www/new/tp2/application/admin/controller/Admin.php ]
[ info ] [ VIEW ] /Volumes/HighSierraFile/HighSierraFile/www/new/tp2/public/../application/admin/view/admin/add.htm [ array (
) ]
[ info ] [ LOG ] INIT File
---------------------------------------------------------------
[ 2018-04-17T20:00:58+08:00 ] 0.0.0.0 GET /public/static/admin/fonts/fontawesome-webfont.woff2?v=4.3.0
[ info ] tp2.com/public/static/admin/fonts/fontawesome-webfont.woff2?v=4.3.0 [运行时间：0.075748s][吞吐率：13.20req/s] [内存消耗：1,512.19kb] [文件加载：38]
[ info ] [ LANG ] /Volumes/HighSierraFile/HighSierraFile/www/new/tp2/thinkphp/lang/zh-cn.php
[ info ] [ ROUTE ] array (
  'type' => 'module',
  'module' => 
  array (
    0 => 'static',
    1 => 'admin',
    2 => 'fonts',
  ),
)
[ info ] [ HEADER ] array (
  'host' => 'tp2.com',
  'connection' => 'keep-alive',
  'origin' => 'http://tp2.com',
  'user-agent' => 'Mozilla/5.0 (Macintosh; Intel Mac OS X 10_13_4) AppleWebKit/537.36 (KHTML, like Gecko) Chrome/65.0.3325.181 Safari/537.36',
  'accept' => '*/*',
  'referer' => 'http://tp2.com/public/static/admin/style/font-awesome.css',
  'accept-encoding' => 'gzip, deflate',
  'accept-language' => 'zh-CN,zh;q=0.9',
  'cookie' => 'PHPSESSID=2e00d4ea507b93ea82dab0d6377deee7',
)
[ info ] [ PARAM ] array (
  'v' => '4.3.0',
)
[ info ] [ LOG ] INIT File
---------------------------------------------------------------
[ 2018-04-17T20:01:01+08:00 ] 0.0.0.0 POST /public/admin/admin/add.html
[ info ] tp2.com/public/admin/admin/add.html [运行时间：0.048427s][吞吐率：20.65req/s] [内存消耗：2,978.45kb] [文件加载：53]
[ info ] [ LANG ] /Volumes/HighSierraFile/HighSierraFile/www/new/tp2/thinkphp/lang/zh-cn.php
[ info ] [ ROUTE ] array (
  'type' => 'module',
  'module' => 
  array (
    0 => 'admin',
    1 => 'admin',
    2 => 'add',
  ),
)
[ info ] [ HEADER ] array (
  'host' => 'tp2.com',
  'connection' => 'keep-alive',
  'content-length' => '27',
  'cache-control' => 'max-age=0',
  'origin' => 'http://tp2.com',
  'upgrade-insecure-requests' => '1',
  'content-type' => 'application/x-www-form-urlencoded',
  'user-agent' => 'Mozilla/5.0 (Macintosh; Intel Mac OS X 10_13_4) AppleWebKit/537.36 (KHTML, like Gecko) Chrome/65.0.3325.181 Safari/537.36',
  'accept' => 'text/html,application/xhtml+xml,application/xml;q=0.9,image/webp,image/apng,*/*;q=0.8',
  'referer' => 'http://tp2.com/public/admin/admin/add.html',
  'accept-encoding' => 'gzip, deflate',
  'accept-language' => 'zh-CN,zh;q=0.9',
  'cookie' => 'PHPSESSID=2e00d4ea507b93ea82dab0d6377deee7',
)
[ info ] [ PARAM ] array (
  'name' => '123123',
  'password' => '123123',
)
[ info ] [ SESSION ] INIT array (
  'id' => '',
  'var_session_id' => '',
  'prefix' => 'think',
  'type' => '',
  'auto_start' => true,
)
[ info ] [ RUN ] app\admin\controller\Admin->add[ /Volumes/HighSierraFile/HighSierraFile/www/new/tp2/application/admin/controller/Admin.php ]
[ info ] [ DB ] INIT mysql
[ info ] [ LOG ] INIT File
---------------------------------------------------------------
[ 2018-04-17T20:01:04+08:00 ] 0.0.0.0 GET /public/admin/admin/add.html
[ info ] tp2.com/public/admin/admin/add.html [运行时间：0.026485s][吞吐率：37.76req/s] [内存消耗：1,936.11kb] [文件加载：47]
[ info ] [ LANG ] /Volumes/HighSierraFile/HighSierraFile/www/new/tp2/thinkphp/lang/zh-cn.php
[ info ] [ ROUTE ] array (
  'type' => 'module',
  'module' => 
  array (
    0 => 'admin',
    1 => 'admin',
    2 => 'add',
  ),
)
[ info ] [ HEADER ] array (
  'host' => 'tp2.com',
  'connection' => 'keep-alive',
  'upgrade-insecure-requests' => '1',
  'user-agent' => 'Mozilla/5.0 (Macintosh; Intel Mac OS X 10_13_4) AppleWebKit/537.36 (KHTML, like Gecko) Chrome/65.0.3325.181 Safari/537.36',
  'accept' => 'text/html,application/xhtml+xml,application/xml;q=0.9,image/webp,image/apng,*/*;q=0.8',
  'referer' => 'http://tp2.com/public/admin/admin/lst.html?page=4',
  'accept-encoding' => 'gzip, deflate',
  'accept-language' => 'zh-CN,zh;q=0.9',
  'cookie' => 'PHPSESSID=2e00d4ea507b93ea82dab0d6377deee7',
)
[ info ] [ PARAM ] array (
)
[ info ] [ SESSION ] INIT array (
  'id' => '',
  'var_session_id' => '',
  'prefix' => 'think',
  'type' => '',
  'auto_start' => true,
)
[ info ] [ RUN ] app\admin\controller\Admin->add[ /Volumes/HighSierraFile/HighSierraFile/www/new/tp2/application/admin/controller/Admin.php ]
[ info ] [ VIEW ] /Volumes/HighSierraFile/HighSierraFile/www/new/tp2/public/../application/admin/view/admin/add.htm [ array (
) ]
[ info ] [ LOG ] INIT File
---------------------------------------------------------------
[ 2018-04-17T20:01:04+08:00 ] 0.0.0.0 GET /public/static/admin/fonts/fontawesome-webfont.woff2?v=4.3.0
[ info ] tp2.com/public/static/admin/fonts/fontawesome-webfont.woff2?v=4.3.0 [运行时间：0.035841s][吞吐率：27.90req/s] [内存消耗：1,512.19kb] [文件加载：38]
[ info ] [ LANG ] /Volumes/HighSierraFile/HighSierraFile/www/new/tp2/thinkphp/lang/zh-cn.php
[ info ] [ ROUTE ] array (
  'type' => 'module',
  'module' => 
  array (
    0 => 'static',
    1 => 'admin',
    2 => 'fonts',
  ),
)
[ info ] [ HEADER ] array (
  'host' => 'tp2.com',
  'connection' => 'keep-alive',
  'origin' => 'http://tp2.com',
  'user-agent' => 'Mozilla/5.0 (Macintosh; Intel Mac OS X 10_13_4) AppleWebKit/537.36 (KHTML, like Gecko) Chrome/65.0.3325.181 Safari/537.36',
  'accept' => '*/*',
  'referer' => 'http://tp2.com/public/static/admin/style/font-awesome.css',
  'accept-encoding' => 'gzip, deflate',
  'accept-language' => 'zh-CN,zh;q=0.9',
  'cookie' => 'PHPSESSID=2e00d4ea507b93ea82dab0d6377deee7',
)
[ info ] [ PARAM ] array (
  'v' => '4.3.0',
)
[ info ] [ LOG ] INIT File
---------------------------------------------------------------
[ 2018-04-17T20:02:25+08:00 ] 0.0.0.0 GET /public/admin/admin/add.html
[ info ] tp2.com/public/admin/admin/add.html [运行时间：0.034004s][吞吐率：29.41req/s] [内存消耗：1,936.01kb] [文件加载：47]
[ info ] [ LANG ] /Volumes/HighSierraFile/HighSierraFile/www/new/tp2/thinkphp/lang/zh-cn.php
[ info ] [ ROUTE ] array (
  'type' => 'module',
  'module' => 
  array (
    0 => 'admin',
    1 => 'admin',
    2 => 'add',
  ),
)
[ info ] [ HEADER ] array (
  'host' => 'tp2.com',
  'connection' => 'keep-alive',
  'cache-control' => 'max-age=0',
  'upgrade-insecure-requests' => '1',
  'user-agent' => 'Mozilla/5.0 (Macintosh; Intel Mac OS X 10_13_4) AppleWebKit/537.36 (KHTML, like Gecko) Chrome/65.0.3325.181 Safari/537.36',
  'accept' => 'text/html,application/xhtml+xml,application/xml;q=0.9,image/webp,image/apng,*/*;q=0.8',
  'referer' => 'http://tp2.com/public/admin/admin/lst.html?page=4',
  'accept-encoding' => 'gzip, deflate',
  'accept-language' => 'zh-CN,zh;q=0.9',
  'cookie' => 'PHPSESSID=2e00d4ea507b93ea82dab0d6377deee7',
)
[ info ] [ PARAM ] array (
)
[ info ] [ SESSION ] INIT array (
  'id' => '',
  'var_session_id' => '',
  'prefix' => 'think',
  'type' => '',
  'auto_start' => true,
)
[ info ] [ RUN ] app\admin\controller\Admin->add[ /Volumes/HighSierraFile/HighSierraFile/www/new/tp2/application/admin/controller/Admin.php ]
[ info ] [ VIEW ] /Volumes/HighSierraFile/HighSierraFile/www/new/tp2/public/../application/admin/view/admin/add.htm [ array (
) ]
[ info ] [ LOG ] INIT File
---------------------------------------------------------------
[ 2018-04-17T20:02:25+08:00 ] 0.0.0.0 GET /public/static/admin/fonts/fontawesome-webfont.woff2?v=4.3.0
[ info ] tp2.com/public/static/admin/fonts/fontawesome-webfont.woff2?v=4.3.0 [运行时间：0.042397s][吞吐率：23.59req/s] [内存消耗：1,512.19kb] [文件加载：38]
[ info ] [ LANG ] /Volumes/HighSierraFile/HighSierraFile/www/new/tp2/thinkphp/lang/zh-cn.php
[ info ] [ ROUTE ] array (
  'type' => 'module',
  'module' => 
  array (
    0 => 'static',
    1 => 'admin',
    2 => 'fonts',
  ),
)
[ info ] [ HEADER ] array (
  'host' => 'tp2.com',
  'connection' => 'keep-alive',
  'origin' => 'http://tp2.com',
  'user-agent' => 'Mozilla/5.0 (Macintosh; Intel Mac OS X 10_13_4) AppleWebKit/537.36 (KHTML, like Gecko) Chrome/65.0.3325.181 Safari/537.36',
  'accept' => '*/*',
  'referer' => 'http://tp2.com/public/static/admin/style/font-awesome.css',
  'accept-encoding' => 'gzip, deflate',
  'accept-language' => 'zh-CN,zh;q=0.9',
  'cookie' => 'PHPSESSID=2e00d4ea507b93ea82dab0d6377deee7',
)
[ info ] [ PARAM ] array (
  'v' => '4.3.0',
)
[ info ] [ LOG ] INIT File
---------------------------------------------------------------
[ 2018-04-17T20:02:28+08:00 ] 0.0.0.0 POST /public/admin/admin/add.html
[ info ] tp2.com/public/admin/admin/add.html [运行时间：0.044302s][吞吐率：22.57req/s] [内存消耗：2,947.62kb] [文件加载：52]
[ info ] [ LANG ] /Volumes/HighSierraFile/HighSierraFile/www/new/tp2/thinkphp/lang/zh-cn.php
[ info ] [ ROUTE ] array (
  'type' => 'module',
  'module' => 
  array (
    0 => 'admin',
    1 => 'admin',
    2 => 'add',
  ),
)
[ info ] [ HEADER ] array (
  'host' => 'tp2.com',
  'connection' => 'keep-alive',
  'content-length' => '27',
  'cache-control' => 'max-age=0',
  'origin' => 'http://tp2.com',
  'upgrade-insecure-requests' => '1',
  'content-type' => 'application/x-www-form-urlencoded',
  'user-agent' => 'Mozilla/5.0 (Macintosh; Intel Mac OS X 10_13_4) AppleWebKit/537.36 (KHTML, like Gecko) Chrome/65.0.3325.181 Safari/537.36',
  'accept' => 'text/html,application/xhtml+xml,application/xml;q=0.9,image/webp,image/apng,*/*;q=0.8',
  'referer' => 'http://tp2.com/public/admin/admin/add.html',
  'accept-encoding' => 'gzip, deflate',
  'accept-language' => 'zh-CN,zh;q=0.9',
  'cookie' => 'PHPSESSID=2e00d4ea507b93ea82dab0d6377deee7',
)
[ info ] [ PARAM ] array (
  'name' => '123123',
  'password' => '123123',
)
[ info ] [ SESSION ] INIT array (
  'id' => '',
  'var_session_id' => '',
  'prefix' => 'think',
  'type' => '',
  'auto_start' => true,
)
[ info ] [ RUN ] app\admin\controller\Admin->add[ /Volumes/HighSierraFile/HighSierraFile/www/new/tp2/application/admin/controller/Admin.php ]
[ info ] [ DB ] INIT mysql
[ info ] [ LOG ] INIT File
---------------------------------------------------------------
[ 2018-04-17T20:02:29+08:00 ] 0.0.0.0 GET /public/admin/admin/add.html
[ info ] tp2.com/public/admin/admin/add.html [运行时间：0.026260s][吞吐率：38.08req/s] [内存消耗：1,935.93kb] [文件加载：47]
[ info ] [ LANG ] /Volumes/HighSierraFile/HighSierraFile/www/new/tp2/thinkphp/lang/zh-cn.php
[ info ] [ ROUTE ] array (
  'type' => 'module',
  'module' => 
  array (
    0 => 'admin',
    1 => 'admin',
    2 => 'add',
  ),
)
[ info ] [ HEADER ] array (
  'host' => 'tp2.com',
  'connection' => 'keep-alive',
  'upgrade-insecure-requests' => '1',
  'user-agent' => 'Mozilla/5.0 (Macintosh; Intel Mac OS X 10_13_4) AppleWebKit/537.36 (KHTML, like Gecko) Chrome/65.0.3325.181 Safari/537.36',
  'accept' => 'text/html,application/xhtml+xml,application/xml;q=0.9,image/webp,image/apng,*/*;q=0.8',
  'referer' => 'http://tp2.com/public/admin/admin/lst.html?page=4',
  'accept-encoding' => 'gzip, deflate',
  'accept-language' => 'zh-CN,zh;q=0.9',
  'cookie' => 'PHPSESSID=2e00d4ea507b93ea82dab0d6377deee7',
)
[ info ] [ PARAM ] array (
)
[ info ] [ SESSION ] INIT array (
  'id' => '',
  'var_session_id' => '',
  'prefix' => 'think',
  'type' => '',
  'auto_start' => true,
)
[ info ] [ RUN ] app\admin\controller\Admin->add[ /Volumes/HighSierraFile/HighSierraFile/www/new/tp2/application/admin/controller/Admin.php ]
[ info ] [ VIEW ] /Volumes/HighSierraFile/HighSierraFile/www/new/tp2/public/../application/admin/view/admin/add.htm [ array (
) ]
[ info ] [ LOG ] INIT File
---------------------------------------------------------------
[ 2018-04-17T20:02:29+08:00 ] 0.0.0.0 GET /public/static/admin/fonts/fontawesome-webfont.woff2?v=4.3.0
[ info ] tp2.com/public/static/admin/fonts/fontawesome-webfont.woff2?v=4.3.0 [运行时间：0.036301s][吞吐率：27.55req/s] [内存消耗：1,512.19kb] [文件加载：38]
[ info ] [ LANG ] /Volumes/HighSierraFile/HighSierraFile/www/new/tp2/thinkphp/lang/zh-cn.php
[ info ] [ ROUTE ] array (
  'type' => 'module',
  'module' => 
  array (
    0 => 'static',
    1 => 'admin',
    2 => 'fonts',
  ),
)
[ info ] [ HEADER ] array (
  'host' => 'tp2.com',
  'connection' => 'keep-alive',
  'origin' => 'http://tp2.com',
  'user-agent' => 'Mozilla/5.0 (Macintosh; Intel Mac OS X 10_13_4) AppleWebKit/537.36 (KHTML, like Gecko) Chrome/65.0.3325.181 Safari/537.36',
  'accept' => '*/*',
  'referer' => 'http://tp2.com/public/static/admin/style/font-awesome.css',
  'accept-encoding' => 'gzip, deflate',
  'accept-language' => 'zh-CN,zh;q=0.9',
  'cookie' => 'PHPSESSID=2e00d4ea507b93ea82dab0d6377deee7',
)
[ info ] [ PARAM ] array (
  'v' => '4.3.0',
)
[ info ] [ LOG ] INIT File
---------------------------------------------------------------
[ 2018-04-17T20:02:38+08:00 ] 0.0.0.0 GET /public/admin/admin/add.html
[ info ] tp2.com/public/admin/admin/add.html [运行时间：0.027477s][吞吐率：36.39req/s] [内存消耗：1,936.01kb] [文件加载：47]
[ info ] [ LANG ] /Volumes/HighSierraFile/HighSierraFile/www/new/tp2/thinkphp/lang/zh-cn.php
[ info ] [ ROUTE ] array (
  'type' => 'module',
  'module' => 
  array (
    0 => 'admin',
    1 => 'admin',
    2 => 'add',
  ),
)
[ info ] [ HEADER ] array (
  'host' => 'tp2.com',
  'connection' => 'keep-alive',
  'cache-control' => 'max-age=0',
  'upgrade-insecure-requests' => '1',
  'user-agent' => 'Mozilla/5.0 (Macintosh; Intel Mac OS X 10_13_4) AppleWebKit/537.36 (KHTML, like Gecko) Chrome/65.0.3325.181 Safari/537.36',
  'accept' => 'text/html,application/xhtml+xml,application/xml;q=0.9,image/webp,image/apng,*/*;q=0.8',
  'referer' => 'http://tp2.com/public/admin/admin/lst.html?page=4',
  'accept-encoding' => 'gzip, deflate',
  'accept-language' => 'zh-CN,zh;q=0.9',
  'cookie' => 'PHPSESSID=2e00d4ea507b93ea82dab0d6377deee7',
)
[ info ] [ PARAM ] array (
)
[ info ] [ SESSION ] INIT array (
  'id' => '',
  'var_session_id' => '',
  'prefix' => 'think',
  'type' => '',
  'auto_start' => true,
)
[ info ] [ RUN ] app\admin\controller\Admin->add[ /Volumes/HighSierraFile/HighSierraFile/www/new/tp2/application/admin/controller/Admin.php ]
[ info ] [ VIEW ] /Volumes/HighSierraFile/HighSierraFile/www/new/tp2/public/../application/admin/view/admin/add.htm [ array (
) ]
[ info ] [ LOG ] INIT File
---------------------------------------------------------------
[ 2018-04-17T20:02:38+08:00 ] 0.0.0.0 GET /public/static/admin/fonts/fontawesome-webfont.woff2?v=4.3.0
[ info ] tp2.com/public/static/admin/fonts/fontawesome-webfont.woff2?v=4.3.0 [运行时间：0.067760s][吞吐率：14.76req/s] [内存消耗：1,512.19kb] [文件加载：38]
[ info ] [ LANG ] /Volumes/HighSierraFile/HighSierraFile/www/new/tp2/thinkphp/lang/zh-cn.php
[ info ] [ ROUTE ] array (
  'type' => 'module',
  'module' => 
  array (
    0 => 'static',
    1 => 'admin',
    2 => 'fonts',
  ),
)
[ info ] [ HEADER ] array (
  'host' => 'tp2.com',
  'connection' => 'keep-alive',
  'origin' => 'http://tp2.com',
  'user-agent' => 'Mozilla/5.0 (Macintosh; Intel Mac OS X 10_13_4) AppleWebKit/537.36 (KHTML, like Gecko) Chrome/65.0.3325.181 Safari/537.36',
  'accept' => '*/*',
  'referer' => 'http://tp2.com/public/static/admin/style/font-awesome.css',
  'accept-encoding' => 'gzip, deflate',
  'accept-language' => 'zh-CN,zh;q=0.9',
  'cookie' => 'PHPSESSID=2e00d4ea507b93ea82dab0d6377deee7',
)
[ info ] [ PARAM ] array (
  'v' => '4.3.0',
)
[ info ] [ LOG ] INIT File
---------------------------------------------------------------
[ 2018-04-17T20:02:41+08:00 ] 0.0.0.0 POST /public/admin/admin/add.html
[ info ] tp2.com/public/admin/admin/add.html [运行时间：0.049593s][吞吐率：20.16req/s] [内存消耗：2,970.30kb] [文件加载：53]
[ info ] [ LANG ] /Volumes/HighSierraFile/HighSierraFile/www/new/tp2/thinkphp/lang/zh-cn.php
[ info ] [ ROUTE ] array (
  'type' => 'module',
  'module' => 
  array (
    0 => 'admin',
    1 => 'admin',
    2 => 'add',
  ),
)
[ info ] [ HEADER ] array (
  'host' => 'tp2.com',
  'connection' => 'keep-alive',
  'content-length' => '27',
  'cache-control' => 'max-age=0',
  'origin' => 'http://tp2.com',
  'upgrade-insecure-requests' => '1',
  'content-type' => 'application/x-www-form-urlencoded',
  'user-agent' => 'Mozilla/5.0 (Macintosh; Intel Mac OS X 10_13_4) AppleWebKit/537.36 (KHTML, like Gecko) Chrome/65.0.3325.181 Safari/537.36',
  'accept' => 'text/html,application/xhtml+xml,application/xml;q=0.9,image/webp,image/apng,*/*;q=0.8',
  'referer' => 'http://tp2.com/public/admin/admin/add.html',
  'accept-encoding' => 'gzip, deflate',
  'accept-language' => 'zh-CN,zh;q=0.9',
  'cookie' => 'PHPSESSID=2e00d4ea507b93ea82dab0d6377deee7',
)
[ info ] [ PARAM ] array (
  'name' => '123123',
  'password' => '123123',
)
[ info ] [ SESSION ] INIT array (
  'id' => '',
  'var_session_id' => '',
  'prefix' => 'think',
  'type' => '',
  'auto_start' => true,
)
[ info ] [ RUN ] app\admin\controller\Admin->add[ /Volumes/HighSierraFile/HighSierraFile/www/new/tp2/application/admin/controller/Admin.php ]
[ info ] [ DB ] INIT mysql
[ info ] [ LOG ] INIT File
---------------------------------------------------------------
[ 2018-04-17T20:02:42+08:00 ] 0.0.0.0 GET /public/admin/admin/add.html
[ info ] tp2.com/public/admin/admin/add.html [运行时间：0.031109s][吞吐率：32.15req/s] [内存消耗：1,935.93kb] [文件加载：47]
[ info ] [ LANG ] /Volumes/HighSierraFile/HighSierraFile/www/new/tp2/thinkphp/lang/zh-cn.php
[ info ] [ ROUTE ] array (
  'type' => 'module',
  'module' => 
  array (
    0 => 'admin',
    1 => 'admin',
    2 => 'add',
  ),
)
[ info ] [ HEADER ] array (
  'host' => 'tp2.com',
  'connection' => 'keep-alive',
  'upgrade-insecure-requests' => '1',
  'user-agent' => 'Mozilla/5.0 (Macintosh; Intel Mac OS X 10_13_4) AppleWebKit/537.36 (KHTML, like Gecko) Chrome/65.0.3325.181 Safari/537.36',
  'accept' => 'text/html,application/xhtml+xml,application/xml;q=0.9,image/webp,image/apng,*/*;q=0.8',
  'referer' => 'http://tp2.com/public/admin/admin/lst.html?page=4',
  'accept-encoding' => 'gzip, deflate',
  'accept-language' => 'zh-CN,zh;q=0.9',
  'cookie' => 'PHPSESSID=2e00d4ea507b93ea82dab0d6377deee7',
)
[ info ] [ PARAM ] array (
)
[ info ] [ SESSION ] INIT array (
  'id' => '',
  'var_session_id' => '',
  'prefix' => 'think',
  'type' => '',
  'auto_start' => true,
)
[ info ] [ RUN ] app\admin\controller\Admin->add[ /Volumes/HighSierraFile/HighSierraFile/www/new/tp2/application/admin/controller/Admin.php ]
[ info ] [ VIEW ] /Volumes/HighSierraFile/HighSierraFile/www/new/tp2/public/../application/admin/view/admin/add.htm [ array (
) ]
[ info ] [ LOG ] INIT File
---------------------------------------------------------------
[ 2018-04-17T20:02:43+08:00 ] 0.0.0.0 GET /public/static/admin/fonts/fontawesome-webfont.woff2?v=4.3.0
[ info ] tp2.com/public/static/admin/fonts/fontawesome-webfont.woff2?v=4.3.0 [运行时间：0.039848s][吞吐率：25.10req/s] [内存消耗：1,512.19kb] [文件加载：38]
[ info ] [ LANG ] /Volumes/HighSierraFile/HighSierraFile/www/new/tp2/thinkphp/lang/zh-cn.php
[ info ] [ ROUTE ] array (
  'type' => 'module',
  'module' => 
  array (
    0 => 'static',
    1 => 'admin',
    2 => 'fonts',
  ),
)
[ info ] [ HEADER ] array (
  'host' => 'tp2.com',
  'connection' => 'keep-alive',
  'origin' => 'http://tp2.com',
  'user-agent' => 'Mozilla/5.0 (Macintosh; Intel Mac OS X 10_13_4) AppleWebKit/537.36 (KHTML, like Gecko) Chrome/65.0.3325.181 Safari/537.36',
  'accept' => '*/*',
  'referer' => 'http://tp2.com/public/static/admin/style/font-awesome.css',
  'accept-encoding' => 'gzip, deflate',
  'accept-language' => 'zh-CN,zh;q=0.9',
  'cookie' => 'PHPSESSID=2e00d4ea507b93ea82dab0d6377deee7',
)
[ info ] [ PARAM ] array (
  'v' => '4.3.0',
)
[ info ] [ LOG ] INIT File
---------------------------------------------------------------
[ 2018-04-17T20:03:34+08:00 ] 0.0.0.0 POST /public/admin/admin/add.html
[ info ] tp2.com/public/admin/admin/add.html [运行时间：0.046279s][吞吐率：21.61req/s] [内存消耗：2,970.30kb] [文件加载：53]
[ info ] [ LANG ] /Volumes/HighSierraFile/HighSierraFile/www/new/tp2/thinkphp/lang/zh-cn.php
[ info ] [ ROUTE ] array (
  'type' => 'module',
  'module' => 
  array (
    0 => 'admin',
    1 => 'admin',
    2 => 'add',
  ),
)
[ info ] [ HEADER ] array (
  'host' => 'tp2.com',
  'connection' => 'keep-alive',
  'content-length' => '27',
  'cache-control' => 'max-age=0',
  'origin' => 'http://tp2.com',
  'upgrade-insecure-requests' => '1',
  'content-type' => 'application/x-www-form-urlencoded',
  'user-agent' => 'Mozilla/5.0 (Macintosh; Intel Mac OS X 10_13_4) AppleWebKit/537.36 (KHTML, like Gecko) Chrome/65.0.3325.181 Safari/537.36',
  'accept' => 'text/html,application/xhtml+xml,application/xml;q=0.9,image/webp,image/apng,*/*;q=0.8',
  'referer' => 'http://tp2.com/public/admin/admin/add.html',
  'accept-encoding' => 'gzip, deflate',
  'accept-language' => 'zh-CN,zh;q=0.9',
  'cookie' => 'PHPSESSID=2e00d4ea507b93ea82dab0d6377deee7',
)
[ info ] [ PARAM ] array (
  'name' => '123123',
  'password' => '123123',
)
[ info ] [ SESSION ] INIT array (
  'id' => '',
  'var_session_id' => '',
  'prefix' => 'think',
  'type' => '',
  'auto_start' => true,
)
[ info ] [ RUN ] app\admin\controller\Admin->add[ /Volumes/HighSierraFile/HighSierraFile/www/new/tp2/application/admin/controller/Admin.php ]
[ info ] [ DB ] INIT mysql
[ info ] [ LOG ] INIT File
---------------------------------------------------------------
[ 2018-04-17T20:03:35+08:00 ] 0.0.0.0 GET /public/admin/admin/add.html
[ info ] tp2.com/public/admin/admin/add.html [运行时间：0.025321s][吞吐率：39.49req/s] [内存消耗：1,935.93kb] [文件加载：47]
[ info ] [ LANG ] /Volumes/HighSierraFile/HighSierraFile/www/new/tp2/thinkphp/lang/zh-cn.php
[ info ] [ ROUTE ] array (
  'type' => 'module',
  'module' => 
  array (
    0 => 'admin',
    1 => 'admin',
    2 => 'add',
  ),
)
[ info ] [ HEADER ] array (
  'host' => 'tp2.com',
  'connection' => 'keep-alive',
  'upgrade-insecure-requests' => '1',
  'user-agent' => 'Mozilla/5.0 (Macintosh; Intel Mac OS X 10_13_4) AppleWebKit/537.36 (KHTML, like Gecko) Chrome/65.0.3325.181 Safari/537.36',
  'accept' => 'text/html,application/xhtml+xml,application/xml;q=0.9,image/webp,image/apng,*/*;q=0.8',
  'referer' => 'http://tp2.com/public/admin/admin/lst.html?page=4',
  'accept-encoding' => 'gzip, deflate',
  'accept-language' => 'zh-CN,zh;q=0.9',
  'cookie' => 'PHPSESSID=2e00d4ea507b93ea82dab0d6377deee7',
)
[ info ] [ PARAM ] array (
)
[ info ] [ SESSION ] INIT array (
  'id' => '',
  'var_session_id' => '',
  'prefix' => 'think',
  'type' => '',
  'auto_start' => true,
)
[ info ] [ RUN ] app\admin\controller\Admin->add[ /Volumes/HighSierraFile/HighSierraFile/www/new/tp2/application/admin/controller/Admin.php ]
[ info ] [ VIEW ] /Volumes/HighSierraFile/HighSierraFile/www/new/tp2/public/../application/admin/view/admin/add.htm [ array (
) ]
[ info ] [ LOG ] INIT File
---------------------------------------------------------------
[ 2018-04-17T20:03:35+08:00 ] 0.0.0.0 GET /public/static/admin/fonts/fontawesome-webfont.woff2?v=4.3.0
[ info ] tp2.com/public/static/admin/fonts/fontawesome-webfont.woff2?v=4.3.0 [运行时间：0.034507s][吞吐率：28.98req/s] [内存消耗：1,512.19kb] [文件加载：38]
[ info ] [ LANG ] /Volumes/HighSierraFile/HighSierraFile/www/new/tp2/thinkphp/lang/zh-cn.php
[ info ] [ ROUTE ] array (
  'type' => 'module',
  'module' => 
  array (
    0 => 'static',
    1 => 'admin',
    2 => 'fonts',
  ),
)
[ info ] [ HEADER ] array (
  'host' => 'tp2.com',
  'connection' => 'keep-alive',
  'origin' => 'http://tp2.com',
  'user-agent' => 'Mozilla/5.0 (Macintosh; Intel Mac OS X 10_13_4) AppleWebKit/537.36 (KHTML, like Gecko) Chrome/65.0.3325.181 Safari/537.36',
  'accept' => '*/*',
  'referer' => 'http://tp2.com/public/static/admin/style/font-awesome.css',
  'accept-encoding' => 'gzip, deflate',
  'accept-language' => 'zh-CN,zh;q=0.9',
  'cookie' => 'PHPSESSID=2e00d4ea507b93ea82dab0d6377deee7',
)
[ info ] [ PARAM ] array (
  'v' => '4.3.0',
)
[ info ] [ LOG ] INIT File
---------------------------------------------------------------
[ 2018-04-17T20:04:17+08:00 ] 0.0.0.0 GET /public/admin/admin/add.html
[ info ] tp2.com/public/admin/admin/add.html [运行时间：0.027394s][吞吐率：36.50req/s] [内存消耗：1,936.01kb] [文件加载：47]
[ info ] [ LANG ] /Volumes/HighSierraFile/HighSierraFile/www/new/tp2/thinkphp/lang/zh-cn.php
[ info ] [ ROUTE ] array (
  'type' => 'module',
  'module' => 
  array (
    0 => 'admin',
    1 => 'admin',
    2 => 'add',
  ),
)
[ info ] [ HEADER ] array (
  'host' => 'tp2.com',
  'connection' => 'keep-alive',
  'cache-control' => 'max-age=0',
  'upgrade-insecure-requests' => '1',
  'user-agent' => 'Mozilla/5.0 (Macintosh; Intel Mac OS X 10_13_4) AppleWebKit/537.36 (KHTML, like Gecko) Chrome/65.0.3325.181 Safari/537.36',
  'accept' => 'text/html,application/xhtml+xml,application/xml;q=0.9,image/webp,image/apng,*/*;q=0.8',
  'referer' => 'http://tp2.com/public/admin/admin/lst.html?page=4',
  'accept-encoding' => 'gzip, deflate',
  'accept-language' => 'zh-CN,zh;q=0.9',
  'cookie' => 'PHPSESSID=2e00d4ea507b93ea82dab0d6377deee7',
)
[ info ] [ PARAM ] array (
)
[ info ] [ SESSION ] INIT array (
  'id' => '',
  'var_session_id' => '',
  'prefix' => 'think',
  'type' => '',
  'auto_start' => true,
)
[ info ] [ RUN ] app\admin\controller\Admin->add[ /Volumes/HighSierraFile/HighSierraFile/www/new/tp2/application/admin/controller/Admin.php ]
[ info ] [ VIEW ] /Volumes/HighSierraFile/HighSierraFile/www/new/tp2/public/../application/admin/view/admin/add.htm [ array (
) ]
[ info ] [ LOG ] INIT File
---------------------------------------------------------------
[ 2018-04-17T20:04:18+08:00 ] 0.0.0.0 GET /public/static/admin/fonts/fontawesome-webfont.woff2?v=4.3.0
[ info ] tp2.com/public/static/admin/fonts/fontawesome-webfont.woff2?v=4.3.0 [运行时间：0.088467s][吞吐率：11.30req/s] [内存消耗：1,512.19kb] [文件加载：38]
[ info ] [ LANG ] /Volumes/HighSierraFile/HighSierraFile/www/new/tp2/thinkphp/lang/zh-cn.php
[ info ] [ ROUTE ] array (
  'type' => 'module',
  'module' => 
  array (
    0 => 'static',
    1 => 'admin',
    2 => 'fonts',
  ),
)
[ info ] [ HEADER ] array (
  'host' => 'tp2.com',
  'connection' => 'keep-alive',
  'origin' => 'http://tp2.com',
  'user-agent' => 'Mozilla/5.0 (Macintosh; Intel Mac OS X 10_13_4) AppleWebKit/537.36 (KHTML, like Gecko) Chrome/65.0.3325.181 Safari/537.36',
  'accept' => '*/*',
  'referer' => 'http://tp2.com/public/static/admin/style/font-awesome.css',
  'accept-encoding' => 'gzip, deflate',
  'accept-language' => 'zh-CN,zh;q=0.9',
  'cookie' => 'PHPSESSID=2e00d4ea507b93ea82dab0d6377deee7',
)
[ info ] [ PARAM ] array (
  'v' => '4.3.0',
)
[ info ] [ LOG ] INIT File
---------------------------------------------------------------
[ 2018-04-17T20:04:20+08:00 ] 0.0.0.0 POST /public/admin/admin/add.html
[ info ] tp2.com/public/admin/admin/add.html [运行时间：0.049538s][吞吐率：20.19req/s] [内存消耗：2,977.03kb] [文件加载：55]
[ info ] [ LANG ] /Volumes/HighSierraFile/HighSierraFile/www/new/tp2/thinkphp/lang/zh-cn.php
[ info ] [ ROUTE ] array (
  'type' => 'module',
  'module' => 
  array (
    0 => 'admin',
    1 => 'admin',
    2 => 'add',
  ),
)
[ info ] [ HEADER ] array (
  'host' => 'tp2.com',
  'connection' => 'keep-alive',
  'content-length' => '27',
  'cache-control' => 'max-age=0',
  'origin' => 'http://tp2.com',
  'upgrade-insecure-requests' => '1',
  'content-type' => 'application/x-www-form-urlencoded',
  'user-agent' => 'Mozilla/5.0 (Macintosh; Intel Mac OS X 10_13_4) AppleWebKit/537.36 (KHTML, like Gecko) Chrome/65.0.3325.181 Safari/537.36',
  'accept' => 'text/html,application/xhtml+xml,application/xml;q=0.9,image/webp,image/apng,*/*;q=0.8',
  'referer' => 'http://tp2.com/public/admin/admin/add.html',
  'accept-encoding' => 'gzip, deflate',
  'accept-language' => 'zh-CN,zh;q=0.9',
  'cookie' => 'PHPSESSID=2e00d4ea507b93ea82dab0d6377deee7',
)
[ info ] [ PARAM ] array (
  'name' => '123123',
  'password' => '123123',
)
[ info ] [ SESSION ] INIT array (
  'id' => '',
  'var_session_id' => '',
  'prefix' => 'think',
  'type' => '',
  'auto_start' => true,
)
[ info ] [ RUN ] app\admin\controller\Admin->add[ /Volumes/HighSierraFile/HighSierraFile/www/new/tp2/application/admin/controller/Admin.php ]
[ info ] [ DB ] INIT mysql
[ info ] [ VIEW ] /Volumes/HighSierraFile/HighSierraFile/www/new/tp2/thinkphp/tpl/dispatch_jump.tpl [ array (
  0 => 'code',
  1 => 'msg',
  2 => 'data',
  3 => 'url',
  4 => 'wait',
) ]
[ info ] [ LOG ] INIT File
---------------------------------------------------------------
[ 2018-04-17T20:04:23+08:00 ] 0.0.0.0 GET /public/admin/admin/add.html
[ info ] tp2.com/public/admin/admin/add.html [运行时间：0.027575s][吞吐率：36.27req/s] [内存消耗：1,935.93kb] [文件加载：47]
[ info ] [ LANG ] /Volumes/HighSierraFile/HighSierraFile/www/new/tp2/thinkphp/lang/zh-cn.php
[ info ] [ ROUTE ] array (
  'type' => 'module',
  'module' => 
  array (
    0 => 'admin',
    1 => 'admin',
    2 => 'add',
  ),
)
[ info ] [ HEADER ] array (
  'host' => 'tp2.com',
  'connection' => 'keep-alive',
  'upgrade-insecure-requests' => '1',
  'user-agent' => 'Mozilla/5.0 (Macintosh; Intel Mac OS X 10_13_4) AppleWebKit/537.36 (KHTML, like Gecko) Chrome/65.0.3325.181 Safari/537.36',
  'accept' => 'text/html,application/xhtml+xml,application/xml;q=0.9,image/webp,image/apng,*/*;q=0.8',
  'referer' => 'http://tp2.com/public/admin/admin/lst.html?page=4',
  'accept-encoding' => 'gzip, deflate',
  'accept-language' => 'zh-CN,zh;q=0.9',
  'cookie' => 'PHPSESSID=2e00d4ea507b93ea82dab0d6377deee7',
)
[ info ] [ PARAM ] array (
)
[ info ] [ SESSION ] INIT array (
  'id' => '',
  'var_session_id' => '',
  'prefix' => 'think',
  'type' => '',
  'auto_start' => true,
)
[ info ] [ RUN ] app\admin\controller\Admin->add[ /Volumes/HighSierraFile/HighSierraFile/www/new/tp2/application/admin/controller/Admin.php ]
[ info ] [ VIEW ] /Volumes/HighSierraFile/HighSierraFile/www/new/tp2/public/../application/admin/view/admin/add.htm [ array (
) ]
[ info ] [ LOG ] INIT File
---------------------------------------------------------------
[ 2018-04-17T20:04:24+08:00 ] 0.0.0.0 GET /public/static/admin/fonts/fontawesome-webfont.woff2?v=4.3.0
[ info ] tp2.com/public/static/admin/fonts/fontawesome-webfont.woff2?v=4.3.0 [运行时间：0.039813s][吞吐率：25.12req/s] [内存消耗：1,512.19kb] [文件加载：38]
[ info ] [ LANG ] /Volumes/HighSierraFile/HighSierraFile/www/new/tp2/thinkphp/lang/zh-cn.php
[ info ] [ ROUTE ] array (
  'type' => 'module',
  'module' => 
  array (
    0 => 'static',
    1 => 'admin',
    2 => 'fonts',
  ),
)
[ info ] [ HEADER ] array (
  'host' => 'tp2.com',
  'connection' => 'keep-alive',
  'origin' => 'http://tp2.com',
  'user-agent' => 'Mozilla/5.0 (Macintosh; Intel Mac OS X 10_13_4) AppleWebKit/537.36 (KHTML, like Gecko) Chrome/65.0.3325.181 Safari/537.36',
  'accept' => '*/*',
  'referer' => 'http://tp2.com/public/static/admin/style/font-awesome.css',
  'accept-encoding' => 'gzip, deflate',
  'accept-language' => 'zh-CN,zh;q=0.9',
  'cookie' => 'PHPSESSID=2e00d4ea507b93ea82dab0d6377deee7',
)
[ info ] [ PARAM ] array (
  'v' => '4.3.0',
)
[ info ] [ LOG ] INIT File
---------------------------------------------------------------
[ 2018-04-17T20:04:38+08:00 ] 0.0.0.0 GET /public/admin/admin/add.html
[ info ] tp2.com/public/admin/admin/add.html [运行时间：0.027565s][吞吐率：36.28req/s] [内存消耗：1,936.01kb] [文件加载：47]
[ info ] [ LANG ] /Volumes/HighSierraFile/HighSierraFile/www/new/tp2/thinkphp/lang/zh-cn.php
[ info ] [ ROUTE ] array (
  'type' => 'module',
  'module' => 
  array (
    0 => 'admin',
    1 => 'admin',
    2 => 'add',
  ),
)
[ info ] [ HEADER ] array (
  'host' => 'tp2.com',
  'connection' => 'keep-alive',
  'cache-control' => 'max-age=0',
  'upgrade-insecure-requests' => '1',
  'user-agent' => 'Mozilla/5.0 (Macintosh; Intel Mac OS X 10_13_4) AppleWebKit/537.36 (KHTML, like Gecko) Chrome/65.0.3325.181 Safari/537.36',
  'accept' => 'text/html,application/xhtml+xml,application/xml;q=0.9,image/webp,image/apng,*/*;q=0.8',
  'referer' => 'http://tp2.com/public/admin/admin/lst.html?page=4',
  'accept-encoding' => 'gzip, deflate',
  'accept-language' => 'zh-CN,zh;q=0.9',
  'cookie' => 'PHPSESSID=2e00d4ea507b93ea82dab0d6377deee7',
)
[ info ] [ PARAM ] array (
)
[ info ] [ SESSION ] INIT array (
  'id' => '',
  'var_session_id' => '',
  'prefix' => 'think',
  'type' => '',
  'auto_start' => true,
)
[ info ] [ RUN ] app\admin\controller\Admin->add[ /Volumes/HighSierraFile/HighSierraFile/www/new/tp2/application/admin/controller/Admin.php ]
[ info ] [ VIEW ] /Volumes/HighSierraFile/HighSierraFile/www/new/tp2/public/../application/admin/view/admin/add.htm [ array (
) ]
[ info ] [ LOG ] INIT File
---------------------------------------------------------------
[ 2018-04-17T20:04:38+08:00 ] 0.0.0.0 GET /public/static/admin/fonts/fontawesome-webfont.woff2?v=4.3.0
[ info ] tp2.com/public/static/admin/fonts/fontawesome-webfont.woff2?v=4.3.0 [运行时间：0.036115s][吞吐率：27.69req/s] [内存消耗：1,512.19kb] [文件加载：38]
[ info ] [ LANG ] /Volumes/HighSierraFile/HighSierraFile/www/new/tp2/thinkphp/lang/zh-cn.php
[ info ] [ ROUTE ] array (
  'type' => 'module',
  'module' => 
  array (
    0 => 'static',
    1 => 'admin',
    2 => 'fonts',
  ),
)
[ info ] [ HEADER ] array (
  'host' => 'tp2.com',
  'connection' => 'keep-alive',
  'origin' => 'http://tp2.com',
  'user-agent' => 'Mozilla/5.0 (Macintosh; Intel Mac OS X 10_13_4) AppleWebKit/537.36 (KHTML, like Gecko) Chrome/65.0.3325.181 Safari/537.36',
  'accept' => '*/*',
  'referer' => 'http://tp2.com/public/static/admin/style/font-awesome.css',
  'accept-encoding' => 'gzip, deflate',
  'accept-language' => 'zh-CN,zh;q=0.9',
  'cookie' => 'PHPSESSID=2e00d4ea507b93ea82dab0d6377deee7',
)
[ info ] [ PARAM ] array (
  'v' => '4.3.0',
)
[ info ] [ LOG ] INIT File
---------------------------------------------------------------
[ 2018-04-17T20:04:41+08:00 ] 0.0.0.0 POST /public/admin/admin/add.html
[ info ] tp2.com/public/admin/admin/add.html [运行时间：0.045268s][吞吐率：22.09req/s] [内存消耗：2,977.03kb] [文件加载：55]
[ info ] [ LANG ] /Volumes/HighSierraFile/HighSierraFile/www/new/tp2/thinkphp/lang/zh-cn.php
[ info ] [ ROUTE ] array (
  'type' => 'module',
  'module' => 
  array (
    0 => 'admin',
    1 => 'admin',
    2 => 'add',
  ),
)
[ info ] [ HEADER ] array (
  'host' => 'tp2.com',
  'connection' => 'keep-alive',
  'content-length' => '27',
  'cache-control' => 'max-age=0',
  'origin' => 'http://tp2.com',
  'upgrade-insecure-requests' => '1',
  'content-type' => 'application/x-www-form-urlencoded',
  'user-agent' => 'Mozilla/5.0 (Macintosh; Intel Mac OS X 10_13_4) AppleWebKit/537.36 (KHTML, like Gecko) Chrome/65.0.3325.181 Safari/537.36',
  'accept' => 'text/html,application/xhtml+xml,application/xml;q=0.9,image/webp,image/apng,*/*;q=0.8',
  'referer' => 'http://tp2.com/public/admin/admin/add.html',
  'accept-encoding' => 'gzip, deflate',
  'accept-language' => 'zh-CN,zh;q=0.9',
  'cookie' => 'PHPSESSID=2e00d4ea507b93ea82dab0d6377deee7',
)
[ info ] [ PARAM ] array (
  'name' => '123123',
  'password' => '123123',
)
[ info ] [ SESSION ] INIT array (
  'id' => '',
  'var_session_id' => '',
  'prefix' => 'think',
  'type' => '',
  'auto_start' => true,
)
[ info ] [ RUN ] app\admin\controller\Admin->add[ /Volumes/HighSierraFile/HighSierraFile/www/new/tp2/application/admin/controller/Admin.php ]
[ info ] [ DB ] INIT mysql
[ info ] [ VIEW ] /Volumes/HighSierraFile/HighSierraFile/www/new/tp2/thinkphp/tpl/dispatch_jump.tpl [ array (
  0 => 'code',
  1 => 'msg',
  2 => 'data',
  3 => 'url',
  4 => 'wait',
) ]
[ info ] [ LOG ] INIT File
---------------------------------------------------------------
[ 2018-04-17T20:04:43+08:00 ] 0.0.0.0 GET /public/admin/admin/add.html
[ info ] tp2.com/public/admin/admin/add.html [运行时间：0.027590s][吞吐率：36.24req/s] [内存消耗：1,935.93kb] [文件加载：47]
[ info ] [ LANG ] /Volumes/HighSierraFile/HighSierraFile/www/new/tp2/thinkphp/lang/zh-cn.php
[ info ] [ ROUTE ] array (
  'type' => 'module',
  'module' => 
  array (
    0 => 'admin',
    1 => 'admin',
    2 => 'add',
  ),
)
[ info ] [ HEADER ] array (
  'host' => 'tp2.com',
  'connection' => 'keep-alive',
  'upgrade-insecure-requests' => '1',
  'user-agent' => 'Mozilla/5.0 (Macintosh; Intel Mac OS X 10_13_4) AppleWebKit/537.36 (KHTML, like Gecko) Chrome/65.0.3325.181 Safari/537.36',
  'accept' => 'text/html,application/xhtml+xml,application/xml;q=0.9,image/webp,image/apng,*/*;q=0.8',
  'referer' => 'http://tp2.com/public/admin/admin/lst.html?page=4',
  'accept-encoding' => 'gzip, deflate',
  'accept-language' => 'zh-CN,zh;q=0.9',
  'cookie' => 'PHPSESSID=2e00d4ea507b93ea82dab0d6377deee7',
)
[ info ] [ PARAM ] array (
)
[ info ] [ SESSION ] INIT array (
  'id' => '',
  'var_session_id' => '',
  'prefix' => 'think',
  'type' => '',
  'auto_start' => true,
)
[ info ] [ RUN ] app\admin\controller\Admin->add[ /Volumes/HighSierraFile/HighSierraFile/www/new/tp2/application/admin/controller/Admin.php ]
[ info ] [ VIEW ] /Volumes/HighSierraFile/HighSierraFile/www/new/tp2/public/../application/admin/view/admin/add.htm [ array (
) ]
[ info ] [ LOG ] INIT File
---------------------------------------------------------------
[ 2018-04-17T20:04:43+08:00 ] 0.0.0.0 GET /public/static/admin/fonts/fontawesome-webfont.woff2?v=4.3.0
[ info ] tp2.com/public/static/admin/fonts/fontawesome-webfont.woff2?v=4.3.0 [运行时间：0.036840s][吞吐率：27.14req/s] [内存消耗：1,512.19kb] [文件加载：38]
[ info ] [ LANG ] /Volumes/HighSierraFile/HighSierraFile/www/new/tp2/thinkphp/lang/zh-cn.php
[ info ] [ ROUTE ] array (
  'type' => 'module',
  'module' => 
  array (
    0 => 'static',
    1 => 'admin',
    2 => 'fonts',
  ),
)
[ info ] [ HEADER ] array (
  'host' => 'tp2.com',
  'connection' => 'keep-alive',
  'origin' => 'http://tp2.com',
  'user-agent' => 'Mozilla/5.0 (Macintosh; Intel Mac OS X 10_13_4) AppleWebKit/537.36 (KHTML, like Gecko) Chrome/65.0.3325.181 Safari/537.36',
  'accept' => '*/*',
  'referer' => 'http://tp2.com/public/static/admin/style/font-awesome.css',
  'accept-encoding' => 'gzip, deflate',
  'accept-language' => 'zh-CN,zh;q=0.9',
  'cookie' => 'PHPSESSID=2e00d4ea507b93ea82dab0d6377deee7',
)
[ info ] [ PARAM ] array (
  'v' => '4.3.0',
)
[ info ] [ LOG ] INIT File
---------------------------------------------------------------
[ 2018-04-17T20:05:17+08:00 ] 0.0.0.0 GET /public/admin/admin/add.html
[ info ] tp2.com/public/admin/admin/add.html [运行时间：0.031772s][吞吐率：31.47req/s] [内存消耗：1,936.01kb] [文件加载：47]
[ info ] [ LANG ] /Volumes/HighSierraFile/HighSierraFile/www/new/tp2/thinkphp/lang/zh-cn.php
[ info ] [ ROUTE ] array (
  'type' => 'module',
  'module' => 
  array (
    0 => 'admin',
    1 => 'admin',
    2 => 'add',
  ),
)
[ info ] [ HEADER ] array (
  'host' => 'tp2.com',
  'connection' => 'keep-alive',
  'cache-control' => 'max-age=0',
  'upgrade-insecure-requests' => '1',
  'user-agent' => 'Mozilla/5.0 (Macintosh; Intel Mac OS X 10_13_4) AppleWebKit/537.36 (KHTML, like Gecko) Chrome/65.0.3325.181 Safari/537.36',
  'accept' => 'text/html,application/xhtml+xml,application/xml;q=0.9,image/webp,image/apng,*/*;q=0.8',
  'referer' => 'http://tp2.com/public/admin/admin/lst.html?page=4',
  'accept-encoding' => 'gzip, deflate',
  'accept-language' => 'zh-CN,zh;q=0.9',
  'cookie' => 'PHPSESSID=2e00d4ea507b93ea82dab0d6377deee7',
)
[ info ] [ PARAM ] array (
)
[ info ] [ SESSION ] INIT array (
  'id' => '',
  'var_session_id' => '',
  'prefix' => 'think',
  'type' => '',
  'auto_start' => true,
)
[ info ] [ RUN ] app\admin\controller\Admin->add[ /Volumes/HighSierraFile/HighSierraFile/www/new/tp2/application/admin/controller/Admin.php ]
[ info ] [ VIEW ] /Volumes/HighSierraFile/HighSierraFile/www/new/tp2/public/../application/admin/view/admin/add.htm [ array (
) ]
[ info ] [ LOG ] INIT File
---------------------------------------------------------------
[ 2018-04-17T20:05:17+08:00 ] 0.0.0.0 GET /public/static/admin/fonts/fontawesome-webfont.woff2?v=4.3.0
[ info ] tp2.com/public/static/admin/fonts/fontawesome-webfont.woff2?v=4.3.0 [运行时间：0.082687s][吞吐率：12.09req/s] [内存消耗：1,512.19kb] [文件加载：38]
[ info ] [ LANG ] /Volumes/HighSierraFile/HighSierraFile/www/new/tp2/thinkphp/lang/zh-cn.php
[ info ] [ ROUTE ] array (
  'type' => 'module',
  'module' => 
  array (
    0 => 'static',
    1 => 'admin',
    2 => 'fonts',
  ),
)
[ info ] [ HEADER ] array (
  'host' => 'tp2.com',
  'connection' => 'keep-alive',
  'origin' => 'http://tp2.com',
  'user-agent' => 'Mozilla/5.0 (Macintosh; Intel Mac OS X 10_13_4) AppleWebKit/537.36 (KHTML, like Gecko) Chrome/65.0.3325.181 Safari/537.36',
  'accept' => '*/*',
  'referer' => 'http://tp2.com/public/static/admin/style/font-awesome.css',
  'accept-encoding' => 'gzip, deflate',
  'accept-language' => 'zh-CN,zh;q=0.9',
  'cookie' => 'PHPSESSID=2e00d4ea507b93ea82dab0d6377deee7',
)
[ info ] [ PARAM ] array (
  'v' => '4.3.0',
)
[ info ] [ LOG ] INIT File
---------------------------------------------------------------
[ 2018-04-17T20:05:20+08:00 ] 0.0.0.0 POST /public/admin/admin/add.html
[ info ] tp2.com/public/admin/admin/add.html [运行时间：0.047743s][吞吐率：20.95req/s] [内存消耗：2,977.15kb] [文件加载：55]
[ info ] [ LANG ] /Volumes/HighSierraFile/HighSierraFile/www/new/tp2/thinkphp/lang/zh-cn.php
[ info ] [ ROUTE ] array (
  'type' => 'module',
  'module' => 
  array (
    0 => 'admin',
    1 => 'admin',
    2 => 'add',
  ),
)
[ info ] [ HEADER ] array (
  'host' => 'tp2.com',
  'connection' => 'keep-alive',
  'content-length' => '27',
  'cache-control' => 'max-age=0',
  'origin' => 'http://tp2.com',
  'upgrade-insecure-requests' => '1',
  'content-type' => 'application/x-www-form-urlencoded',
  'user-agent' => 'Mozilla/5.0 (Macintosh; Intel Mac OS X 10_13_4) AppleWebKit/537.36 (KHTML, like Gecko) Chrome/65.0.3325.181 Safari/537.36',
  'accept' => 'text/html,application/xhtml+xml,application/xml;q=0.9,image/webp,image/apng,*/*;q=0.8',
  'referer' => 'http://tp2.com/public/admin/admin/add.html',
  'accept-encoding' => 'gzip, deflate',
  'accept-language' => 'zh-CN,zh;q=0.9',
  'cookie' => 'PHPSESSID=2e00d4ea507b93ea82dab0d6377deee7',
)
[ info ] [ PARAM ] array (
  'name' => '123123',
  'password' => '123123',
)
[ info ] [ SESSION ] INIT array (
  'id' => '',
  'var_session_id' => '',
  'prefix' => 'think',
  'type' => '',
  'auto_start' => true,
)
[ info ] [ RUN ] app\admin\controller\Admin->add[ /Volumes/HighSierraFile/HighSierraFile/www/new/tp2/application/admin/controller/Admin.php ]
[ info ] [ DB ] INIT mysql
[ info ] [ VIEW ] /Volumes/HighSierraFile/HighSierraFile/www/new/tp2/thinkphp/tpl/dispatch_jump.tpl [ array (
  0 => 'code',
  1 => 'msg',
  2 => 'data',
  3 => 'url',
  4 => 'wait',
) ]
[ info ] [ LOG ] INIT File
---------------------------------------------------------------
[ 2018-04-17T20:05:21+08:00 ] 0.0.0.0 GET /public/admin/admin/add.html
[ info ] tp2.com/public/admin/admin/add.html [运行时间：0.028788s][吞吐率：34.74req/s] [内存消耗：1,935.93kb] [文件加载：47]
[ info ] [ LANG ] /Volumes/HighSierraFile/HighSierraFile/www/new/tp2/thinkphp/lang/zh-cn.php
[ info ] [ ROUTE ] array (
  'type' => 'module',
  'module' => 
  array (
    0 => 'admin',
    1 => 'admin',
    2 => 'add',
  ),
)
[ info ] [ HEADER ] array (
  'host' => 'tp2.com',
  'connection' => 'keep-alive',
  'upgrade-insecure-requests' => '1',
  'user-agent' => 'Mozilla/5.0 (Macintosh; Intel Mac OS X 10_13_4) AppleWebKit/537.36 (KHTML, like Gecko) Chrome/65.0.3325.181 Safari/537.36',
  'accept' => 'text/html,application/xhtml+xml,application/xml;q=0.9,image/webp,image/apng,*/*;q=0.8',
  'referer' => 'http://tp2.com/public/admin/admin/lst.html?page=4',
  'accept-encoding' => 'gzip, deflate',
  'accept-language' => 'zh-CN,zh;q=0.9',
  'cookie' => 'PHPSESSID=2e00d4ea507b93ea82dab0d6377deee7',
)
[ info ] [ PARAM ] array (
)
[ info ] [ SESSION ] INIT array (
  'id' => '',
  'var_session_id' => '',
  'prefix' => 'think',
  'type' => '',
  'auto_start' => true,
)
[ info ] [ RUN ] app\admin\controller\Admin->add[ /Volumes/HighSierraFile/HighSierraFile/www/new/tp2/application/admin/controller/Admin.php ]
[ info ] [ VIEW ] /Volumes/HighSierraFile/HighSierraFile/www/new/tp2/public/../application/admin/view/admin/add.htm [ array (
) ]
[ info ] [ LOG ] INIT File
---------------------------------------------------------------
[ 2018-04-17T20:05:21+08:00 ] 0.0.0.0 GET /public/static/admin/fonts/fontawesome-webfont.woff2?v=4.3.0
[ info ] tp2.com/public/static/admin/fonts/fontawesome-webfont.woff2?v=4.3.0 [运行时间：0.032842s][吞吐率：30.45req/s] [内存消耗：1,512.19kb] [文件加载：38]
[ info ] [ LANG ] /Volumes/HighSierraFile/HighSierraFile/www/new/tp2/thinkphp/lang/zh-cn.php
[ info ] [ ROUTE ] array (
  'type' => 'module',
  'module' => 
  array (
    0 => 'static',
    1 => 'admin',
    2 => 'fonts',
  ),
)
[ info ] [ HEADER ] array (
  'host' => 'tp2.com',
  'connection' => 'keep-alive',
  'origin' => 'http://tp2.com',
  'user-agent' => 'Mozilla/5.0 (Macintosh; Intel Mac OS X 10_13_4) AppleWebKit/537.36 (KHTML, like Gecko) Chrome/65.0.3325.181 Safari/537.36',
  'accept' => '*/*',
  'referer' => 'http://tp2.com/public/static/admin/style/font-awesome.css',
  'accept-encoding' => 'gzip, deflate',
  'accept-language' => 'zh-CN,zh;q=0.9',
  'cookie' => 'PHPSESSID=2e00d4ea507b93ea82dab0d6377deee7',
)
[ info ] [ PARAM ] array (
  'v' => '4.3.0',
)
[ info ] [ LOG ] INIT File
